[QUERY] Sending query: query "Like a Rolling Stone" 10.0.36.43 5006
Chord DHT CLI - Type 'help' for commands.
chord> Response: {
  "status": "success",
  "value": [
    "A",
    " 583"
  ]
}
chord> Exiting Chord CLI.
[QUERY] Sending query: query "Respect" 10.0.36.43 5006
Chord DHT CLI - Type 'help' for commands.
chord> Response: {
  "status": "success",
  "value": [
    "E",
    " 553"
  ]
}
chord> Exiting Chord CLI.
[QUERY] Sending query: query "Like a Rolling Stone" 10.0.36.43 5006
Chord DHT CLI - Type 'help' for commands.
chord> Response: {
  "status": "success",
  "value": [
    "A",
    " 583"
  ]
}
chord> Exiting Chord CLI.
[QUERY] Sending query: query "Hey Jude" 10.0.36.43 5006
Chord DHT CLI - Type 'help' for commands.
chord> Response: {
  "status": "success",
  "value": [
    "H",
    " 524"
  ]
}
chord> Exiting Chord CLI.
[QUERY] Sending query: query "What's Going On" 10.0.36.43 5006
Chord DHT CLI - Type 'help' for commands.
chord> Response: {
  "status": "success",
  "value": [
    "D",
    " 510",
    " 590"
  ]
}
chord> Exiting Chord CLI.
[QUERY] Sending query: query "What's Going On" 10.0.36.43 5006
Chord DHT CLI - Type 'help' for commands.
chord> Response: {
  "status": "success",
  "value": [
    "D",
    " 510",
    " 590"
  ]
}
chord> Exiting Chord CLI.
[INSERT] Executing command: insert "Respect" 10.0.36.43 5006 " 516"
Chord DHT CLI - Type 'help' for commands.
chord> Response: {
  "status": "success",
  "node": 594503878842345689106620227059135264641894666375,
  "message": "Key stored (primary) \u2013 replication in progress"
}
chord> Exiting Chord CLI.
[QUERY] Sending query: query "Hey Jude" 10.0.36.43 5006
Chord DHT CLI - Type 'help' for commands.
chord> Response: {
  "status": "success",
  "value": [
    "H",
    " 524",
    " 561",
    " 523"
  ]
}
chord> Exiting Chord CLI.
[INSERT] Executing command: insert "Hey Jude" 10.0.36.43 5006 " 513"
Chord DHT CLI - Type 'help' for commands.
chord> Response: {
  "status": "success",
  "node": 1247804169467685645483778208575616102014578470961,
  "message": "Key stored (primary) \u2013 replication in progress"
}
chord> Exiting Chord CLI.
[INSERT] Executing command: insert "Like a Rolling Stone" 10.0.36.43 5006 " 575"
Chord DHT CLI - Type 'help' for commands.
chord> Response: {
  "status": "success",
  "node": 7875819371350328689965791664143894393178181712,
  "message": "Key stored (primary) \u2013 replication in progress"
}
chord> Exiting Chord CLI.
[QUERY] Sending query: query "Hey Jude" 10.0.36.43 5006
Chord DHT CLI - Type 'help' for commands.
chord> Response: {
  "status": "success",
  "value": [
    "H",
    " 524",
    " 561",
    " 523",
    " 542",
    " 539",
    " 513",
    " 558",
    " 570"
  ]
}
chord> Exiting Chord CLI.
[INSERT] Executing command: insert "Hey Jude" 10.0.36.43 5006 " 525"
Chord DHT CLI - Type 'help' for commands.
chord> Response: {
  "status": "success",
  "node": 1247804169467685645483778208575616102014578470961,
  "message": "Key stored (primary) \u2013 replication in progress"
}
chord> Exiting Chord CLI.
[QUERY] Sending query: query "Respect" 10.0.36.43 5006
Chord DHT CLI - Type 'help' for commands.
chord> Response: {
  "status": "success",
  "value": [
    "E",
    " 553",
    " 528",
    " 516",
    " 522",
    " 554"
  ]
}
chord> Exiting Chord CLI.
[QUERY] Sending query: query "Like a Rolling Stone" 10.0.36.43 5006
Chord DHT CLI - Type 'help' for commands.
chord> Response: {
  "status": "success",
  "value": [
    "A",
    " 583",
    " 575",
    " 585",
    " 536",
    " 582",
    " 504",
    " 520"
  ]
}
chord> Exiting Chord CLI.
[QUERY] Sending query: query "Hey Jude" 10.0.36.43 5006
Chord DHT CLI - Type 'help' for commands.
chord> Response: {
  "status": "success",
  "value": [
    "H",
    " 524",
    " 561",
    " 523",
    " 542",
    " 539",
    " 513",
    " 558",
    " 570",
    " 525"
  ]
}
chord> Exiting Chord CLI.
[INSERT] Executing command: insert "Respect" 10.0.36.43 5006 " 503"
Chord DHT CLI - Type 'help' for commands.
chord> Response: {
  "status": "success",
  "node": 594503878842345689106620227059135264641894666375,
  "message": "Key stored (primary) \u2013 replication in progress"
}
chord> Exiting Chord CLI.
[QUERY] Sending query: query "What's Going On" 10.0.36.43 5006
Chord DHT CLI - Type 'help' for commands.
chord> Response: {
  "status": "success",
  "value": [
    "D",
    " 510",
    " 590",
    " 521",
    " 531"
  ]
}
chord> Exiting Chord CLI.
[QUERY] Sending query: query "Like a Rolling Stone" 10.0.36.43 5006
Chord DHT CLI - Type 'help' for commands.
chord> Response: {
  "status": "success",
  "value": [
    "A",
    " 583",
    " 575",
    " 585",
    " 536",
    " 582",
    " 504",
    " 520",
    " 599",
    " 551"
  ]
}
chord> Exiting Chord CLI.
[QUERY] Sending query: query "What's Going On" 10.0.36.43 5006
Chord DHT CLI - Type 'help' for commands.
chord> Response: {
  "status": "success",
  "value": [
    "D",
    " 510",
    " 590",
    " 521",
    " 531",
    " 517"
  ]
}
chord> Exiting Chord CLI.
[QUERY] Sending query: query "Respect" 10.0.36.43 5006
Chord DHT CLI - Type 'help' for commands.
chord> Response: {
  "status": "success",
  "value": [
    "E",
    " 553",
    " 528",
    " 516",
    " 522",
    " 554",
    " 550",
    " 584",
    " 503",
    " 512",
    " 589"
  ]
}
chord> Exiting Chord CLI.
[QUERY] Sending query: query "What's Going On" 10.0.36.43 5006
Chord DHT CLI - Type 'help' for commands.
chord> Response: {
  "status": "success",
  "value": [
    "D",
    " 510",
    " 590",
    " 521",
    " 531",
    " 517",
    " 515"
  ]
}
chord> Exiting Chord CLI.
[INSERT] Executing command: insert "Hey Jude" 10.0.36.43 5006 " 597"
Chord DHT CLI - Type 'help' for commands.
chord> Response: {
  "status": "success",
  "node": 1247804169467685645483778208575616102014578470961,
  "message": "Key stored (primary) \u2013 replication in progress"
}
chord> Exiting Chord CLI.
[QUERY] Sending query: query "Like a Rolling Stone" 10.0.36.43 5006
Chord DHT CLI - Type 'help' for commands.
chord> Response: {
  "status": "success",
  "value": [
    "A",
    " 583",
    " 575",
    " 585",
    " 536",
    " 582",
    " 504",
    " 520",
    " 599",
    " 551",
    " 514"
  ]
}
chord> Exiting Chord CLI.
[QUERY] Sending query: query "What's Going On" 10.0.36.43 5006
Chord DHT CLI - Type 'help' for commands.
chord> Response: {
  "status": "success",
  "value": [
    "D",
    " 510",
    " 590",
    " 521",
    " 531",
    " 517",
    " 515"
  ]
}
chord> Exiting Chord CLI.
[QUERY] Sending query: query "Hey Jude" 10.0.36.43 5006
Chord DHT CLI - Type 'help' for commands.
chord> Response: {
  "status": "success",
  "value": [
    "H",
    " 524",
    " 561",
    " 523",
    " 542",
    " 539",
    " 513",
    " 558",
    " 570",
    " 525",
    " 572",
    " 526",
    " 588",
    " 505",
    " 576",
    " 597",
    " 555",
    " 556"
  ]
}
chord> Exiting Chord CLI.
[INSERT] Executing command: insert "Respect" 10.0.36.43 5006 " 560"
Chord DHT CLI - Type 'help' for commands.
chord> Response: {
  "status": "success",
  "node": 594503878842345689106620227059135264641894666375,
  "message": "Key stored (primary) \u2013 replication in progress"
}
chord> Exiting Chord CLI.
[INSERT] Executing command: insert "Like a Rolling Stone" 10.0.36.43 5006 " 600"
Chord DHT CLI - Type 'help' for commands.
chord> Response: {
  "status": "success",
  "node": 7875819371350328689965791664143894393178181712,
  "message": "Key stored (primary) \u2013 replication in progress"
}
chord> Exiting Chord CLI.
[INSERT] Executing command: insert "Hey Jude" 10.0.36.43 5006 " 534"
Chord DHT CLI - Type 'help' for commands.
chord> Response: {
  "status": "success",
  "node": 1247804169467685645483778208575616102014578470961,
  "message": "Key stored (primary) \u2013 replication in progress"
}
chord> Exiting Chord CLI.
[QUERY] Sending query: query "Hey Jude" 10.0.36.43 5006
Chord DHT CLI - Type 'help' for commands.
chord> Response: {
  "status": "success",
  "value": [
    "H",
    " 524",
    " 561",
    " 523",
    " 542",
    " 539",
    " 513",
    " 558",
    " 570",
    " 525",
    " 572",
    " 526",
    " 588",
    " 505",
    " 576",
    " 597",
    " 555",
    " 556",
    " 540",
    " 511",
    " 586",
    " 552",
    " 596",
    " 579",
    " 534",
    " 568",
    " 580"
  ]
}
chord> Exiting Chord CLI.
[INSERT] Executing command: insert "Hey Jude" 10.0.36.43 5006 " 530"
Chord DHT CLI - Type 'help' for commands.
chord> Response: {
  "status": "success",
  "node": 1247804169467685645483778208575616102014578470961,
  "message": "Key stored (primary) \u2013 replication in progress"
}
chord> Exiting Chord CLI.
[QUERY] Sending query: query "Respect" 10.0.36.43 5006
Chord DHT CLI - Type 'help' for commands.
chord> Response: {
  "status": "success",
  "value": [
    "E",
    " 553",
    " 528",
    " 516",
    " 522",
    " 554",
    " 550",
    " 584",
    " 503",
    " 512",
    " 589",
    " 541",
    " 587",
    " 560",
    " 548"
  ]
}
chord> Exiting Chord CLI.
[QUERY] Sending query: query "Like a Rolling Stone" 10.0.36.43 5006
Chord DHT CLI - Type 'help' for commands.
chord> Response: {
  "status": "success",
  "value": [
    "A",
    " 583",
    " 575",
    " 585",
    " 536",
    " 582",
    " 504",
    " 520",
    " 599",
    " 551",
    " 514",
    " 578",
    " 571",
    " 600",
    " 509",
    " 527"
  ]
}
chord> Exiting Chord CLI.
[INSERT] Executing command: insert "Hey Jude" 10.0.36.43 5006 " 507"
Chord DHT CLI - Type 'help' for commands.
chord> Response: {
  "status": "success",
  "node": 1247804169467685645483778208575616102014578470961,
  "message": "Key stored (primary) \u2013 replication in progress"
}
chord> Exiting Chord CLI.
[QUERY] Sending query: query "Like a Rolling Stone" 10.0.36.43 5006
Chord DHT CLI - Type 'help' for commands.
chord> Response: {
  "status": "success",
  "value": [
    "A",
    " 583",
    " 575",
    " 585",
    " 536",
    " 582",
    " 504",
    " 520",
    " 599",
    " 551",
    " 514",
    " 578",
    " 571",
    " 600",
    " 509",
    " 527"
  ]
}
chord> Exiting Chord CLI.
[QUERY] Sending query: query "What's Going On" 10.0.36.43 5006
Chord DHT CLI - Type 'help' for commands.
chord> Response: {
  "status": "success",
  "value": [
    "D",
    " 510",
    " 590",
    " 521",
    " 531",
    " 517",
    " 515",
    " 569",
    " 533"
  ]
}
chord> Exiting Chord CLI.
[QUERY] Sending query: query "Like a Rolling Stone" 10.0.36.43 5006
Chord DHT CLI - Type 'help' for commands.
chord> Response: {
  "status": "success",
  "value": [
    "A",
    " 583",
    " 575",
    " 585",
    " 536",
    " 582",
    " 504",
    " 520",
    " 599",
    " 551",
    " 514",
    " 578",
    " 571",
    " 600",
    " 509",
    " 527",
    " 577"
  ]
}
chord> Exiting Chord CLI.
[QUERY] Sending query: query "Respect" 10.0.36.43 5006
Chord DHT CLI - Type 'help' for commands.
chord> Response: {
  "status": "success",
  "value": [
    "E",
    " 553",
    " 528",
    " 516",
    " 522",
    " 554",
    " 550",
    " 584",
    " 503",
    " 512",
    " 589",
    " 541",
    " 587",
    " 560",
    " 548",
    " 559"
  ]
}
chord> Exiting Chord CLI.
[QUERY] Sending query: query "Hey Jude" 10.0.36.43 5006
Chord DHT CLI - Type 'help' for commands.
chord> Response: {
  "status": "success",
  "value": [
    "H",
    " 524",
    " 561",
    " 523",
    " 542",
    " 539",
    " 513",
    " 558",
    " 570",
    " 525",
    " 572",
    " 526",
    " 588",
    " 505",
    " 576",
    " 597",
    " 555",
    " 556",
    " 540",
    " 511",
    " 586",
    " 552",
    " 596",
    " 579",
    " 534",
    " 568",
    " 580",
    " 530",
    " 557",
    " 549",
    " 518",
    " 501",
    " 507",
    " 594",
    " 565"
  ]
}
chord> Exiting Chord CLI.
[QUERY] Sending query: query "Like a Rolling Stone" 10.0.36.43 5006
Chord DHT CLI - Type 'help' for commands.
chord> Response: {
  "status": "success",
  "value": [
    "A",
    " 583",
    " 575",
    " 585",
    " 536",
    " 582",
    " 504",
    " 520",
    " 599",
    " 551",
    " 514",
    " 578",
    " 571",
    " 600",
    " 509",
    " 527",
    " 577",
    " 593"
  ]
}
chord> Exiting Chord CLI.
[QUERY] Sending query: query "Like a Rolling Stone" 10.0.36.43 5006
Chord DHT CLI - Type 'help' for commands.
chord> Response: {
  "status": "success",
  "value": [
    "A",
    " 583",
    " 575",
    " 585",
    " 536",
    " 582",
    " 504",
    " 520",
    " 599",
    " 551",
    " 514",
    " 578",
    " 571",
    " 600",
    " 509",
    " 527",
    " 577",
    " 593"
  ]
}
chord> Exiting Chord CLI.
[QUERY] Sending query: query "What's Going On" 10.0.36.43 5006
Chord DHT CLI - Type 'help' for commands.
chord> Response: {
  "status": "success",
  "value": [
    "D",
    " 510",
    " 590",
    " 521",
    " 531",
    " 517",
    " 515",
    " 569",
    " 533",
    " 562",
    " 563",
    " 537",
    " 546",
    " 574"
  ]
}
chord> Exiting Chord CLI.
[INSERT] Executing command: insert "Hey Jude" 10.0.36.43 5006 " 544"
Chord DHT CLI - Type 'help' for commands.
chord> Response: {
  "status": "success",
  "node": 1247804169467685645483778208575616102014578470961,
  "message": "Key stored (primary) \u2013 replication in progress"
}
chord> Exiting Chord CLI.
[QUERY] Sending query: query "Hey Jude" 10.0.36.43 5006
Chord DHT CLI - Type 'help' for commands.
chord> Response: {
  "status": "success",
  "value": [
    "H",
    " 524",
    " 561",
    " 523",
    " 542",
    " 539",
    " 513",
    " 558",
    " 570",
    " 525",
    " 572",
    " 526",
    " 588",
    " 505",
    " 576",
    " 597",
    " 555",
    " 556",
    " 540",
    " 511",
    " 586",
    " 552",
    " 596",
    " 579",
    " 534",
    " 568",
    " 580",
    " 530",
    " 557",
    " 549",
    " 518",
    " 501",
    " 507",
    " 594",
    " 565",
    " 573",
    " 581",
    " 544",
    " 506",
    " 532"
  ]
}
chord> Exiting Chord CLI.
[QUERY] Sending query: query "Hey Jude" 10.0.36.43 5006
Chord DHT CLI - Type 'help' for commands.
chord> Response: {
  "status": "success",
  "value": [
    "H",
    " 524",
    " 561",
    " 523",
    " 542",
    " 539",
    " 513",
    " 558",
    " 570",
    " 525",
    " 572",
    " 526",
    " 588",
    " 505",
    " 576",
    " 597",
    " 555",
    " 556",
    " 540",
    " 511",
    " 586",
    " 552",
    " 596",
    " 579",
    " 534",
    " 568",
    " 580",
    " 530",
    " 557",
    " 549",
    " 518",
    " 501",
    " 507",
    " 594",
    " 565",
    " 573",
    " 581",
    " 544",
    " 506",
    " 532"
  ]
}
chord> Exiting Chord CLI.
[INSERT] Executing command: insert "Hey Jude" 10.0.36.43 5006 " 598"
Chord DHT CLI - Type 'help' for commands.
chord> Response: {
  "status": "success",
  "node": 1247804169467685645483778208575616102014578470961,
  "message": "Key stored (primary) \u2013 replication in progress"
}
chord> Exiting Chord CLI.
[QUERY] Sending query: query "Hey Jude" 10.0.36.43 5006
Chord DHT CLI - Type 'help' for commands.
chord> Response: {
  "status": "success",
  "value": [
    "H",
    " 524",
    " 561",
    " 523",
    " 542",
    " 539",
    " 513",
    " 558",
    " 570",
    " 525",
    " 572",
    " 526",
    " 588",
    " 505",
    " 576",
    " 597",
    " 555",
    " 556",
    " 540",
    " 511",
    " 586",
    " 552",
    " 596",
    " 579",
    " 534",
    " 568",
    " 580",
    " 530",
    " 557",
    " 549",
    " 518",
    " 501",
    " 507",
    " 594",
    " 565",
    " 573",
    " 581",
    " 544",
    " 506",
    " 532",
    " 519",
    " 598"
  ]
}
chord> Exiting Chord CLI.
[INSERT] Executing command: insert "Respect" 10.0.36.43 5006 " 567"
Chord DHT CLI - Type 'help' for commands.
chord> Response: {
  "status": "success",
  "node": 594503878842345689106620227059135264641894666375,
  "message": "Key stored (primary) \u2013 replication in progress"
}
chord> Exiting Chord CLI.
[QUERY] Sending query: query "Hey Jude" 10.0.36.43 5006
Chord DHT CLI - Type 'help' for commands.
chord> Response: {
  "status": "success",
  "value": [
    "H",
    " 524",
    " 561",
    " 523",
    " 542",
    " 539",
    " 513",
    " 558",
    " 570",
    " 525",
    " 572",
    " 526",
    " 588",
    " 505",
    " 576",
    " 597",
    " 555",
    " 556",
    " 540",
    " 511",
    " 586",
    " 552",
    " 596",
    " 579",
    " 534",
    " 568",
    " 580",
    " 530",
    " 557",
    " 549",
    " 518",
    " 501",
    " 507",
    " 594",
    " 565",
    " 573",
    " 581",
    " 544",
    " 506",
    " 532",
    " 519",
    " 598",
    " 543"
  ]
}
chord> Exiting Chord CLI.
[QUERY] Sending query: query "Like a Rolling Stone" 10.0.36.43 5006
Chord DHT CLI - Type 'help' for commands.
chord> Response: {
  "status": "success",
  "value": [
    "A",
    " 583",
    " 575",
    " 585",
    " 536",
    " 582",
    " 504",
    " 520",
    " 599",
    " 551",
    " 514",
    " 578",
    " 571",
    " 600",
    " 509",
    " 527",
    " 577",
    " 593",
    " 545"
  ]
}
chord> Exiting Chord CLI.
[QUERY] Sending query: query "Hey Jude" 10.0.36.43 5006
Chord DHT CLI - Type 'help' for commands.
chord> Response: {
  "status": "success",
  "value": [
    "H",
    " 524",
    " 561",
    " 523",
    " 542",
    " 539",
    " 513",
    " 558",
    " 570",
    " 525",
    " 572",
    " 526",
    " 588",
    " 505",
    " 576",
    " 597",
    " 555",
    " 556",
    " 540",
    " 511",
    " 586",
    " 552",
    " 596",
    " 579",
    " 534",
    " 568",
    " 580",
    " 530",
    " 557",
    " 549",
    " 518",
    " 501",
    " 507",
    " 594",
    " 565",
    " 573",
    " 581",
    " 544",
    " 506",
    " 532",
    " 519",
    " 598",
    " 543",
    " 535"
  ]
}
chord> Exiting Chord CLI.
