Chord DHT CLI - Type 'help' for commands.
chord> Response: {
  "status": "error",
  "message": "[Errno 111] Connection refused"
}
chord> Exiting Chord CLI.
Chord DHT CLI - Type 'help' for commands.
chord> Response: {
  "status": "error",
  "message": "[Errno 111] Connection refused"
}
chord> Exiting Chord CLI.
Chord DHT CLI - Type 'help' for commands.
chord> Response: {
  "status": "error",
  "message": "[Errno 111] Connection refused"
}
chord> Exiting Chord CLI.
Chord DHT CLI - Type 'help' for commands.
chord> [ERROR] Invalid command format: No closing quotation
chord> Exiting Chord CLI.
Chord DHT CLI - Type 'help' for commands.
chord> Response: {
  "status": "error",
  "message": "[Errno 111] Connection refused"
}
chord> Exiting Chord CLI.
Chord DHT CLI - Type 'help' for commands.
chord> Response: {
  "status": "error",
  "message": "[Errno 111] Connection refused"
}
chord> Exiting Chord CLI.
Chord DHT CLI - Type 'help' for commands.
chord> Response: {
  "status": "error",
  "message": "[Errno 111] Connection refused"
}
chord> Exiting Chord CLI.
Chord DHT CLI - Type 'help' for commands.
chord> Response: {
  "status": "error",
  "message": "[Errno 111] Connection refused"
}
chord> Exiting Chord CLI.
Chord DHT CLI - Type 'help' for commands.
chord> Response: {
  "status": "error",
  "message": "[Errno 111] Connection refused"
}
chord> Exiting Chord CLI.
Chord DHT CLI - Type 'help' for commands.
chord> [ERROR] Invalid command format: No closing quotation
chord> Exiting Chord CLI.
Chord DHT CLI - Type 'help' for commands.
chord> Response: {
  "status": "error",
  "message": "[Errno 111] Connection refused"
}
chord> Exiting Chord CLI.
Chord DHT CLI - Type 'help' for commands.
chord> Response: {
  "status": "error",
  "message": "[Errno 111] Connection refused"
}
chord> Exiting Chord CLI.
Chord DHT CLI - Type 'help' for commands.
chord> Response: {
  "status": "error",
  "message": "[Errno 111] Connection refused"
}
chord> Exiting Chord CLI.
Chord DHT CLI - Type 'help' for commands.
chord> [ERROR] Invalid command format: No closing quotation
chord> Exiting Chord CLI.
Chord DHT CLI - Type 'help' for commands.
chord> Response: {
  "status": "error",
  "message": "[Errno 111] Connection refused"
}
chord> Exiting Chord CLI.
Chord DHT CLI - Type 'help' for commands.
chord> Response: {
  "status": "error",
  "message": "[Errno 111] Connection refused"
}
chord> Exiting Chord CLI.
Chord DHT CLI - Type 'help' for commands.
chord> Response: {
  "status": "error",
  "message": "[Errno 111] Connection refused"
}
chord> Exiting Chord CLI.
Chord DHT CLI - Type 'help' for commands.
chord> Response: {
  "status": "error",
  "message": "[Errno 111] Connection refused"
}
chord> Exiting Chord CLI.
Chord DHT CLI - Type 'help' for commands.
chord> Response: {
  "status": "error",
  "message": "[Errno 111] Connection refused"
}
chord> Exiting Chord CLI.
Chord DHT CLI - Type 'help' for commands.
chord> Response: {
  "status": "error",
  "message": "[Errno 111] Connection refused"
}
chord> Exiting Chord CLI.
Chord DHT CLI - Type 'help' for commands.
chord> Response: {
  "status": "error",
  "message": "[Errno 111] Connection refused"
}
chord> Exiting Chord CLI.
Fatal Python error: init_import_site: Failed to import the site module
Python runtime state: initialized
Traceback (most recent call last):
  File "<frozen importlib._bootstrap>", line 1360, in _find_and_load
  File "<frozen importlib._bootstrap>", line 1331, in _find_and_load_unlocked
  File "<frozen importlib._bootstrap>", line 935, in _load_unlocked
  File "<frozen importlib._bootstrap>", line 1176, in exec_module
  File "<frozen site>", line 81, in <module>
  File "<frozen importlib._bootstrap>", line 1360, in _find_and_load
  File "<frozen importlib._bootstrap>", line 1331, in _find_and_load_unlocked
  File "<frozen importlib._bootstrap>", line 935, in _load_unlocked
  File "<frozen importlib._bootstrap>", line 1176, in exec_module
  File "<frozen _sitebuiltins>", line 29, in <module>
KeyboardInterrupt
Chord DHT CLI - Type 'help' for commands.
chord> Response: {
  "status": "error",
  "message": "[Errno 111] Connection refused"
}
chord> Exiting Chord CLI.
Chord DHT CLI - Type 'help' for commands.
chord> Response: {
  "status": "error",
  "message": "[Errno 111] Connection refused"
}
chord> Exiting Chord CLI.
Chord DHT CLI - Type 'help' for commands.
chord> Response: {
  "status": "error",
  "message": "[Errno 111] Connection refused"
}
chord> Exiting Chord CLI.
Chord DHT CLI - Type 'help' for commands.
chord> Response: {
  "status": "error",
  "message": "[Errno 111] Connection refused"
}
chord> Exiting Chord CLI.
Chord DHT CLI - Type 'help' for commands.
chord> Response: {
  "status": "error",
  "message": "[Errno 111] Connection refused"
}
chord> Exiting Chord CLI.
Chord DHT CLI - Type 'help' for commands.
chord> Response: {
  "status": "error",
  "message": "[Errno 111] Connection refused"
}
chord> Exiting Chord CLI.
Chord DHT CLI - Type 'help' for commands.
chord> Response: {
  "status": "error",
  "message": "[Errno 111] Connection refused"
}
chord> Exiting Chord CLI.
Chord DHT CLI - Type 'help' for commands.
chord> Response: {
  "status": "error",
  "message": "[Errno 111] Connection refused"
}
chord> Exiting Chord CLI.
Chord DHT CLI - Type 'help' for commands.
chord> Response: {
  "status": "error",
  "message": "[Errno 111] Connection refused"
}
chord> Exiting Chord CLI.
Chord DHT CLI - Type 'help' for commands.
chord> Response: {
  "status": "error",
  "message": "[Errno 111] Connection refused"
}
chord> Exiting Chord CLI.
Chord DHT CLI - Type 'help' for commands.
chord> Response: {
  "status": "error",
  "message": "[Errno 111] Connection refused"
}
chord> Exiting Chord CLI.
Chord DHT CLI - Type 'help' for commands.
chord> [ERROR] Invalid command format: No closing quotation
chord> Exiting Chord CLI.
Chord DHT CLI - Type 'help' for commands.
chord> Response: {
  "status": "error",
  "message": "[Errno 111] Connection refused"
}
chord> Exiting Chord CLI.
Chord DHT CLI - Type 'help' for commands.
chord> Response: {
  "status": "error",
  "message": "[Errno 111] Connection refused"
}
chord> Exiting Chord CLI.
Chord DHT CLI - Type 'help' for commands.
chord> Response: {
  "status": "error",
  "message": "[Errno 111] Connection refused"
}
chord> Exiting Chord CLI.
Chord DHT CLI - Type 'help' for commands.
chord> Response: {
  "status": "error",
  "message": "[Errno 111] Connection refused"
}
chord> Exiting Chord CLI.
Chord DHT CLI - Type 'help' for commands.
chord> [ERROR] Invalid command format: No closing quotation
chord> Exiting Chord CLI.
Chord DHT CLI - Type 'help' for commands.
chord> Response: {
  "status": "error",
  "message": "[Errno 111] Connection refused"
}
chord> Exiting Chord CLI.
Chord DHT CLI - Type 'help' for commands.
chord> Response: {
  "status": "error",
  "message": "[Errno 111] Connection refused"
}
chord> Exiting Chord CLI.
Chord DHT CLI - Type 'help' for commands.
chord> Response: {
  "status": "error",
  "message": "[Errno 111] Connection refused"
}
chord> Exiting Chord CLI.
Chord DHT CLI - Type 'help' for commands.
chord> Response: {
  "status": "error",
  "message": "[Errno 111] Connection refused"
}
chord> Exiting Chord CLI.
Chord DHT CLI - Type 'help' for commands.
chord> Response: {
  "status": "error",
  "message": "[Errno 111] Connection refused"
}
chord> Exiting Chord CLI.
Chord DHT CLI - Type 'help' for commands.
chord> Response: {
  "status": "error",
  "message": "[Errno 111] Connection refused"
}
chord> Exiting Chord CLI.
Chord DHT CLI - Type 'help' for commands.
chord> Response: {
  "status": "error",
  "message": "[Errno 111] Connection refused"
}
chord> Exiting Chord CLI.
Chord DHT CLI - Type 'help' for commands.
chord> Response: {
  "status": "error",
  "message": "[Errno 111] Connection refused"
}
chord> Exiting Chord CLI.
Chord DHT CLI - Type 'help' for commands.
chord> Response: {
  "status": "error",
  "message": "[Errno 111] Connection refused"
}
chord> Exiting Chord CLI.
Chord DHT CLI - Type 'help' for commands.
chord> Response: {
  "status": "error",
  "message": "[Errno 111] Connection refused"
}
chord> Exiting Chord CLI.
Chord DHT CLI - Type 'help' for commands.
chord> Response: {
  "status": "error",
  "message": "[Errno 111] Connection refused"
}
chord> Exiting Chord CLI.
python3: can't open file '/home/ubuntu/distributed_systems/server/client_with_ports.py': [Errno 2] No such file or directory
python3: can't open file '/home/ubuntu/distributed_systems/server/client_with_ports.py': [Errno 2] No such file or directory
python3: can't open file '/home/ubuntu/distributed_systems/server/client_with_ports.py': [Errno 2] No such file or directory
python3: can't open file '/home/ubuntu/distributed_systems/server/client_with_ports.py': [Errno 2] No such file or directory
python3: can't open file '/home/ubuntu/distributed_systems/server/client_with_ports.py': [Errno 2] No such file or directory
python3: can't open file '/home/ubuntu/distributed_systems/server/client_with_ports.py': [Errno 2] No such file or directory
python3: can't open file '/home/ubuntu/distributed_systems/server/client_with_ports.py': [Errno 2] No such file or directory
python3: can't open file '/home/ubuntu/distributed_systems/server/client_with_ports.py': [Errno 2] No such file or directory
python3: can't open file '/home/ubuntu/distributed_systems/server/client_with_ports.py': [Errno 2] No such file or directory
python3: can't open file '/home/ubuntu/distributed_systems/server/client_with_ports.py': [Errno 2] No such file or directory
python3: can't open file '/home/ubuntu/distributed_systems/server/client_with_ports.py': [Errno 2] No such file or directory
python3: can't open file '/home/ubuntu/distributed_systems/server/client_with_ports.py': [Errno 2] No such file or directory
python3: can't open file '/home/ubuntu/distributed_systems/server/client_with_ports.py': [Errno 2] No such file or directory
python3: can't open file '/home/ubuntu/distributed_systems/server/client_with_ports.py': [Errno 2] No such file or directory
python3: can't open file '/home/ubuntu/distributed_systems/server/client_with_ports.py': [Errno 2] No such file or directory
python3: can't open file '/home/ubuntu/distributed_systems/server/client_with_ports.py': [Errno 2] No such file or directory
python3: can't open file '/home/ubuntu/distributed_systems/server/client_with_ports.py': [Errno 2] No such file or directory
python3: can't open file '/home/ubuntu/distributed_systems/server/client_with_ports.py': [Errno 2] No such file or directory
python3: can't open file '/home/ubuntu/distributed_systems/server/client_with_ports.py': [Errno 2] No such file or directory
python3: can't open file '/home/ubuntu/distributed_systems/server/client_with_ports.py': [Errno 2] No such file or directory
python3: can't open file '/home/ubuntu/distributed_systems/server/client_with_ports.py': [Errno 2] No such file or directory
python3: can't open file '/home/ubuntu/distributed_systems/server/client_with_ports.py': [Errno 2] No such file or directory
python3: can't open file '/home/ubuntu/distributed_systems/server/client_with_ports.py': [Errno 2] No such file or directory
python3: can't open file '/home/ubuntu/distributed_systems/server/client_with_ports.py': [Errno 2] No such file or directory
python3: can't open file '/home/ubuntu/distributed_systems/server/client_with_ports.py': [Errno 2] No such file or directory
python3: can't open file '/home/ubuntu/distributed_systems/server/client_with_ports.py': [Errno 2] No such file or directory
python3: can't open file '/home/ubuntu/distributed_systems/server/client_with_ports.py': [Errno 2] No such file or directory
python3: can't open file '/home/ubuntu/distributed_systems/server/client_with_ports.py': [Errno 2] No such file or directory
python3: can't open file '/home/ubuntu/distributed_systems/server/client_with_ports.py': [Errno 2] No such file or directory
python3: can't open file '/home/ubuntu/distributed_systems/server/client_with_ports.py': [Errno 2] No such file or directory
python3: can't open file '/home/ubuntu/distributed_systems/server/client_with_ports.py': [Errno 2] No such file or directory
python3: can't open file '/home/ubuntu/distributed_systems/server/client_with_ports.py': [Errno 2] No such file or directory
python3: can't open file '/home/ubuntu/distributed_systems/server/client_with_ports.py': [Errno 2] No such file or directory
python3: can't open file '/home/ubuntu/distributed_systems/server/client_with_ports.py': [Errno 2] No such file or directory
python3: can't open file '/home/ubuntu/distributed_systems/server/client_with_ports.py': [Errno 2] No such file or directory
python3: can't open file '/home/ubuntu/distributed_systems/server/client_with_ports.py': [Errno 2] No such file or directory
python3: can't open file '/home/ubuntu/distributed_systems/server/client_with_ports.py': [Errno 2] No such file or directory
python3: can't open file '/home/ubuntu/distributed_systems/server/client_with_ports.py': [Errno 2] No such file or directory
python3: can't open file '/home/ubuntu/distributed_systems/server/client_with_ports.py': [Errno 2] No such file or directory
python3: can't open file '/home/ubuntu/distributed_systems/server/client_with_ports.py': [Errno 2] No such file or directory
python3: can't open file '/home/ubuntu/distributed_systems/server/client_with_ports.py': [Errno 2] No such file or directory
python3: can't open file '/home/ubuntu/distributed_systems/server/client_with_ports.py': [Errno 2] No such file or directory
python3: can't open file '/home/ubuntu/distributed_systems/server/client_with_ports.py': [Errno 2] No such file or directory
Fatal Python error: init_import_site: Failed to import the site module
Python runtime state: initialized
Traceback (most recent call last):
  File "<frozen importlib._bootstrap>", line 1360, in _find_and_load
  File "<frozen importlib._bootstrap>", line 1331, in _find_and_load_unlocked
  File "<frozen importlib._bootstrap>", line 935, in _load_unlocked
  File "<frozen importlib._bootstrap>", line 1176, in exec_module
  File "<frozen site>", line 643, in <module>
  File "<frozen site>", line 630, in main
  File "<frozen site>", line 413, in addsitepackages
  File "<frozen site>", line 242, in addsitedir
  File "<frozen site>", line 201, in addpackage
  File "<string>", line 1, in <module>
  File "<frozen importlib._bootstrap>", line 1360, in _find_and_load
  File "<frozen importlib._bootstrap>", line 1331, in _find_and_load_unlocked
  File "<frozen importlib._bootstrap>", line 935, in _load_unlocked
  File "<frozen importlib._bootstrap>", line 1176, in exec_module
  File "<frozen importlib.util>", line 16, in <module>
  File "/usr/lib/python3.12/threading.py", line 6, in <module>
    import functools
  File "/usr/lib/python3.12/functools.py", line 18, in <module>
    from collections import namedtuple
  File "<frozen importlib._bootstrap>", line 1360, in _find_and_load
  File "<frozen importlib._bootstrap>", line 1331, in _find_and_load_unlocked
  File "<frozen importlib._bootstrap>", line 935, in _load_unlocked
  File "<frozen importlib._bootstrap_external>", line 991, in exec_module
  File "<frozen importlib._bootstrap_external>", line 1124, in get_code
  File "<frozen importlib._bootstrap_external>", line 753, in _compile_bytecode
KeyboardInterrupt
python3: can't open file '/home/ubuntu/distributed_systems/server/client_with_ports.py': [Errno 2] No such file or directory
python3: can't open file '/home/ubuntu/distributed_systems/server/client_with_ports.py': [Errno 2] No such file or directory
python3: can't open file '/home/ubuntu/distributed_systems/server/client_with_ports.py': [Errno 2] No such file or directory
python3: can't open file '/home/ubuntu/distributed_systems/server/client_with_ports.py': [Errno 2] No such file or directory
python3: can't open file '/home/ubuntu/distributed_systems/server/client_with_ports.py': [Errno 2] No such file or directory
python3: can't open file '/home/ubuntu/distributed_systems/server/client_with_ports.py': [Errno 2] No such file or directory
Chord DHT CLI - Type 'help' for commands.
chord> Response: {
  "status": "success",
  "node": 811733240774842639575478033167233284720562256978,
  "message": "Key stored (primary) \u2013 replication in progress"
}
chord> Exiting Chord CLI.
Chord DHT CLI - Type 'help' for commands.
chord> Response: {
  "status": "success",
  "node": 811733240774842639575478033167233284720562256978,
  "message": "Key stored (primary) \u2013 replication in progress"
}
chord> Exiting Chord CLI.
Chord DHT CLI - Type 'help' for commands.
chord> Response: {
  "status": "success",
  "node": 594503878842345689106620227059135264641894666375,
  "message": "Key stored (primary) \u2013 replication in progress"
}
chord> Exiting Chord CLI.
Chord DHT CLI - Type 'help' for commands.
chord> Response: {
  "status": "success",
  "node": 594503878842345689106620227059135264641894666375,
  "message": "Key stored (primary) \u2013 replication in progress"
}
chord> Exiting Chord CLI.
Chord DHT CLI - Type 'help' for commands.
chord> Response: {
  "status": "success",
  "node": 594503878842345689106620227059135264641894666375,
  "message": "Key stored (primary) \u2013 replication in progress"
}
chord> Exiting Chord CLI.
Chord DHT CLI - Type 'help' for commands.
chord> Response: {
  "status": "success",
  "node": 594503878842345689106620227059135264641894666375,
  "message": "Key stored (primary) \u2013 replication in progress"
}
chord> Exiting Chord CLI.
Chord DHT CLI - Type 'help' for commands.
chord> Response: {
  "status": "success",
  "node": 594503878842345689106620227059135264641894666375,
  "message": "Key stored (primary) \u2013 replication in progress"
}
chord> Exiting Chord CLI.
Chord DHT CLI - Type 'help' for commands.
chord> Response: {
  "status": "success",
  "node": 594503878842345689106620227059135264641894666375,
  "message": "Key stored (primary) \u2013 replication in progress"
}
chord> Exiting Chord CLI.
Chord DHT CLI - Type 'help' for commands.
chord> Response: {
  "status": "success",
  "node": 7875819371350328689965791664143894393178181712,
  "message": "Key stored (primary) \u2013 replication in progress"
}
chord> Exiting Chord CLI.
Chord DHT CLI - Type 'help' for commands.
chord> Response: {
  "status": "success",
  "node": 7875819371350328689965791664143894393178181712,
  "message": "Key stored (primary) \u2013 replication in progress"
}
chord> Exiting Chord CLI.
Chord DHT CLI - Type 'help' for commands.
chord> Response: {
  "status": "success",
  "node": 969432207210325526737328719144474474846745595825,
  "message": "Key stored (primary) \u2013 replication in progress"
}
chord> Exiting Chord CLI.
Chord DHT CLI - Type 'help' for commands.
chord> Response: {
  "status": "success",
  "node": 594503878842345689106620227059135264641894666375,
  "message": "Key stored (primary) \u2013 replication in progress"
}
chord> Exiting Chord CLI.
Chord DHT CLI - Type 'help' for commands.
chord> Response: {
  "status": "success",
  "node": 1247804169467685645483778208575616102014578470961,
  "message": "Key stored (primary) \u2013 replication in progress"
}
chord> Exiting Chord CLI.
Chord DHT CLI - Type 'help' for commands.
chord> Response: {
  "status": "success",
  "node": 1247804169467685645483778208575616102014578470961,
  "message": "Key stored (primary) \u2013 replication in progress"
}
chord> Exiting Chord CLI.
Chord DHT CLI - Type 'help' for commands.
chord> Response: {
  "status": "success",
  "node": 811733240774842639575478033167233284720562256978,
  "message": "Key stored (primary) \u2013 replication in progress"
}
chord> Exiting Chord CLI.
Chord DHT CLI - Type 'help' for commands.
chord> Response: {
  "status": "success",
  "node": 7875819371350328689965791664143894393178181712,
  "message": "Key stored (primary) \u2013 replication in progress"
}
chord> Exiting Chord CLI.
Chord DHT CLI - Type 'help' for commands.
chord> Response: {
  "status": "success",
  "node": 1031557372816657147339763724538982653067682527451,
  "message": "Key stored (primary) \u2013 replication in progress"
}
chord> Exiting Chord CLI.
Chord DHT CLI - Type 'help' for commands.
chord> Response: {
  "status": "success",
  "node": 594503878842345689106620227059135264641894666375,
  "message": "Key stored (primary) \u2013 replication in progress"
}
chord> Exiting Chord CLI.
Chord DHT CLI - Type 'help' for commands.
chord> Response: {
  "status": "success",
  "node": 594503878842345689106620227059135264641894666375,
  "message": "Key stored (primary) \u2013 replication in progress"
}
chord> Exiting Chord CLI.
Chord DHT CLI - Type 'help' for commands.
chord> Response: {
  "status": "success",
  "node": 594503878842345689106620227059135264641894666375,
  "message": "Key stored (primary) \u2013 replication in progress"
}
chord> Exiting Chord CLI.
Chord DHT CLI - Type 'help' for commands.
chord> Response: {
  "status": "success",
  "node": 7875819371350328689965791664143894393178181712,
  "message": "Key stored (primary) \u2013 replication in progress"
}
chord> Exiting Chord CLI.
Chord DHT CLI - Type 'help' for commands.
chord> Response: {
  "status": "success",
  "node": 1247804169467685645483778208575616102014578470961,
  "message": "Key stored (primary) \u2013 replication in progress"
}
chord> Exiting Chord CLI.
Chord DHT CLI - Type 'help' for commands.
chord> Response: {
  "status": "success",
  "node": 811733240774842639575478033167233284720562256978,
  "message": "Key stored (primary) \u2013 replication in progress"
}
chord> Exiting Chord CLI.
Chord DHT CLI - Type 'help' for commands.
chord> Response: {
  "status": "success",
  "node": 811733240774842639575478033167233284720562256978,
  "message": "Key stored (primary) \u2013 replication in progress"
}
chord> Exiting Chord CLI.
Chord DHT CLI - Type 'help' for commands.
chord> Response: {
  "status": "success",
  "node": 969432207210325526737328719144474474846745595825,
  "message": "Key stored (primary) \u2013 replication in progress"
}
chord> Exiting Chord CLI.
Chord DHT CLI - Type 'help' for commands.
chord> Response: {
  "status": "success",
  "node": 1031557372816657147339763724538982653067682527451,
  "message": "Key stored (primary) \u2013 replication in progress"
}
chord> Exiting Chord CLI.
Chord DHT CLI - Type 'help' for commands.
chord> Response: {
  "status": "success",
  "node": 811733240774842639575478033167233284720562256978,
  "message": "Key stored (primary) \u2013 replication in progress"
}
chord> Exiting Chord CLI.
Chord DHT CLI - Type 'help' for commands.
chord> Response: {
  "status": "success",
  "node": 969432207210325526737328719144474474846745595825,
  "message": "Key stored (primary) \u2013 replication in progress"
}
chord> Exiting Chord CLI.
Chord DHT CLI - Type 'help' for commands.
chord> Response: {
  "status": "success",
  "node": 594503878842345689106620227059135264641894666375,
  "message": "Key stored (primary) \u2013 replication in progress"
}
chord> Exiting Chord CLI.
Chord DHT CLI - Type 'help' for commands.
chord> Response: {
  "status": "success",
  "node": 7875819371350328689965791664143894393178181712,
  "message": "Key stored (primary) \u2013 replication in progress"
}
chord> Exiting Chord CLI.
Chord DHT CLI - Type 'help' for commands.
chord> Response: {
  "status": "success",
  "node": 594503878842345689106620227059135264641894666375,
  "message": "Key stored (primary) \u2013 replication in progress"
}
chord> Exiting Chord CLI.
Chord DHT CLI - Type 'help' for commands.
chord> Response: {
  "status": "success",
  "node": 1247804169467685645483778208575616102014578470961,
  "message": "Key stored (primary) \u2013 replication in progress"
}
chord> Exiting Chord CLI.
Chord DHT CLI - Type 'help' for commands.
chord> Response: {
  "status": "success",
  "node": 7875819371350328689965791664143894393178181712,
  "message": "Key stored (primary) \u2013 replication in progress"
}
chord> Exiting Chord CLI.
Chord DHT CLI - Type 'help' for commands.
chord> Response: {
  "status": "success",
  "node": 811733240774842639575478033167233284720562256978,
  "message": "Key stored (primary) \u2013 replication in progress"
}
chord> Exiting Chord CLI.
Chord DHT CLI - Type 'help' for commands.
chord> Response: {
  "status": "success",
  "node": 811733240774842639575478033167233284720562256978,
  "message": "Key stored (primary) \u2013 replication in progress"
}
chord> Exiting Chord CLI.
Chord DHT CLI - Type 'help' for commands.
chord> Response: {
  "status": "success",
  "node": 1040499584230502937230252314689039828066315699231,
  "message": "Key stored (primary) \u2013 replication in progress"
}
chord> Exiting Chord CLI.
Chord DHT CLI - Type 'help' for commands.
chord> Response: {
  "status": "success",
  "node": 594503878842345689106620227059135264641894666375,
  "message": "Key stored (primary) \u2013 replication in progress"
}
chord> Exiting Chord CLI.
Chord DHT CLI - Type 'help' for commands.
chord> Response: {
  "status": "success",
  "node": 594503878842345689106620227059135264641894666375,
  "message": "Key stored (primary) \u2013 replication in progress"
}
chord> Exiting Chord CLI.
Chord DHT CLI - Type 'help' for commands.
chord> Response: {
  "status": "success",
  "node": 7875819371350328689965791664143894393178181712,
  "message": "Key stored (primary) \u2013 replication in progress"
}
chord> Exiting Chord CLI.
Chord DHT CLI - Type 'help' for commands.
chord> Response: {
  "status": "success",
  "node": 7875819371350328689965791664143894393178181712,
  "message": "Key stored (primary) \u2013 replication in progress"
}
chord> Exiting Chord CLI.
Chord DHT CLI - Type 'help' for commands.
chord> Response: {
  "status": "success",
  "node": 811733240774842639575478033167233284720562256978,
  "message": "Key stored (primary) \u2013 replication in progress"
}
chord> Exiting Chord CLI.
Chord DHT CLI - Type 'help' for commands.
chord> Response: {
  "status": "success",
  "node": 594503878842345689106620227059135264641894666375,
  "message": "Key stored (primary) \u2013 replication in progress"
}
chord> Exiting Chord CLI.
Chord DHT CLI - Type 'help' for commands.
chord> Response: {
  "status": "success",
  "node": 969432207210325526737328719144474474846745595825,
  "message": "Key stored (primary) \u2013 replication in progress"
}
chord> Exiting Chord CLI.
Chord DHT CLI - Type 'help' for commands.
chord> Response: {
  "status": "success",
  "node": 594503878842345689106620227059135264641894666375,
  "message": "Key stored (primary) \u2013 replication in progress"
}
chord> Exiting Chord CLI.
Chord DHT CLI - Type 'help' for commands.
chord> Response: {
  "status": "success",
  "node": 969432207210325526737328719144474474846745595825,
  "message": "Key stored (primary) \u2013 replication in progress"
}
chord> Exiting Chord CLI.
Chord DHT CLI - Type 'help' for commands.
chord> Response: {
  "status": "success",
  "node": 811733240774842639575478033167233284720562256978,
  "message": "Key stored (primary) \u2013 replication in progress"
}
chord> Exiting Chord CLI.
Chord DHT CLI - Type 'help' for commands.
chord> Response: {
  "status": "success",
  "node": 594503878842345689106620227059135264641894666375,
  "message": "Key stored (primary) \u2013 replication in progress"
}
chord> Exiting Chord CLI.
Chord DHT CLI - Type 'help' for commands.
chord> Response: {
  "status": "success",
  "node": 811733240774842639575478033167233284720562256978,
  "message": "Key stored (primary) \u2013 replication in progress"
}
chord> Exiting Chord CLI.
Chord DHT CLI - Type 'help' for commands.
chord> Response: {
  "status": "success",
  "node": 594503878842345689106620227059135264641894666375,
  "message": "Key stored (primary) \u2013 replication in progress"
}
chord> Exiting Chord CLI.
Chord DHT CLI - Type 'help' for commands.
chord> Response: {
  "status": "success",
  "node": 1247804169467685645483778208575616102014578470961,
  "message": "Key stored (primary) \u2013 replication in progress"
}
chord> Exiting Chord CLI.
Chord DHT CLI - Type 'help' for commands.
chord> Response: {
  "status": "success",
  "value": "F"
}
chord> Exiting Chord CLI.
Chord DHT CLI - Type 'help' for commands.
chord> Response: {
  "status": "success",
  "value": "C"
}
chord> Exiting Chord CLI.
Chord DHT CLI - Type 'help' for commands.
chord> Response: {
  "status": "success",
  "value": "D"
}
chord> Exiting Chord CLI.
Chord DHT CLI - Type 'help' for commands.
chord> Response: {
  "status": "success",
  "value": "I"
}
chord> Exiting Chord CLI.
Chord DHT CLI - Type 'help' for commands.
chord> Response: {
  "status": "success",
  "value": "F"
}
chord> Exiting Chord CLI.
Chord DHT CLI - Type 'help' for commands.
chord> Response: {
  "status": "success",
  "value": "F"
}
chord> Exiting Chord CLI.
Chord DHT CLI - Type 'help' for commands.
chord> Response: {
  "status": "success",
  "value": "B"
}
chord> Exiting Chord CLI.
Chord DHT CLI - Type 'help' for commands.
chord> Response: {
  "status": "success",
  "value": "B"
}
chord> Exiting Chord CLI.
Chord DHT CLI - Type 'help' for commands.
chord> Response: {
  "status": "success",
  "value": "G"
}
chord> Exiting Chord CLI.
Chord DHT CLI - Type 'help' for commands.
chord> Response: {
  "status": "success",
  "value": "D"
}
chord> Exiting Chord CLI.
Chord DHT CLI - Type 'help' for commands.
chord> Response: {
  "status": "success",
  "value": "E"
}
chord> Exiting Chord CLI.
Chord DHT CLI - Type 'help' for commands.
chord> Response: {
  "status": "success",
  "value": "C"
}
chord> Exiting Chord CLI.
Chord DHT CLI - Type 'help' for commands.
chord> Response: {
  "status": "success",
  "value": "C"
}
chord> Exiting Chord CLI.
Chord DHT CLI - Type 'help' for commands.
chord> Response: {
  "status": "success",
  "value": "H"
}
chord> Exiting Chord CLI.
Chord DHT CLI - Type 'help' for commands.
chord> Response: {
  "status": "success",
  "value": "E"
}
chord> Exiting Chord CLI.
Chord DHT CLI - Type 'help' for commands.
chord> Response: {
  "status": "success",
  "value": "I"
}
chord> Exiting Chord CLI.
Chord DHT CLI - Type 'help' for commands.
chord> Response: {
  "status": "success",
  "value": "A"
}
chord> Exiting Chord CLI.
Chord DHT CLI - Type 'help' for commands.
chord> Response: {
  "status": "success",
  "value": "G"
}
chord> Exiting Chord CLI.
Chord DHT CLI - Type 'help' for commands.
chord> Response: {
  "status": "success",
  "value": "D"
}
chord> Exiting Chord CLI.
Chord DHT CLI - Type 'help' for commands.
chord> Response: {
  "status": "success",
  "value": "F"
}
chord> Exiting Chord CLI.
Chord DHT CLI - Type 'help' for commands.
chord> Response: {
  "status": "success",
  "value": "J"
}
chord> Exiting Chord CLI.
Chord DHT CLI - Type 'help' for commands.
chord> Response: {
  "status": "success",
  "value": "D"
}
chord> Exiting Chord CLI.
Chord DHT CLI - Type 'help' for commands.
chord> Response: {
  "status": "success",
  "value": "B"
}
chord> Exiting Chord CLI.
Chord DHT CLI - Type 'help' for commands.
chord> Response: {
  "status": "success",
  "value": "E"
}
chord> Exiting Chord CLI.
Chord DHT CLI - Type 'help' for commands.
chord> Response: {
  "status": "success",
  "value": "E"
}
chord> Exiting Chord CLI.
Chord DHT CLI - Type 'help' for commands.
chord> Response: {
  "status": "success",
  "value": "D"
}
chord> Exiting Chord CLI.
Traceback (most recent call last):
  File "/home/ubuntu/distributed_systems/server/client_with_ports_insert.py", line 1, in <module>
    import socket
  File "/usr/lib/python3.12/socket.py", line 55, in <module>
    import os, sys, io, selectors
  File "/usr/lib/python3.12/selectors.py", line 60, in <module>
    class _SelectorMapping(Mapping):
  File "<frozen abc>", line 106, in __new__
KeyboardInterrupt
Chord DHT CLI - Type 'help' for commands.
chord> Response: {
  "status": "success",
  "value": "H"
}
chord> Exiting Chord CLI.
Chord DHT CLI - Type 'help' for commands.
chord> Response: {
  "status": "success",
  "value": "E"
}
chord> Exiting Chord CLI.
Chord DHT CLI - Type 'help' for commands.
chord> Response: {
  "status": "success",
  "value": "I"
}
chord> Exiting Chord CLI.
Chord DHT CLI - Type 'help' for commands.
chord> Response: {
  "status": "success",
  "value": "D"
}
chord> Exiting Chord CLI.
Chord DHT CLI - Type 'help' for commands.
chord> Response: {
  "status": "success",
  "value": "C"
}
chord> Exiting Chord CLI.
Chord DHT CLI - Type 'help' for commands.
chord> Response: {
  "status": "success",
  "value": "A"
}
chord> Exiting Chord CLI.
Chord DHT CLI - Type 'help' for commands.
chord> Response: {
  "status": "success",
  "value": "I"
}
chord> Exiting Chord CLI.
Chord DHT CLI - Type 'help' for commands.
chord> Response: {
  "status": "success",
  "value": "E"
}
chord> Exiting Chord CLI.
Chord DHT CLI - Type 'help' for commands.
chord> Response: {
  "status": "success",
  "value": "E"
}
chord> Exiting Chord CLI.
Chord DHT CLI - Type 'help' for commands.
chord> Response: {
  "status": "success",
  "value": "H"
}
chord> Exiting Chord CLI.
Chord DHT CLI - Type 'help' for commands.
chord> Response: {
  "status": "success",
  "value": "C"
}
chord> Exiting Chord CLI.
Chord DHT CLI - Type 'help' for commands.
chord> Response: {
  "status": "success",
  "value": "B"
}
chord> Exiting Chord CLI.
Chord DHT CLI - Type 'help' for commands.
chord> Response: {
  "status": "success",
  "value": "B"
}
chord> Exiting Chord CLI.
Chord DHT CLI - Type 'help' for commands.
chord> Response: {
  "status": "success",
  "value": "C"
}
chord> Exiting Chord CLI.
Chord DHT CLI - Type 'help' for commands.
chord> Response: {
  "status": "success",
  "value": "C"
}
chord> Exiting Chord CLI.
Chord DHT CLI - Type 'help' for commands.
chord> Response: {
  "status": "success",
  "value": "E"
}
chord> Exiting Chord CLI.
Chord DHT CLI - Type 'help' for commands.
chord> Response: {
  "status": "success",
  "value": "E"
}
chord> Exiting Chord CLI.
Chord DHT CLI - Type 'help' for commands.
chord> Response: {
  "status": "success",
  "value": "C"
}
chord> Exiting Chord CLI.
Chord DHT CLI - Type 'help' for commands.
chord> Response: {
  "status": "success",
  "value": "A"
}
chord> Exiting Chord CLI.
Chord DHT CLI - Type 'help' for commands.
chord> Response: {
  "status": "success",
  "value": "I"
}
chord> Exiting Chord CLI.
Chord DHT CLI - Type 'help' for commands.
chord> Response: {
  "status": "success",
  "value": "B"
}
chord> Exiting Chord CLI.
Chord DHT CLI - Type 'help' for commands.
chord> Response: {
  "status": "success",
  "value": "G"
}
chord> Exiting Chord CLI.
Chord DHT CLI - Type 'help' for commands.
chord> Response: {
  "status": "success",
  "value": "D"
}
chord> Exiting Chord CLI.
Chord DHT CLI - Type 'help' for commands.
chord> Response: {
  "status": "success",
  "node": 7875819371350328689965791664143894393178181712,
  "message": "Key stored (primary) \u2013 replication in progress"
}
chord> Exiting Chord CLI.
Chord DHT CLI - Type 'help' for commands.
chord> Response: {
  "status": "success",
  "node": 811733240774842639575478033167233284720562256978,
  "message": "Key stored (primary) \u2013 replication in progress"
}
chord> Exiting Chord CLI.
Chord DHT CLI - Type 'help' for commands.
chord> Response: {
  "status": "success",
  "node": 594503878842345689106620227059135264641894666375,
  "message": "Key stored (primary) \u2013 replication in progress"
}
chord> Exiting Chord CLI.
Chord DHT CLI - Type 'help' for commands.
chord> Response: {
  "status": "success",
  "node": 969432207210325526737328719144474474846745595825,
  "message": "Key stored (primary) \u2013 replication in progress"
}
chord> Exiting Chord CLI.
Chord DHT CLI - Type 'help' for commands.
chord> Response: {
  "status": "error",
  "message": "Unterminated string starting at: line 1 column 4075 (char 4074)"
}
chord> Exiting Chord CLI.
Chord DHT CLI - Type 'help' for commands.
chord> Response: {
  "status": "success",
  "node": 811733240774842639575478033167233284720562256978,
  "message": "Key stored (primary) \u2013 replication in progress"
}
chord> Exiting Chord CLI.
Chord DHT CLI - Type 'help' for commands.
chord> Response: {
  "status": "error",
  "message": "Unterminated string starting at: line 1 column 4075 (char 4074)"
}
chord> Exiting Chord CLI.
Chord DHT CLI - Type 'help' for commands.
chord> Response: {
  "status": "success",
  "node": 1247804169467685645483778208575616102014578470961,
  "message": "Key stored (primary) \u2013 replication in progress"
}
chord> Exiting Chord CLI.
Chord DHT CLI - Type 'help' for commands.
chord> Response: {
  "status": "success",
  "node": 1247804169467685645483778208575616102014578470961,
  "message": "Key stored (primary) \u2013 replication in progress"
}
chord> Exiting Chord CLI.
Chord DHT CLI - Type 'help' for commands.
chord> Response: {
  "status": "error",
  "message": "Unterminated string starting at: line 1 column 4075 (char 4074)"
}
chord> Exiting Chord CLI.
Chord DHT CLI - Type 'help' for commands.
chord> Response: {
  "status": "error",
  "message": "Unterminated string starting at: line 1 column 4075 (char 4074)"
}
chord> Exiting Chord CLI.
Chord DHT CLI - Type 'help' for commands.
chord> Response: {
  "status": "success",
  "node": 1040499584230502937230252314689039828066315699231,
  "message": "Key stored (primary) \u2013 replication in progress"
}
chord> Exiting Chord CLI.
Chord DHT CLI - Type 'help' for commands.
chord> Response: {
  "status": "success",
  "node": 1247804169467685645483778208575616102014578470961,
  "message": "Key stored (primary) \u2013 replication in progress"
}
chord> Exiting Chord CLI.
Chord DHT CLI - Type 'help' for commands.
chord> Response: {
  "status": "error",
  "message": "Unterminated string starting at: line 1 column 4070 (char 4069)"
}
chord> Exiting Chord CLI.
Chord DHT CLI - Type 'help' for commands.
chord> Response: {
  "status": "error",
  "message": "Unterminated string starting at: line 1 column 4075 (char 4074)"
}
chord> Exiting Chord CLI.
Chord DHT CLI - Type 'help' for commands.
chord> Response: {
  "status": "error",
  "message": "Unterminated string starting at: line 1 column 4075 (char 4074)"
}
chord> Exiting Chord CLI.
Chord DHT CLI - Type 'help' for commands.
chord> Response: {
  "status": "error",
  "message": "Unterminated string starting at: line 1 column 4075 (char 4074)"
}
chord> Exiting Chord CLI.
Chord DHT CLI - Type 'help' for commands.
chord> Response: {
  "status": "error",
  "message": "Unterminated string starting at: line 1 column 4075 (char 4074)"
}
chord> Exiting Chord CLI.
Chord DHT CLI - Type 'help' for commands.
chord> Response: {
  "status": "success",
  "node": 7875819371350328689965791664143894393178181712,
  "message": "Key stored (primary) \u2013 replication in progress"
}
chord> Exiting Chord CLI.
Chord DHT CLI - Type 'help' for commands.
chord> Response: {
  "status": "success",
  "node": 1247804169467685645483778208575616102014578470961,
  "message": "Key stored (primary) \u2013 replication in progress"
}
chord> Exiting Chord CLI.
Chord DHT CLI - Type 'help' for commands.
chord> Response: {
  "status": "error",
  "message": "Unterminated string starting at: line 1 column 4075 (char 4074)"
}
chord> Exiting Chord CLI.
Chord DHT CLI - Type 'help' for commands.
chord> Response: {
  "status": "error",
  "message": "Unterminated string starting at: line 1 column 4081 (char 4080)"
}
chord> Exiting Chord CLI.
Chord DHT CLI - Type 'help' for commands.
chord> Response: {
  "status": "error",
  "message": "Unterminated string starting at: line 1 column 4075 (char 4074)"
}
chord> Exiting Chord CLI.
Chord DHT CLI - Type 'help' for commands.
chord> Response: {
  "status": "error",
  "message": "Unterminated string starting at: line 1 column 4075 (char 4074)"
}
chord> Exiting Chord CLI.
Chord DHT CLI - Type 'help' for commands.
chord> Response: {
  "status": "error",
  "message": "Unterminated string starting at: line 1 column 4075 (char 4074)"
}
chord> Exiting Chord CLI.
Chord DHT CLI - Type 'help' for commands.
chord> Response: {
  "status": "success",
  "node": 1031557372816657147339763724538982653067682527451,
  "message": "Key stored (primary) \u2013 replication in progress"
}
chord> Exiting Chord CLI.
Chord DHT CLI - Type 'help' for commands.
chord> Response: {
  "status": "error",
  "message": "Unterminated string starting at: line 1 column 4081 (char 4080)"
}
chord> Exiting Chord CLI.
Chord DHT CLI - Type 'help' for commands.
chord> Response: {
  "status": "success",
  "node": 7875819371350328689965791664143894393178181712,
  "message": "Key stored (primary) \u2013 replication in progress"
}
chord> Exiting Chord CLI.
Chord DHT CLI - Type 'help' for commands.
chord> Response: {
  "status": "error",
  "message": "Unterminated string starting at: line 1 column 4075 (char 4074)"
}
chord> Exiting Chord CLI.
Chord DHT CLI - Type 'help' for commands.
chord> Response: {
  "status": "error",
  "message": "Unterminated string starting at: line 1 column 4075 (char 4074)"
}
chord> Exiting Chord CLI.
Chord DHT CLI - Type 'help' for commands.
chord> Response: {
  "status": "success",
  "node": 7875819371350328689965791664143894393178181712,
  "message": "Key stored (primary) \u2013 replication in progress"
}
chord> Exiting Chord CLI.
Chord DHT CLI - Type 'help' for commands.
chord> Response: {
  "status": "error",
  "message": "Unterminated string starting at: line 1 column 4075 (char 4074)"
}
chord> Exiting Chord CLI.
Chord DHT CLI - Type 'help' for commands.
chord> Response: {
  "status": "error",
  "message": "Unterminated string starting at: line 1 column 4075 (char 4074)"
}
chord> Exiting Chord CLI.
Chord DHT CLI - Type 'help' for commands.
chord> Response: {
  "status": "error",
  "message": "Unterminated string starting at: line 1 column 4075 (char 4074)"
}
chord> Exiting Chord CLI.
Chord DHT CLI - Type 'help' for commands.
chord> Response: {
  "status": "error",
  "message": "Unterminated string starting at: line 1 column 4081 (char 4080)"
}
chord> Exiting Chord CLI.
Chord DHT CLI - Type 'help' for commands.
chord> Response: {
  "status": "success",
  "node": 1040499584230502937230252314689039828066315699231,
  "message": "Key stored (primary) \u2013 replication in progress"
}
chord> Exiting Chord CLI.
Chord DHT CLI - Type 'help' for commands.
chord> Response: {
  "status": "error",
  "message": "Unterminated string starting at: line 1 column 4076 (char 4075)"
}
chord> Exiting Chord CLI.
Chord DHT CLI - Type 'help' for commands.
chord> Response: {
  "status": "error",
  "message": "Unterminated string starting at: line 1 column 4075 (char 4074)"
}
chord> Exiting Chord CLI.
Chord DHT CLI - Type 'help' for commands.
chord> Response: {
  "status": "error",
  "message": "Unterminated string starting at: line 1 column 4070 (char 4069)"
}
chord> Exiting Chord CLI.
Chord DHT CLI - Type 'help' for commands.
chord> Response: {
  "status": "error",
  "message": "Unterminated string starting at: line 1 column 4075 (char 4074)"
}
chord> Exiting Chord CLI.
Chord DHT CLI - Type 'help' for commands.
chord> Response: {
  "status": "error",
  "message": "Unterminated string starting at: line 1 column 4075 (char 4074)"
}
chord> Exiting Chord CLI.
Chord DHT CLI - Type 'help' for commands.
chord> Response: {
  "status": "success",
  "node": 1031557372816657147339763724538982653067682527451,
  "message": "Key stored (primary) \u2013 replication in progress"
}
chord> Exiting Chord CLI.
Chord DHT CLI - Type 'help' for commands.
chord> Response: {
  "status": "error",
  "message": "Unterminated string starting at: line 1 column 4094 (char 4093)"
}
chord> Exiting Chord CLI.
Chord DHT CLI - Type 'help' for commands.
chord> Response: {
  "status": "success",
  "node": 1031557372816657147339763724538982653067682527451,
  "message": "Key stored (primary) \u2013 replication in progress"
}
chord> Exiting Chord CLI.
Chord DHT CLI - Type 'help' for commands.
chord> Response: {
  "status": "error",
  "message": "Unterminated string starting at: line 1 column 4081 (char 4080)"
}
chord> Exiting Chord CLI.
Chord DHT CLI - Type 'help' for commands.
chord> Response: {
  "status": "error",
  "message": "Unterminated string starting at: line 1 column 4081 (char 4080)"
}
chord> Exiting Chord CLI.
Chord DHT CLI - Type 'help' for commands.
chord> Response: {
  "status": "error",
  "message": "Unterminated string starting at: line 1 column 4075 (char 4074)"
}
chord> Exiting Chord CLI.
Chord DHT CLI - Type 'help' for commands.
chord> Response: {
  "status": "error",
  "message": "Unterminated string starting at: line 1 column 4081 (char 4080)"
}
chord> Exiting Chord CLI.
Chord DHT CLI - Type 'help' for commands.
chord> Response: {
  "status": "error",
  "message": "Unterminated string starting at: line 1 column 4075 (char 4074)"
}
chord> Exiting Chord CLI.
Chord DHT CLI - Type 'help' for commands.
chord> Response: {
  "status": "error",
  "message": "Unterminated string starting at: line 1 column 4094 (char 4093)"
}
chord> Exiting Chord CLI.
Chord DHT CLI - Type 'help' for commands.
chord> Response: {
  "status": "success",
  "node": 7875819371350328689965791664143894393178181712,
  "message": "Key stored (primary) \u2013 replication in progress"
}
chord> Exiting Chord CLI.
Chord DHT CLI - Type 'help' for commands.
chord> Response: {
  "status": "success",
  "node": 811733240774842639575478033167233284720562256978,
  "message": "Key stored (primary) \u2013 replication in progress"
}
chord> Exiting Chord CLI.
Chord DHT CLI - Type 'help' for commands.
chord> Response: {
  "status": "success",
  "node": 594503878842345689106620227059135264641894666375,
  "message": "Key stored (primary) \u2013 replication in progress"
}
chord> Exiting Chord CLI.
Chord DHT CLI - Type 'help' for commands.
chord> Response: {
  "status": "success",
  "node": 969432207210325526737328719144474474846745595825,
  "message": "Key stored (primary) \u2013 replication in progress"
}
chord> Exiting Chord CLI.
Chord DHT CLI - Type 'help' for commands.
chord> Response: {
  "status": "success",
  "node": 594503878842345689106620227059135264641894666375,
  "message": "Key stored (primary) \u2013 replication in progress"
}
chord> Exiting Chord CLI.
Chord DHT CLI - Type 'help' for commands.
chord> Response: {
  "status": "success",
  "node": 811733240774842639575478033167233284720562256978,
  "message": "Key stored (primary) \u2013 replication in progress"
}
chord> Exiting Chord CLI.
Chord DHT CLI - Type 'help' for commands.
chord> Response: {
  "status": "success",
  "node": 594503878842345689106620227059135264641894666375,
  "message": "Key stored (primary) \u2013 replication in progress"
}
chord> Exiting Chord CLI.
Chord DHT CLI - Type 'help' for commands.
chord> Response: {
  "status": "success",
  "node": 1247804169467685645483778208575616102014578470961,
  "message": "Key stored (primary) \u2013 replication in progress"
}
chord> Exiting Chord CLI.
Chord DHT CLI - Type 'help' for commands.
chord> Response: {
  "status": "success",
  "node": 1247804169467685645483778208575616102014578470961,
  "message": "Key stored (primary) \u2013 replication in progress"
}
chord> Exiting Chord CLI.
Chord DHT CLI - Type 'help' for commands.
chord> Response: {
  "status": "success",
  "node": 594503878842345689106620227059135264641894666375,
  "message": "Key stored (primary) \u2013 replication in progress"
}
chord> Exiting Chord CLI.
Chord DHT CLI - Type 'help' for commands.
chord> Response: {
  "status": "success",
  "node": 594503878842345689106620227059135264641894666375,
  "message": "Key stored (primary) \u2013 replication in progress"
}
chord> Exiting Chord CLI.
Chord DHT CLI - Type 'help' for commands.
chord> Response: {
  "status": "success",
  "node": 1040499584230502937230252314689039828066315699231,
  "message": "Key stored (primary) \u2013 replication in progress"
}
chord> Exiting Chord CLI.
Chord DHT CLI - Type 'help' for commands.
chord> Response: {
  "status": "success",
  "node": 1247804169467685645483778208575616102014578470961,
  "message": "Key stored (primary) \u2013 replication in progress"
}
chord> Exiting Chord CLI.
Chord DHT CLI - Type 'help' for commands.
chord> Response: {
  "status": "error",
  "message": "Unterminated string starting at: line 1 column 4071 (char 4070)"
}
chord> Exiting Chord CLI.
Chord DHT CLI - Type 'help' for commands.
chord> Response: {
  "status": "error",
  "message": "Unterminated string starting at: line 1 column 4075 (char 4074)"
}
chord> Exiting Chord CLI.
Chord DHT CLI - Type 'help' for commands.
chord> Response: {
  "status": "error",
  "message": "Unterminated string starting at: line 1 column 4075 (char 4074)"
}
chord> Exiting Chord CLI.
Chord DHT CLI - Type 'help' for commands.
chord> Response: {
  "status": "error",
  "message": "Unterminated string starting at: line 1 column 4075 (char 4074)"
}
chord> Exiting Chord CLI.
Chord DHT CLI - Type 'help' for commands.
chord> Response: {
  "status": "error",
  "message": "Unterminated string starting at: line 1 column 4075 (char 4074)"
}
chord> Exiting Chord CLI.
Chord DHT CLI - Type 'help' for commands.
chord> Response: {
  "status": "success",
  "node": 7875819371350328689965791664143894393178181712,
  "message": "Key stored (primary) \u2013 replication in progress"
}
chord> Exiting Chord CLI.
Chord DHT CLI - Type 'help' for commands.
chord> Response: {
  "status": "success",
  "node": 1247804169467685645483778208575616102014578470961,
  "message": "Key stored (primary) \u2013 replication in progress"
}
chord> Exiting Chord CLI.
Chord DHT CLI - Type 'help' for commands.
chord> Response: {
  "status": "error",
  "message": "Unterminated string starting at: line 1 column 4075 (char 4074)"
}
chord> Exiting Chord CLI.
Chord DHT CLI - Type 'help' for commands.
chord> Response: {
  "status": "success",
  "node": 811733240774842639575478033167233284720562256978,
  "message": "Key stored (primary) \u2013 replication in progress"
}
chord> Exiting Chord CLI.
Chord DHT CLI - Type 'help' for commands.
chord> Response: {
  "status": "error",
  "message": "Unterminated string starting at: line 1 column 4075 (char 4074)"
}
chord> Exiting Chord CLI.
Chord DHT CLI - Type 'help' for commands.
chord> Response: {
  "status": "error",
  "message": "Unterminated string starting at: line 1 column 4075 (char 4074)"
}
chord> Exiting Chord CLI.
Chord DHT CLI - Type 'help' for commands.
chord> Response: {
  "status": "error",
  "message": "Unterminated string starting at: line 1 column 4075 (char 4074)"
}
chord> Exiting Chord CLI.
Chord DHT CLI - Type 'help' for commands.
chord> Response: {
  "status": "success",
  "node": 1031557372816657147339763724538982653067682527451,
  "message": "Key stored (primary) \u2013 replication in progress"
}
chord> Exiting Chord CLI.
Chord DHT CLI - Type 'help' for commands.
chord> Response: {
  "status": "success",
  "node": 811733240774842639575478033167233284720562256978,
  "message": "Key stored (primary) \u2013 replication in progress"
}
chord> Exiting Chord CLI.
Chord DHT CLI - Type 'help' for commands.
chord> Response: {
  "status": "success",
  "node": 7875819371350328689965791664143894393178181712,
  "message": "Key stored (primary) \u2013 replication in progress"
}
chord> Exiting Chord CLI.
Chord DHT CLI - Type 'help' for commands.
chord> Response: {
  "status": "error",
  "message": "Unterminated string starting at: line 1 column 4075 (char 4074)"
}
chord> Exiting Chord CLI.
Chord DHT CLI - Type 'help' for commands.
chord> Response: {
  "status": "error",
  "message": "Unterminated string starting at: line 1 column 4075 (char 4074)"
}
chord> Exiting Chord CLI.
Chord DHT CLI - Type 'help' for commands.
chord> Response: {
  "status": "success",
  "node": 7875819371350328689965791664143894393178181712,
  "message": "Key stored (primary) \u2013 replication in progress"
}
chord> Exiting Chord CLI.
Chord DHT CLI - Type 'help' for commands.
chord> Response: {
  "status": "error",
  "message": "Unterminated string starting at: line 1 column 4075 (char 4074)"
}
chord> Exiting Chord CLI.
Chord DHT CLI - Type 'help' for commands.
chord> Response: {
  "status": "error",
  "message": "Unterminated string starting at: line 1 column 4075 (char 4074)"
}
chord> Exiting Chord CLI.
Chord DHT CLI - Type 'help' for commands.
chord> Response: {
  "status": "error",
  "message": "Unterminated string starting at: line 1 column 4075 (char 4074)"
}
chord> Exiting Chord CLI.
Chord DHT CLI - Type 'help' for commands.
chord> Response: {
  "status": "error",
  "message": "Unterminated string starting at: line 1 column 4090 (char 4089)"
}
chord> Exiting Chord CLI.
Chord DHT CLI - Type 'help' for commands.
chord> Response: {
  "status": "success",
  "node": 1040499584230502937230252314689039828066315699231,
  "message": "Key stored (primary) \u2013 replication in progress"
}
chord> Exiting Chord CLI.
Chord DHT CLI - Type 'help' for commands.
chord> Response: {
  "status": "success",
  "node": 7875819371350328689965791664143894393178181712,
  "message": "Key stored (primary) \u2013 replication in progress"
}
chord> Exiting Chord CLI.
Chord DHT CLI - Type 'help' for commands.
chord> Response: {
  "status": "error",
  "message": "Unterminated string starting at: line 1 column 4075 (char 4074)"
}
chord> Exiting Chord CLI.
Chord DHT CLI - Type 'help' for commands.
chord> Response: {
  "status": "error",
  "message": "Unterminated string starting at: line 1 column 4071 (char 4070)"
}
chord> Exiting Chord CLI.
Chord DHT CLI - Type 'help' for commands.
chord> Response: {
  "status": "error",
  "message": "Unterminated string starting at: line 1 column 4075 (char 4074)"
}
chord> Exiting Chord CLI.
Chord DHT CLI - Type 'help' for commands.
chord> Response: {
  "status": "error",
  "message": "Unterminated string starting at: line 1 column 4075 (char 4074)"
}
chord> Exiting Chord CLI.
Chord DHT CLI - Type 'help' for commands.
chord> Response: {
  "status": "success",
  "node": 1031557372816657147339763724538982653067682527451,
  "message": "Key stored (primary) \u2013 replication in progress"
}
chord> Exiting Chord CLI.
Chord DHT CLI - Type 'help' for commands.
chord> Response: {
  "status": "error",
  "message": "Unterminated string starting at: line 1 column 4061 (char 4060)"
}
chord> Exiting Chord CLI.
Chord DHT CLI - Type 'help' for commands.
chord> Response: {
  "status": "success",
  "node": 1031557372816657147339763724538982653067682527451,
  "message": "Key stored (primary) \u2013 replication in progress"
}
chord> Exiting Chord CLI.
Chord DHT CLI - Type 'help' for commands.
chord> Response: {
  "status": "error",
  "message": "Unterminated string starting at: line 1 column 4090 (char 4089)"
}
chord> Exiting Chord CLI.
Chord DHT CLI - Type 'help' for commands.
chord> Response: {
  "status": "error",
  "message": "Unterminated string starting at: line 1 column 4090 (char 4089)"
}
chord> Exiting Chord CLI.
Chord DHT CLI - Type 'help' for commands.
chord> Response: {
  "status": "error",
  "message": "Unterminated string starting at: line 1 column 4075 (char 4074)"
}
chord> Exiting Chord CLI.
Chord DHT CLI - Type 'help' for commands.
chord> Response: {
  "status": "error",
  "message": "Unterminated string starting at: line 1 column 4090 (char 4089)"
}
chord> Exiting Chord CLI.
Chord DHT CLI - Type 'help' for commands.
chord> Response: {
  "status": "error",
  "message": "Unterminated string starting at: line 1 column 4075 (char 4074)"
}
chord> Exiting Chord CLI.
Chord DHT CLI - Type 'help' for commands.
chord> Response: {
  "status": "error",
  "message": "Unterminated string starting at: line 1 column 4061 (char 4060)"
}
chord> Exiting Chord CLI.
