Chord DHT CLI - Type 'help' for commands.
chord> [ERROR] Invalid command format: No closing quotation
chord> Exiting Chord CLI.
Chord DHT CLI - Type 'help' for commands.
chord> Response: {
  "status": "error",
  "message": "[Errno 111] Connection refused"
}
chord> Exiting Chord CLI.
Chord DHT CLI - Type 'help' for commands.
chord> Response: {
  "status": "error",
  "message": "[Errno 111] Connection refused"
}
chord> Exiting Chord CLI.
Chord DHT CLI - Type 'help' for commands.
chord> Response: {
  "status": "error",
  "message": "[Errno 111] Connection refused"
}
chord> Exiting Chord CLI.
Chord DHT CLI - Type 'help' for commands.
chord> Response: {
  "status": "error",
  "message": "[Errno 111] Connection refused"
}
chord> Exiting Chord CLI.
Chord DHT CLI - Type 'help' for commands.
chord> [ERROR] Invalid command format: No closing quotation
chord> Exiting Chord CLI.
Chord DHT CLI - Type 'help' for commands.
chord> [ERROR] Invalid command format: No closing quotation
chord> Exiting Chord CLI.
Chord DHT CLI - Type 'help' for commands.
chord> Response: {
  "status": "error",
  "message": "[Errno 111] Connection refused"
}
chord> Exiting Chord CLI.
Chord DHT CLI - Type 'help' for commands.
chord> [ERROR] Invalid command format: No closing quotation
chord> Exiting Chord CLI.
Chord DHT CLI - Type 'help' for commands.
chord> Response: {
  "status": "error",
  "message": "[Errno 111] Connection refused"
}
chord> Exiting Chord CLI.
Chord DHT CLI - Type 'help' for commands.
chord> Response: {
  "status": "error",
  "message": "[Errno 111] Connection refused"
}
chord> Exiting Chord CLI.
Chord DHT CLI - Type 'help' for commands.
chord> Response: {
  "status": "error",
  "message": "[Errno 111] Connection refused"
}
chord> Exiting Chord CLI.
Chord DHT CLI - Type 'help' for commands.
chord> Response: {
  "status": "error",
  "message": "[Errno 111] Connection refused"
}
chord> Exiting Chord CLI.
Chord DHT CLI - Type 'help' for commands.
chord> Response: {
  "status": "error",
  "message": "[Errno 111] Connection refused"
}
chord> Exiting Chord CLI.
Chord DHT CLI - Type 'help' for commands.
chord> [ERROR] Invalid command format: No closing quotation
chord> Exiting Chord CLI.
Chord DHT CLI - Type 'help' for commands.
chord> [ERROR] Invalid command format: No closing quotation
chord> Exiting Chord CLI.
Chord DHT CLI - Type 'help' for commands.
chord> Response: {
  "status": "error",
  "message": "[Errno 111] Connection refused"
}
chord> Exiting Chord CLI.
Chord DHT CLI - Type 'help' for commands.
chord> Response: {
  "status": "error",
  "message": "[Errno 111] Connection refused"
}
chord> Exiting Chord CLI.
Chord DHT CLI - Type 'help' for commands.
chord> Response: {
  "status": "error",
  "message": "[Errno 111] Connection refused"
}
chord> Exiting Chord CLI.
Chord DHT CLI - Type 'help' for commands.
chord> Response: {
  "status": "error",
  "message": "[Errno 111] Connection refused"
}
chord> Exiting Chord CLI.
Chord DHT CLI - Type 'help' for commands.
chord> Response: {
  "status": "error",
  "message": "[Errno 111] Connection refused"
}
chord> Exiting Chord CLI.
Chord DHT CLI - Type 'help' for commands.
chord> Response: {
  "status": "error",
  "message": "[Errno 111] Connection refused"
}
chord> Exiting Chord CLI.
Chord DHT CLI - Type 'help' for commands.
chord> Response: {
  "status": "error",
  "message": "[Errno 111] Connection refused"
}
chord> Exiting Chord CLI.
Traceback (most recent call last):
  File "/home/ubuntu/distributed_systems/server/client.py", line 1, in <module>
    import socket
  File "/usr/lib/python3.12/socket.py", line 56, in <module>
    from enum import IntEnum, IntFlag
  File "/usr/lib/python3.12/enum.py", line 1368, in <module>
    class Flag(Enum, boundary=STRICT):
  File "/usr/lib/python3.12/enum.py", line 521, in __prepare__
    member_type, first_enum = metacls._get_mixins_(cls, bases)
                              ^^^^^^^^^^^^^^^^^^^^^^^^^^^^^^^^
  File "/usr/lib/python3.12/enum.py", line 983, in _get_mixins_
    member_type = mcls._find_data_type_(class_name, bases) or object
                  ^^^^^^^^^^^^^^^^^^^^^^^^^^^^^^^^^^^^^^^^
  File "/usr/lib/python3.12/enum.py", line 1008, in _find_data_type_
    @classmethod

KeyboardInterrupt
Chord DHT CLI - Type 'help' for commands.
chord> [ERROR] Invalid command format: No closing quotation
chord> Exiting Chord CLI.
Chord DHT CLI - Type 'help' for commands.
chord> Response: {
  "status": "error",
  "message": "[Errno 111] Connection refused"
}
chord> Exiting Chord CLI.
Chord DHT CLI - Type 'help' for commands.
chord> Response: {
  "status": "error",
  "message": "[Errno 111] Connection refused"
}
chord> Exiting Chord CLI.
Chord DHT CLI - Type 'help' for commands.
chord> Response: {
  "status": "error",
  "message": "[Errno 111] Connection refused"
}
chord> Exiting Chord CLI.
Chord DHT CLI - Type 'help' for commands.
chord> Response: {
  "status": "error",
  "message": "[Errno 111] Connection refused"
}
chord> Exiting Chord CLI.
Chord DHT CLI - Type 'help' for commands.
chord> Response: {
  "status": "error",
  "message": "[Errno 111] Connection refused"
}
chord> Exiting Chord CLI.
Chord DHT CLI - Type 'help' for commands.
chord> Response: {
  "status": "error",
  "message": "[Errno 111] Connection refused"
}
chord> Exiting Chord CLI.
Chord DHT CLI - Type 'help' for commands.
chord> Response: {
  "status": "error",
  "message": "[Errno 111] Connection refused"
}
chord> Exiting Chord CLI.
Chord DHT CLI - Type 'help' for commands.
chord> Response: {
  "status": "error",
  "message": "[Errno 111] Connection refused"
}
chord> Exiting Chord CLI.
Chord DHT CLI - Type 'help' for commands.
chord> Response: {
  "status": "error",
  "message": "[Errno 111] Connection refused"
}
chord> Exiting Chord CLI.
Chord DHT CLI - Type 'help' for commands.
chord> Response: {
  "status": "error",
  "message": "[Errno 111] Connection refused"
}
chord> Exiting Chord CLI.
Chord DHT CLI - Type 'help' for commands.
chord> [ERROR] Invalid command format: No closing quotation
chord> Exiting Chord CLI.
Chord DHT CLI - Type 'help' for commands.
chord> [ERROR] Invalid command format: No closing quotation
chord> Exiting Chord CLI.
Chord DHT CLI - Type 'help' for commands.
chord> [ERROR] Invalid command format: No closing quotation
chord> Exiting Chord CLI.
Chord DHT CLI - Type 'help' for commands.
chord> Response: {
  "status": "error",
  "message": "[Errno 111] Connection refused"
}
chord> Exiting Chord CLI.
Chord DHT CLI - Type 'help' for commands.
chord> Response: {
  "status": "error",
  "message": "[Errno 111] Connection refused"
}
chord> Exiting Chord CLI.
Chord DHT CLI - Type 'help' for commands.
chord> Response: {
  "status": "error",
  "message": "[Errno 111] Connection refused"
}
chord> Exiting Chord CLI.
Chord DHT CLI - Type 'help' for commands.
chord> Response: {
  "status": "error",
  "message": "[Errno 111] Connection refused"
}
chord> Exiting Chord CLI.
Chord DHT CLI - Type 'help' for commands.
chord> Response: {
  "status": "error",
  "message": "[Errno 111] Connection refused"
}
chord> Exiting Chord CLI.
Chord DHT CLI - Type 'help' for commands.
chord> [ERROR] Invalid command format: No closing quotation
chord> Exiting Chord CLI.
Chord DHT CLI - Type 'help' for commands.
chord> [ERROR] Invalid command format: No closing quotation
chord> Exiting Chord CLI.
Chord DHT CLI - Type 'help' for commands.
chord> Response: {
  "status": "error",
  "message": "[Errno 111] Connection refused"
}
chord> Exiting Chord CLI.
Chord DHT CLI - Type 'help' for commands.
chord> Response: {
  "status": "error",
  "message": "[Errno 111] Connection refused"
}
chord> Exiting Chord CLI.
Chord DHT CLI - Type 'help' for commands.
chord> Response: {
  "status": "error",
  "message": "[Errno 111] Connection refused"
}
chord> Exiting Chord CLI.
Chord DHT CLI - Type 'help' for commands.
chord> Response: {
  "status": "error",
  "message": "[Errno 111] Connection refused"
}
chord> Exiting Chord CLI.
Chord DHT CLI - Type 'help' for commands.
chord> Response: {
  "status": "error",
  "message": "[Errno 111] Connection refused"
}
chord> Exiting Chord CLI.
python3: can't open file '/home/ubuntu/distributed_systems/server/client_with_ports.py': [Errno 2] No such file or directory
python3: can't open file '/home/ubuntu/distributed_systems/server/client_with_ports.py': [Errno 2] No such file or directory
python3: can't open file '/home/ubuntu/distributed_systems/server/client_with_ports.py': [Errno 2] No such file or directory
python3: can't open file '/home/ubuntu/distributed_systems/server/client_with_ports.py': [Errno 2] No such file or directory
python3: can't open file '/home/ubuntu/distributed_systems/server/client_with_ports.py': [Errno 2] No such file or directory
python3: can't open file '/home/ubuntu/distributed_systems/server/client_with_ports.py': [Errno 2] No such file or directory
python3: can't open file '/home/ubuntu/distributed_systems/server/client_with_ports.py': [Errno 2] No such file or directory
python3: can't open file '/home/ubuntu/distributed_systems/server/client_with_ports.py': [Errno 2] No such file or directory
python3: can't open file '/home/ubuntu/distributed_systems/server/client_with_ports.py': [Errno 2] No such file or directory
python3: can't open file '/home/ubuntu/distributed_systems/server/client_with_ports.py': [Errno 2] No such file or directory
python3: can't open file '/home/ubuntu/distributed_systems/server/client_with_ports.py': [Errno 2] No such file or directory
python3: can't open file '/home/ubuntu/distributed_systems/server/client_with_ports.py': [Errno 2] No such file or directory
python3: can't open file '/home/ubuntu/distributed_systems/server/client_with_ports.py': [Errno 2] No such file or directory
python3: can't open file '/home/ubuntu/distributed_systems/server/client_with_ports.py': [Errno 2] No such file or directory
python3: can't open file '/home/ubuntu/distributed_systems/server/client_with_ports.py': [Errno 2] No such file or directory
python3: can't open file '/home/ubuntu/distributed_systems/server/client_with_ports.py': [Errno 2] No such file or directory
python3: can't open file '/home/ubuntu/distributed_systems/server/client_with_ports.py': [Errno 2] No such file or directory
python3: can't open file '/home/ubuntu/distributed_systems/server/client_with_ports.py': [Errno 2] No such file or directory
python3: can't open file '/home/ubuntu/distributed_systems/server/client_with_ports.py': [Errno 2] No such file or directory
python3: can't open file '/home/ubuntu/distributed_systems/server/client_with_ports.py': [Errno 2] No such file or directory
python3: can't open file '/home/ubuntu/distributed_systems/server/client_with_ports.py': [Errno 2] No such file or directory
python3: can't open file '/home/ubuntu/distributed_systems/server/client_with_ports.py': [Errno 2] No such file or directory
python3: can't open file '/home/ubuntu/distributed_systems/server/client_with_ports.py': [Errno 2] No such file or directory
python3: can't open file '/home/ubuntu/distributed_systems/server/client_with_ports.py': [Errno 2] No such file or directory
python3: can't open file '/home/ubuntu/distributed_systems/server/client_with_ports.py': [Errno 2] No such file or directory
python3: can't open file '/home/ubuntu/distributed_systems/server/client_with_ports.py': [Errno 2] No such file or directory
python3: can't open file '/home/ubuntu/distributed_systems/server/client_with_ports.py': [Errno 2] No such file or directory
python3: can't open file '/home/ubuntu/distributed_systems/server/client_with_ports.py': [Errno 2] No such file or directory
python3: can't open file '/home/ubuntu/distributed_systems/server/client_with_ports.py': [Errno 2] No such file or directory
python3: can't open file '/home/ubuntu/distributed_systems/server/client_with_ports.py': [Errno 2] No such file or directory
python3: can't open file '/home/ubuntu/distributed_systems/server/client_with_ports.py': [Errno 2] No such file or directory
python3: can't open file '/home/ubuntu/distributed_systems/server/client_with_ports.py': [Errno 2] No such file or directory
python3: can't open file '/home/ubuntu/distributed_systems/server/client_with_ports.py': [Errno 2] No such file or directory
python3: can't open file '/home/ubuntu/distributed_systems/server/client_with_ports.py': [Errno 2] No such file or directory
python3: can't open file '/home/ubuntu/distributed_systems/server/client_with_ports.py': [Errno 2] No such file or directory
python3: can't open file '/home/ubuntu/distributed_systems/server/client_with_ports.py': [Errno 2] No such file or directory
python3: can't open file '/home/ubuntu/distributed_systems/server/client_with_ports.py': [Errno 2] No such file or directory
python3: can't open file '/home/ubuntu/distributed_systems/server/client_with_ports.py': [Errno 2] No such file or directory
python3: can't open file '/home/ubuntu/distributed_systems/server/client_with_ports.py': [Errno 2] No such file or directory
python3: can't open file '/home/ubuntu/distributed_systems/server/client_with_ports.py': [Errno 2] No such file or directory
python3: can't open file '/home/ubuntu/distributed_systems/server/client_with_ports.py': [Errno 2] No such file or directory
python3: can't open file '/home/ubuntu/distributed_systems/server/client_with_ports.py': [Errno 2] No such file or directory
python3: can't open file '/home/ubuntu/distributed_systems/server/client_with_ports.py': [Errno 2] No such file or directory
Fatal Python error: init_import_site: Failed to import the site module
Python runtime state: initialized
Traceback (most recent call last):
  File "<frozen importlib._bootstrap>", line 1360, in _find_and_load
  File "<frozen importlib._bootstrap>", line 1331, in _find_and_load_unlocked
  File "<frozen importlib._bootstrap>", line 935, in _load_unlocked
  File "<frozen importlib._bootstrap>", line 1176, in exec_module
  File "<frozen site>", line 643, in <module>
  File "<frozen site>", line 630, in main
  File "<frozen site>", line 413, in addsitepackages
  File "<frozen site>", line 242, in addsitedir
  File "<frozen site>", line 201, in addpackage
  File "<string>", line 1, in <module>
  File "<frozen importlib._bootstrap>", line 1357, in _find_and_load
  File "<frozen importlib._bootstrap>", line 418, in __enter__
  File "<frozen importlib._bootstrap>", line 311, in acquire
  File "<frozen importlib._bootstrap>", line 170, in __enter__
  File "<frozen importlib._bootstrap>", line 132, in setdefault
  File "<frozen importlib._bootstrap>", line 80, in __init__
KeyboardInterrupt
python3: can't open file '/home/ubuntu/distributed_systems/server/client_with_ports.py': [Errno 2] No such file or directory
python3: can't open file '/home/ubuntu/distributed_systems/server/client_with_ports.py': [Errno 2] No such file or directory
python3: can't open file '/home/ubuntu/distributed_systems/server/client_with_ports.py': [Errno 2] No such file or directory
python3: can't open file '/home/ubuntu/distributed_systems/server/client_with_ports.py': [Errno 2] No such file or directory
python3: can't open file '/home/ubuntu/distributed_systems/server/client_with_ports.py': [Errno 2] No such file or directory
python3: can't open file '/home/ubuntu/distributed_systems/server/client_with_ports.py': [Errno 2] No such file or directory
Chord DHT CLI - Type 'help' for commands.
chord> Response: {
  "status": "error",
  "message": "[Errno 111] Connection refused"
}
chord> Exiting Chord CLI.
Chord DHT CLI - Type 'help' for commands.
chord> Response: {
  "status": "error",
  "message": "[Errno 111] Connection refused"
}
chord> Exiting Chord CLI.
Chord DHT CLI - Type 'help' for commands.
chord> Response: {
  "status": "error",
  "message": "[Errno 111] Connection refused"
}
chord> Exiting Chord CLI.
Chord DHT CLI - Type 'help' for commands.
chord> Response: {
  "status": "error",
  "message": "[Errno 111] Connection refused"
}
chord> Exiting Chord CLI.
Chord DHT CLI - Type 'help' for commands.
chord> Response: {
  "status": "error",
  "message": "[Errno 111] Connection refused"
}
chord> Exiting Chord CLI.
Chord DHT CLI - Type 'help' for commands.
chord> Response: {
  "status": "error",
  "message": "[Errno 111] Connection refused"
}
chord> Exiting Chord CLI.
Chord DHT CLI - Type 'help' for commands.
chord> Response: {
  "status": "error",
  "message": "[Errno 111] Connection refused"
}
chord> Exiting Chord CLI.
Chord DHT CLI - Type 'help' for commands.
chord> Response: {
  "status": "error",
  "message": "[Errno 111] Connection refused"
}
chord> Exiting Chord CLI.
Chord DHT CLI - Type 'help' for commands.
chord> Response: {
  "status": "error",
  "message": "[Errno 111] Connection refused"
}
chord> Exiting Chord CLI.
Chord DHT CLI - Type 'help' for commands.
chord> Response: {
  "status": "error",
  "message": "[Errno 111] Connection refused"
}
chord> Exiting Chord CLI.
Chord DHT CLI - Type 'help' for commands.
chord> Response: {
  "status": "error",
  "message": "[Errno 111] Connection refused"
}
chord> Exiting Chord CLI.
Chord DHT CLI - Type 'help' for commands.
chord> Response: {
  "status": "error",
  "message": "[Errno 111] Connection refused"
}
chord> Exiting Chord CLI.
Chord DHT CLI - Type 'help' for commands.
chord> Response: {
  "status": "error",
  "message": "[Errno 111] Connection refused"
}
chord> Exiting Chord CLI.
Chord DHT CLI - Type 'help' for commands.
chord> Response: {
  "status": "error",
  "message": "[Errno 111] Connection refused"
}
chord> Exiting Chord CLI.
Chord DHT CLI - Type 'help' for commands.
chord> Response: {
  "status": "error",
  "message": "[Errno 111] Connection refused"
}
chord> Exiting Chord CLI.
Chord DHT CLI - Type 'help' for commands.
chord> Response: {
  "status": "error",
  "message": "[Errno 111] Connection refused"
}
chord> Exiting Chord CLI.
Chord DHT CLI - Type 'help' for commands.
chord> Response: {
  "status": "error",
  "message": "[Errno 111] Connection refused"
}
chord> Exiting Chord CLI.
Chord DHT CLI - Type 'help' for commands.
chord> Response: {
  "status": "error",
  "message": "[Errno 111] Connection refused"
}
chord> Exiting Chord CLI.
Chord DHT CLI - Type 'help' for commands.
chord> Response: {
  "status": "error",
  "message": "[Errno 111] Connection refused"
}
chord> Exiting Chord CLI.
Chord DHT CLI - Type 'help' for commands.
chord> Response: {
  "status": "error",
  "message": "[Errno 111] Connection refused"
}
chord> Exiting Chord CLI.
Chord DHT CLI - Type 'help' for commands.
chord> Response: {
  "status": "error",
  "message": "[Errno 111] Connection refused"
}
chord> Exiting Chord CLI.
Chord DHT CLI - Type 'help' for commands.
chord> Response: {
  "status": "error",
  "message": "[Errno 111] Connection refused"
}
chord> Exiting Chord CLI.
Chord DHT CLI - Type 'help' for commands.
chord> Response: {
  "status": "error",
  "message": "[Errno 111] Connection refused"
}
chord> Exiting Chord CLI.
Chord DHT CLI - Type 'help' for commands.
chord> Response: {
  "status": "error",
  "message": "[Errno 111] Connection refused"
}
chord> Exiting Chord CLI.
Chord DHT CLI - Type 'help' for commands.
chord> Response: {
  "status": "error",
  "message": "[Errno 111] Connection refused"
}
chord> Exiting Chord CLI.
Chord DHT CLI - Type 'help' for commands.
chord> Response: {
  "status": "error",
  "message": "[Errno 111] Connection refused"
}
chord> Exiting Chord CLI.
Chord DHT CLI - Type 'help' for commands.
chord> Response: {
  "status": "error",
  "message": "[Errno 111] Connection refused"
}
chord> Exiting Chord CLI.
Chord DHT CLI - Type 'help' for commands.
chord> Response: {
  "status": "error",
  "message": "[Errno 111] Connection refused"
}
chord> Exiting Chord CLI.
Chord DHT CLI - Type 'help' for commands.
chord> Response: {
  "status": "error",
  "message": "[Errno 111] Connection refused"
}
chord> Exiting Chord CLI.
Chord DHT CLI - Type 'help' for commands.
chord> Response: {
  "status": "error",
  "message": "[Errno 111] Connection refused"
}
chord> Exiting Chord CLI.
Chord DHT CLI - Type 'help' for commands.
chord> Response: {
  "status": "error",
  "message": "[Errno 111] Connection refused"
}
chord> Exiting Chord CLI.
Chord DHT CLI - Type 'help' for commands.
chord> Response: {
  "status": "error",
  "message": "[Errno 111] Connection refused"
}
chord> Exiting Chord CLI.
Chord DHT CLI - Type 'help' for commands.
chord> Response: {
  "status": "error",
  "message": "[Errno 111] Connection refused"
}
chord> Exiting Chord CLI.
Chord DHT CLI - Type 'help' for commands.
chord> Response: {
  "status": "error",
  "message": "[Errno 111] Connection refused"
}
chord> Exiting Chord CLI.
Chord DHT CLI - Type 'help' for commands.
chord> Response: {
  "status": "error",
  "message": "[Errno 111] Connection refused"
}
chord> Exiting Chord CLI.
Chord DHT CLI - Type 'help' for commands.
chord> Response: {
  "status": "error",
  "message": "[Errno 111] Connection refused"
}
chord> Exiting Chord CLI.
Chord DHT CLI - Type 'help' for commands.
chord> Response: {
  "status": "error",
  "message": "[Errno 111] Connection refused"
}
chord> Exiting Chord CLI.
Chord DHT CLI - Type 'help' for commands.
chord> Response: {
  "status": "error",
  "message": "[Errno 111] Connection refused"
}
chord> Exiting Chord CLI.
Chord DHT CLI - Type 'help' for commands.
chord> Response: {
  "status": "error",
  "message": "[Errno 111] Connection refused"
}
chord> Exiting Chord CLI.
Chord DHT CLI - Type 'help' for commands.
chord> Response: {
  "status": "error",
  "message": "[Errno 111] Connection refused"
}
chord> Exiting Chord CLI.
Chord DHT CLI - Type 'help' for commands.
chord> Response: {
  "status": "error",
  "message": "[Errno 111] Connection refused"
}
chord> Exiting Chord CLI.
Chord DHT CLI - Type 'help' for commands.
chord> Response: {
  "status": "error",
  "message": "[Errno 111] Connection refused"
}
chord> Exiting Chord CLI.
Chord DHT CLI - Type 'help' for commands.
chord> Response: {
  "status": "error",
  "message": "[Errno 111] Connection refused"
}
chord> Exiting Chord CLI.
Chord DHT CLI - Type 'help' for commands.
chord> Response: {
  "status": "error",
  "message": "[Errno 111] Connection refused"
}
chord> Exiting Chord CLI.
Chord DHT CLI - Type 'help' for commands.
chord> Response: {
  "status": "error",
  "message": "[Errno 111] Connection refused"
}
chord> Exiting Chord CLI.
Chord DHT CLI - Type 'help' for commands.
chord> Response: {
  "status": "error",
  "message": "[Errno 111] Connection refused"
}
chord> Exiting Chord CLI.
Chord DHT CLI - Type 'help' for commands.
chord> Response: {
  "status": "error",
  "message": "[Errno 111] Connection refused"
}
chord> Exiting Chord CLI.
Chord DHT CLI - Type 'help' for commands.
chord> Response: {
  "status": "error",
  "message": "[Errno 111] Connection refused"
}
chord> Exiting Chord CLI.
Chord DHT CLI - Type 'help' for commands.
chord> Response: {
  "status": "error",
  "message": "[Errno 111] Connection refused"
}
chord> Exiting Chord CLI.
Chord DHT CLI - Type 'help' for commands.
chord> Response: {
  "status": "error",
  "message": "[Errno 111] Connection refused"
}
chord> Exiting Chord CLI.
Chord DHT CLI - Type 'help' for commands.
chord> Response: {
  "status": "error",
  "message": "[Errno 111] Connection refused"
}
chord> Exiting Chord CLI.
Chord DHT CLI - Type 'help' for commands.
chord> Response: {
  "status": "error",
  "message": "[Errno 111] Connection refused"
}
chord> Exiting Chord CLI.
Chord DHT CLI - Type 'help' for commands.
chord> Response: {
  "status": "error",
  "message": "[Errno 111] Connection refused"
}
chord> Exiting Chord CLI.
Chord DHT CLI - Type 'help' for commands.
chord> Response: {
  "status": "error",
  "message": "[Errno 111] Connection refused"
}
chord> Exiting Chord CLI.
Chord DHT CLI - Type 'help' for commands.
chord> Response: {
  "status": "error",
  "message": "[Errno 111] Connection refused"
}
chord> Exiting Chord CLI.
Chord DHT CLI - Type 'help' for commands.
chord> Response: {
  "status": "error",
  "message": "[Errno 111] Connection refused"
}
chord> Exiting Chord CLI.
Chord DHT CLI - Type 'help' for commands.
chord> Response: {
  "status": "error",
  "message": "[Errno 111] Connection refused"
}
chord> Exiting Chord CLI.
Chord DHT CLI - Type 'help' for commands.
chord> Response: {
  "status": "error",
  "message": "[Errno 111] Connection refused"
}
chord> Exiting Chord CLI.
Chord DHT CLI - Type 'help' for commands.
chord> Response: {
  "status": "error",
  "message": "[Errno 111] Connection refused"
}
chord> Exiting Chord CLI.
Chord DHT CLI - Type 'help' for commands.
chord> Response: {
  "status": "error",
  "message": "[Errno 111] Connection refused"
}
chord> Exiting Chord CLI.
Chord DHT CLI - Type 'help' for commands.
chord> Response: {
  "status": "error",
  "message": "[Errno 111] Connection refused"
}
chord> Exiting Chord CLI.
Chord DHT CLI - Type 'help' for commands.
chord> Response: {
  "status": "error",
  "message": "[Errno 111] Connection refused"
}
chord> Exiting Chord CLI.
Chord DHT CLI - Type 'help' for commands.
chord> Response: {
  "status": "error",
  "message": "[Errno 111] Connection refused"
}
chord> Exiting Chord CLI.
Chord DHT CLI - Type 'help' for commands.
chord> Response: {
  "status": "error",
  "message": "[Errno 111] Connection refused"
}
chord> Exiting Chord CLI.
Chord DHT CLI - Type 'help' for commands.
chord> Response: {
  "status": "error",
  "message": "[Errno 111] Connection refused"
}
chord> Exiting Chord CLI.
Chord DHT CLI - Type 'help' for commands.
chord> Response: {
  "status": "error",
  "message": "[Errno 111] Connection refused"
}
chord> Exiting Chord CLI.
Chord DHT CLI - Type 'help' for commands.
chord> Response: {
  "status": "error",
  "message": "[Errno 111] Connection refused"
}
chord> Exiting Chord CLI.
Chord DHT CLI - Type 'help' for commands.
chord> Response: {
  "status": "error",
  "message": "[Errno 111] Connection refused"
}
chord> Exiting Chord CLI.
Chord DHT CLI - Type 'help' for commands.
chord> Response: {
  "status": "error",
  "message": "[Errno 111] Connection refused"
}
chord> Exiting Chord CLI.
Chord DHT CLI - Type 'help' for commands.
chord> Response: {
  "status": "error",
  "message": "[Errno 111] Connection refused"
}
chord> Exiting Chord CLI.
Chord DHT CLI - Type 'help' for commands.
chord> Response: {
  "status": "error",
  "message": "[Errno 111] Connection refused"
}
chord> Exiting Chord CLI.
Chord DHT CLI - Type 'help' for commands.
chord> Response: {
  "status": "error",
  "message": "[Errno 111] Connection refused"
}
chord> Exiting Chord CLI.
Chord DHT CLI - Type 'help' for commands.
chord> Response: {
  "status": "error",
  "message": "[Errno 111] Connection refused"
}
chord> Exiting Chord CLI.
Chord DHT CLI - Type 'help' for commands.
chord> Response: {
  "status": "error",
  "message": "[Errno 111] Connection refused"
}
chord> Exiting Chord CLI.
Chord DHT CLI - Type 'help' for commands.
chord> Response: {
  "status": "error",
  "message": "[Errno 111] Connection refused"
}
chord> Exiting Chord CLI.
Chord DHT CLI - Type 'help' for commands.
chord> Response: {
  "status": "error",
  "message": "[Errno 111] Connection refused"
}
chord> Exiting Chord CLI.
Chord DHT CLI - Type 'help' for commands.
chord> Response: {
  "status": "error",
  "message": "[Errno 111] Connection refused"
}
chord> Exiting Chord CLI.
Chord DHT CLI - Type 'help' for commands.
chord> Response: {
  "status": "error",
  "message": "[Errno 111] Connection refused"
}
chord> Exiting Chord CLI.
Chord DHT CLI - Type 'help' for commands.
chord> Response: {
  "status": "error",
  "message": "[Errno 111] Connection refused"
}
chord> Exiting Chord CLI.
Chord DHT CLI - Type 'help' for commands.
chord> Response: {
  "status": "error",
  "message": "[Errno 111] Connection refused"
}
chord> Exiting Chord CLI.
Chord DHT CLI - Type 'help' for commands.
chord> Response: {
  "status": "error",
  "message": "[Errno 111] Connection refused"
}
chord> Exiting Chord CLI.
Chord DHT CLI - Type 'help' for commands.
chord> Response: {
  "status": "error",
  "message": "[Errno 111] Connection refused"
}
chord> Exiting Chord CLI.
Chord DHT CLI - Type 'help' for commands.
chord> Response: {
  "status": "error",
  "message": "[Errno 111] Connection refused"
}
chord> Exiting Chord CLI.
Chord DHT CLI - Type 'help' for commands.
chord> Response: {
  "status": "error",
  "message": "[Errno 111] Connection refused"
}
chord> Exiting Chord CLI.
Chord DHT CLI - Type 'help' for commands.
chord> Response: {
  "status": "error",
  "message": "[Errno 111] Connection refused"
}
chord> Exiting Chord CLI.
Chord DHT CLI - Type 'help' for commands.
chord> Response: {
  "status": "error",
  "message": "[Errno 111] Connection refused"
}
chord> Exiting Chord CLI.
Chord DHT CLI - Type 'help' for commands.
chord> Response: {
  "status": "error",
  "message": "[Errno 111] Connection refused"
}
chord> Exiting Chord CLI.
Chord DHT CLI - Type 'help' for commands.
chord> Response: {
  "status": "error",
  "message": "[Errno 111] Connection refused"
}
chord> Exiting Chord CLI.
Chord DHT CLI - Type 'help' for commands.
chord> Response: {
  "status": "error",
  "message": "[Errno 111] Connection refused"
}
chord> Exiting Chord CLI.
Chord DHT CLI - Type 'help' for commands.
chord> Response: {
  "status": "error",
  "message": "[Errno 111] Connection refused"
}
chord> Exiting Chord CLI.
Chord DHT CLI - Type 'help' for commands.
chord> Response: {
  "status": "error",
  "message": "[Errno 111] Connection refused"
}
chord> Exiting Chord CLI.
Chord DHT CLI - Type 'help' for commands.
chord> Response: {
  "status": "error",
  "message": "[Errno 111] Connection refused"
}
chord> Exiting Chord CLI.
Chord DHT CLI - Type 'help' for commands.
chord> Response: {
  "status": "error",
  "message": "[Errno 111] Connection refused"
}
chord> Exiting Chord CLI.
Chord DHT CLI - Type 'help' for commands.
chord> Response: {
  "status": "error",
  "message": "[Errno 111] Connection refused"
}
chord> Exiting Chord CLI.
Chord DHT CLI - Type 'help' for commands.
chord> Response: {
  "status": "error",
  "message": "[Errno 111] Connection refused"
}
chord> Exiting Chord CLI.
Chord DHT CLI - Type 'help' for commands.
chord> Response: {
  "status": "error",
  "message": "[Errno 111] Connection refused"
}
chord> Exiting Chord CLI.
Chord DHT CLI - Type 'help' for commands.
chord> Response: {
  "status": "error",
  "message": "[Errno 111] Connection refused"
}
chord> Exiting Chord CLI.
Chord DHT CLI - Type 'help' for commands.
chord> Response: {
  "status": "error",
  "message": "[Errno 111] Connection refused"
}
chord> Exiting Chord CLI.
Chord DHT CLI - Type 'help' for commands.
chord> Response: {
  "status": "error",
  "message": "[Errno 111] Connection refused"
}
chord> Exiting Chord CLI.
Chord DHT CLI - Type 'help' for commands.
chord> Response: {
  "status": "error",
  "message": "[Errno 111] Connection refused"
}
chord> Exiting Chord CLI.
Chord DHT CLI - Type 'help' for commands.
chord> Response: {
  "status": "success",
  "node": 1031557372816657147339763724538982653067682527451,
  "message": "Key stored (primary) \u2013 replication in progress"
}
chord> Exiting Chord CLI.
Chord DHT CLI - Type 'help' for commands.
chord> Response: {
  "status": "success",
  "node": 594503878842345689106620227059135264641894666375,
  "message": "Key stored (primary) \u2013 replication in progress"
}
chord> Exiting Chord CLI.
Chord DHT CLI - Type 'help' for commands.
chord> Response: {
  "status": "success",
  "node": 594503878842345689106620227059135264641894666375,
  "message": "Key stored (primary) \u2013 replication in progress"
}
chord> Exiting Chord CLI.
Chord DHT CLI - Type 'help' for commands.
chord> Response: {
  "status": "success",
  "node": 1257886854971534776325622084144456255821765513169,
  "message": "Key stored (primary) \u2013 replication in progress"
}
chord> Exiting Chord CLI.
Chord DHT CLI - Type 'help' for commands.
chord> Response: {
  "status": "success",
  "node": 7875819371350328689965791664143894393178181712,
  "message": "Key stored (primary) \u2013 replication in progress"
}
chord> Exiting Chord CLI.
Chord DHT CLI - Type 'help' for commands.
chord> Response: {
  "status": "error",
  "message": "Unterminated string starting at: line 1 column 4075 (char 4074)"
}
chord> Exiting Chord CLI.
Chord DHT CLI - Type 'help' for commands.
chord> Response: {
  "status": "success",
  "node": 1247804169467685645483778208575616102014578470961,
  "message": "Key stored (primary) \u2013 replication in progress"
}
chord> Exiting Chord CLI.
Chord DHT CLI - Type 'help' for commands.
chord> Response: {
  "status": "success",
  "node": 1247804169467685645483778208575616102014578470961,
  "message": "Key stored (primary) \u2013 replication in progress"
}
chord> Exiting Chord CLI.
Chord DHT CLI - Type 'help' for commands.
chord> Response: {
  "status": "success",
  "node": 1257886854971534776325622084144456255821765513169,
  "message": "Key stored (primary) \u2013 replication in progress"
}
chord> Exiting Chord CLI.
Chord DHT CLI - Type 'help' for commands.
chord> Response: {
  "status": "error",
  "message": "Unterminated string starting at: line 1 column 4075 (char 4074)"
}
chord> Exiting Chord CLI.
Chord DHT CLI - Type 'help' for commands.
chord> Response: {
  "status": "error",
  "message": "Unterminated string starting at: line 1 column 4075 (char 4074)"
}
chord> Exiting Chord CLI.
Chord DHT CLI - Type 'help' for commands.
chord> Response: {
  "status": "error",
  "message": "Unterminated string starting at: line 1 column 4075 (char 4074)"
}
chord> Exiting Chord CLI.
Chord DHT CLI - Type 'help' for commands.
chord> Response: {
  "status": "error",
  "message": "Unterminated string starting at: line 1 column 4075 (char 4074)"
}
chord> Exiting Chord CLI.
Chord DHT CLI - Type 'help' for commands.
chord> Response: {
  "status": "success",
  "node": 7875819371350328689965791664143894393178181712,
  "message": "Key stored (primary) \u2013 replication in progress"
}
chord> Exiting Chord CLI.
Chord DHT CLI - Type 'help' for commands.
chord> Response: {
  "status": "error",
  "message": "Unterminated string starting at: line 1 column 4075 (char 4074)"
}
chord> Exiting Chord CLI.
Chord DHT CLI - Type 'help' for commands.
chord> Response: {
  "status": "error",
  "message": "Unterminated string starting at: line 1 column 4075 (char 4074)"
}
chord> Exiting Chord CLI.
Chord DHT CLI - Type 'help' for commands.
chord> Response: {
  "status": "success",
  "node": 811733240774842639575478033167233284720562256978,
  "message": "Key stored (primary) \u2013 replication in progress"
}
chord> Exiting Chord CLI.
Chord DHT CLI - Type 'help' for commands.
chord> Response: {
  "status": "success",
  "node": 1257886854971534776325622084144456255821765513169,
  "message": "Key stored (primary) \u2013 replication in progress"
}
chord> Exiting Chord CLI.
Chord DHT CLI - Type 'help' for commands.
chord> Response: {
  "status": "error",
  "message": "Unterminated string starting at: line 1 column 4075 (char 4074)"
}
chord> Exiting Chord CLI.
Chord DHT CLI - Type 'help' for commands.
chord> Response: {
  "status": "success",
  "node": 1031557372816657147339763724538982653067682527451,
  "message": "Key stored (primary) \u2013 replication in progress"
}
chord> Exiting Chord CLI.
Chord DHT CLI - Type 'help' for commands.
chord> Response: {
  "status": "error",
  "message": "Unterminated string starting at: line 1 column 4081 (char 4080)"
}
chord> Exiting Chord CLI.
Chord DHT CLI - Type 'help' for commands.
chord> Response: {
  "status": "success",
  "node": 1031557372816657147339763724538982653067682527451,
  "message": "Key stored (primary) \u2013 replication in progress"
}
chord> Exiting Chord CLI.
Chord DHT CLI - Type 'help' for commands.
chord> Response: {
  "status": "success",
  "node": 1247804169467685645483778208575616102014578470961,
  "message": "Key stored (primary) \u2013 replication in progress"
}
chord> Exiting Chord CLI.
Chord DHT CLI - Type 'help' for commands.
chord> Response: {
  "status": "error",
  "message": "Unterminated string starting at: line 1 column 4075 (char 4074)"
}
chord> Exiting Chord CLI.
Chord DHT CLI - Type 'help' for commands.
chord> Response: {
  "status": "error",
  "message": "Unterminated string starting at: line 1 column 4075 (char 4074)"
}
chord> Exiting Chord CLI.
Chord DHT CLI - Type 'help' for commands.
chord> Response: {
  "status": "success",
  "node": 7875819371350328689965791664143894393178181712,
  "message": "Key stored (primary) \u2013 replication in progress"
}
chord> Exiting Chord CLI.
Chord DHT CLI - Type 'help' for commands.
chord> Response: {
  "status": "success",
  "node": 7875819371350328689965791664143894393178181712,
  "message": "Key stored (primary) \u2013 replication in progress"
}
chord> Exiting Chord CLI.
Chord DHT CLI - Type 'help' for commands.
chord> Response: {
  "status": "success",
  "node": 7875819371350328689965791664143894393178181712,
  "message": "Key stored (primary) \u2013 replication in progress"
}
chord> Exiting Chord CLI.
Chord DHT CLI - Type 'help' for commands.
chord> Response: {
  "status": "error",
  "message": "Unterminated string starting at: line 1 column 4075 (char 4074)"
}
chord> Exiting Chord CLI.
Chord DHT CLI - Type 'help' for commands.
chord> Response: {
  "status": "error",
  "message": "Unterminated string starting at: line 1 column 4070 (char 4069)"
}
chord> Exiting Chord CLI.
Chord DHT CLI - Type 'help' for commands.
chord> Response: {
  "status": "success",
  "node": 1247804169467685645483778208575616102014578470961,
  "message": "Key stored (primary) \u2013 replication in progress"
}
chord> Exiting Chord CLI.
Chord DHT CLI - Type 'help' for commands.
chord> Response: {
  "status": "success",
  "node": 1031557372816657147339763724538982653067682527451,
  "message": "Key stored (primary) \u2013 replication in progress"
}
chord> Exiting Chord CLI.
Chord DHT CLI - Type 'help' for commands.
chord> Response: {
  "status": "success",
  "node": 7875819371350328689965791664143894393178181712,
  "message": "Key stored (primary) \u2013 replication in progress"
}
chord> Exiting Chord CLI.
Chord DHT CLI - Type 'help' for commands.
chord> Response: {
  "status": "error",
  "message": "Unterminated string starting at: line 1 column 4075 (char 4074)"
}
chord> Exiting Chord CLI.
Chord DHT CLI - Type 'help' for commands.
chord> Response: {
  "status": "success",
  "node": 7875819371350328689965791664143894393178181712,
  "message": "Key stored (primary) \u2013 replication in progress"
}
chord> Exiting Chord CLI.
Chord DHT CLI - Type 'help' for commands.
chord> Response: {
  "status": "success",
  "node": 969432207210325526737328719144474474846745595825,
  "message": "Key stored (primary) \u2013 replication in progress"
}
chord> Exiting Chord CLI.
Chord DHT CLI - Type 'help' for commands.
chord> Response: {
  "status": "error",
  "message": "Unterminated string starting at: line 1 column 4075 (char 4074)"
}
chord> Exiting Chord CLI.
Chord DHT CLI - Type 'help' for commands.
chord> Response: {
  "status": "success",
  "node": 7875819371350328689965791664143894393178181712,
  "message": "Key stored (primary) \u2013 replication in progress"
}
chord> Exiting Chord CLI.
Chord DHT CLI - Type 'help' for commands.
chord> Response: {
  "status": "success",
  "node": 7875819371350328689965791664143894393178181712,
  "message": "Key stored (primary) \u2013 replication in progress"
}
chord> Exiting Chord CLI.
Chord DHT CLI - Type 'help' for commands.
chord> Response: {
  "status": "success",
  "node": 969432207210325526737328719144474474846745595825,
  "message": "Key stored (primary) \u2013 replication in progress"
}
chord> Exiting Chord CLI.
Chord DHT CLI - Type 'help' for commands.
chord> Response: {
  "status": "success",
  "node": 1247804169467685645483778208575616102014578470961,
  "message": "Key stored (primary) \u2013 replication in progress"
}
chord> Exiting Chord CLI.
Chord DHT CLI - Type 'help' for commands.
chord> Response: {
  "status": "error",
  "message": "Unterminated string starting at: line 1 column 4076 (char 4075)"
}
chord> Exiting Chord CLI.
Chord DHT CLI - Type 'help' for commands.
chord> Response: {
  "status": "error",
  "message": "Unterminated string starting at: line 1 column 4075 (char 4074)"
}
chord> Exiting Chord CLI.
Chord DHT CLI - Type 'help' for commands.
chord> Response: {
  "status": "error",
  "message": "Unterminated string starting at: line 1 column 4075 (char 4074)"
}
chord> Exiting Chord CLI.
Chord DHT CLI - Type 'help' for commands.
chord> Response: {
  "status": "success",
  "node": 1247804169467685645483778208575616102014578470961,
  "message": "Key stored (primary) \u2013 replication in progress"
}
chord> Exiting Chord CLI.
Chord DHT CLI - Type 'help' for commands.
chord> Response: {
  "status": "error",
  "message": "Unterminated string starting at: line 1 column 4081 (char 4080)"
}
chord> Exiting Chord CLI.
Chord DHT CLI - Type 'help' for commands.
chord> Response: {
  "status": "error",
  "message": "Unterminated string starting at: line 1 column 4094 (char 4093)"
}
chord> Exiting Chord CLI.
Chord DHT CLI - Type 'help' for commands.
chord> Response: {
  "status": "error",
  "message": "Unterminated string starting at: line 1 column 4094 (char 4093)"
}
chord> Exiting Chord CLI.
Chord DHT CLI - Type 'help' for commands.
chord> Response: {
  "status": "error",
  "message": "Unterminated string starting at: line 1 column 4075 (char 4074)"
}
chord> Exiting Chord CLI.
Chord DHT CLI - Type 'help' for commands.
chord> Response: {
  "status": "error",
  "message": "Unterminated string starting at: line 1 column 4076 (char 4075)"
}
chord> Exiting Chord CLI.
Chord DHT CLI - Type 'help' for commands.
chord> Response: {
  "status": "success",
  "node": 1031557372816657147339763724538982653067682527451,
  "message": "Key stored (primary) \u2013 replication in progress"
}
chord> Exiting Chord CLI.
Chord DHT CLI - Type 'help' for commands.
chord> Response: {
  "status": "success",
  "node": 594503878842345689106620227059135264641894666375,
  "message": "Key stored (primary) \u2013 replication in progress"
}
chord> Exiting Chord CLI.
Chord DHT CLI - Type 'help' for commands.
chord> Response: {
  "status": "success",
  "node": 594503878842345689106620227059135264641894666375,
  "message": "Key stored (primary) \u2013 replication in progress"
}
chord> Exiting Chord CLI.
Chord DHT CLI - Type 'help' for commands.
chord> Response: {
  "status": "success",
  "node": 1257886854971534776325622084144456255821765513169,
  "message": "Key stored (primary) \u2013 replication in progress"
}
chord> Exiting Chord CLI.
Chord DHT CLI - Type 'help' for commands.
chord> Response: {
  "status": "success",
  "node": 7875819371350328689965791664143894393178181712,
  "message": "Key stored (primary) \u2013 replication in progress"
}
chord> Exiting Chord CLI.
Chord DHT CLI - Type 'help' for commands.
chord> Response: {
  "status": "success",
  "node": 594503878842345689106620227059135264641894666375,
  "message": "Key stored (primary) \u2013 replication in progress"
}
chord> Exiting Chord CLI.
Chord DHT CLI - Type 'help' for commands.
chord> Response: {
  "status": "success",
  "node": 1247804169467685645483778208575616102014578470961,
  "message": "Key stored (primary) \u2013 replication in progress"
}
chord> Exiting Chord CLI.
Chord DHT CLI - Type 'help' for commands.
chord> Response: {
  "status": "success",
  "node": 1247804169467685645483778208575616102014578470961,
  "message": "Key stored (primary) \u2013 replication in progress"
}
chord> Exiting Chord CLI.
Chord DHT CLI - Type 'help' for commands.
chord> Response: {
  "status": "success",
  "node": 1257886854971534776325622084144456255821765513169,
  "message": "Key stored (primary) \u2013 replication in progress"
}
chord> Exiting Chord CLI.
Chord DHT CLI - Type 'help' for commands.
chord> Response: {
  "status": "success",
  "node": 594503878842345689106620227059135264641894666375,
  "message": "Key stored (primary) \u2013 replication in progress"
}
chord> Exiting Chord CLI.
Chord DHT CLI - Type 'help' for commands.
chord> Response: {
  "status": "success",
  "node": 594503878842345689106620227059135264641894666375,
  "message": "Key stored (primary) \u2013 replication in progress"
}
chord> Exiting Chord CLI.
Chord DHT CLI - Type 'help' for commands.
chord> Response: {
  "status": "success",
  "node": 594503878842345689106620227059135264641894666375,
  "message": "Key stored (primary) \u2013 replication in progress"
}
chord> Exiting Chord CLI.
Chord DHT CLI - Type 'help' for commands.
chord> Response: {
  "status": "success",
  "node": 594503878842345689106620227059135264641894666375,
  "message": "Key stored (primary) \u2013 replication in progress"
}
chord> Exiting Chord CLI.
Chord DHT CLI - Type 'help' for commands.
chord> Response: {
  "status": "success",
  "node": 7875819371350328689965791664143894393178181712,
  "message": "Key stored (primary) \u2013 replication in progress"
}
chord> Exiting Chord CLI.
Chord DHT CLI - Type 'help' for commands.
chord> Response: {
  "status": "success",
  "node": 594503878842345689106620227059135264641894666375,
  "message": "Key stored (primary) \u2013 replication in progress"
}
chord> Exiting Chord CLI.
Chord DHT CLI - Type 'help' for commands.
chord> Response: {
  "status": "success",
  "node": 594503878842345689106620227059135264641894666375,
  "message": "Key stored (primary) \u2013 replication in progress"
}
chord> Exiting Chord CLI.
Chord DHT CLI - Type 'help' for commands.
chord> Response: {
  "status": "success",
  "node": 811733240774842639575478033167233284720562256978,
  "message": "Key stored (primary) \u2013 replication in progress"
}
chord> Exiting Chord CLI.
Chord DHT CLI - Type 'help' for commands.
chord> Response: {
  "status": "success",
  "node": 1257886854971534776325622084144456255821765513169,
  "message": "Key stored (primary) \u2013 replication in progress"
}
chord> Exiting Chord CLI.
Chord DHT CLI - Type 'help' for commands.
chord> Response: {
  "status": "error",
  "message": "Unterminated string starting at: line 1 column 4075 (char 4074)"
}
chord> Exiting Chord CLI.
Chord DHT CLI - Type 'help' for commands.
chord> Response: {
  "status": "success",
  "node": 1031557372816657147339763724538982653067682527451,
  "message": "Key stored (primary) \u2013 replication in progress"
}
chord> Exiting Chord CLI.
Chord DHT CLI - Type 'help' for commands.
chord> Response: {
  "status": "success",
  "node": 811733240774842639575478033167233284720562256978,
  "message": "Key stored (primary) \u2013 replication in progress"
}
chord> Exiting Chord CLI.
Chord DHT CLI - Type 'help' for commands.
chord> Response: {
  "status": "success",
  "node": 1031557372816657147339763724538982653067682527451,
  "message": "Key stored (primary) \u2013 replication in progress"
}
chord> Exiting Chord CLI.
Chord DHT CLI - Type 'help' for commands.
chord> Response: {
  "status": "success",
  "node": 1247804169467685645483778208575616102014578470961,
  "message": "Key stored (primary) \u2013 replication in progress"
}
chord> Exiting Chord CLI.
Chord DHT CLI - Type 'help' for commands.
chord> Response: {
  "status": "error",
  "message": "Unterminated string starting at: line 1 column 4075 (char 4074)"
}
chord> Exiting Chord CLI.
Chord DHT CLI - Type 'help' for commands.
chord> Response: {
  "status": "error",
  "message": "Unterminated string starting at: line 1 column 4075 (char 4074)"
}
chord> Exiting Chord CLI.
Chord DHT CLI - Type 'help' for commands.
chord> Response: {
  "status": "success",
  "node": 7875819371350328689965791664143894393178181712,
  "message": "Key stored (primary) \u2013 replication in progress"
}
chord> Exiting Chord CLI.
Chord DHT CLI - Type 'help' for commands.
chord> Response: {
  "status": "success",
  "node": 7875819371350328689965791664143894393178181712,
  "message": "Key stored (primary) \u2013 replication in progress"
}
chord> Exiting Chord CLI.
Chord DHT CLI - Type 'help' for commands.
chord> Response: {
  "status": "success",
  "node": 7875819371350328689965791664143894393178181712,
  "message": "Key stored (primary) \u2013 replication in progress"
}
chord> Exiting Chord CLI.
Chord DHT CLI - Type 'help' for commands.
chord> Response: {
  "status": "error",
  "message": "Unterminated string starting at: line 1 column 4075 (char 4074)"
}
chord> Exiting Chord CLI.
Chord DHT CLI - Type 'help' for commands.
chord> Response: {
  "status": "error",
  "message": "Unterminated string starting at: line 1 column 4071 (char 4070)"
}
chord> Exiting Chord CLI.
Chord DHT CLI - Type 'help' for commands.
chord> Response: {
  "status": "success",
  "node": 1247804169467685645483778208575616102014578470961,
  "message": "Key stored (primary) \u2013 replication in progress"
}
chord> Exiting Chord CLI.
Chord DHT CLI - Type 'help' for commands.
chord> Response: {
  "status": "success",
  "node": 1031557372816657147339763724538982653067682527451,
  "message": "Key stored (primary) \u2013 replication in progress"
}
chord> Exiting Chord CLI.
Chord DHT CLI - Type 'help' for commands.
chord> Response: {
  "status": "success",
  "node": 7875819371350328689965791664143894393178181712,
  "message": "Key stored (primary) \u2013 replication in progress"
}
chord> Exiting Chord CLI.
Chord DHT CLI - Type 'help' for commands.
chord> Response: {
  "status": "error",
  "message": "Unterminated string starting at: line 1 column 4075 (char 4074)"
}
chord> Exiting Chord CLI.
Chord DHT CLI - Type 'help' for commands.
chord> Response: {
  "status": "success",
  "node": 7875819371350328689965791664143894393178181712,
  "message": "Key stored (primary) \u2013 replication in progress"
}
chord> Exiting Chord CLI.
Chord DHT CLI - Type 'help' for commands.
chord> Response: {
  "status": "success",
  "node": 969432207210325526737328719144474474846745595825,
  "message": "Key stored (primary) \u2013 replication in progress"
}
chord> Exiting Chord CLI.
Chord DHT CLI - Type 'help' for commands.
chord> Response: {
  "status": "error",
  "message": "Unterminated string starting at: line 1 column 4075 (char 4074)"
}
chord> Exiting Chord CLI.
Chord DHT CLI - Type 'help' for commands.
chord> Response: {
  "status": "success",
  "node": 7875819371350328689965791664143894393178181712,
  "message": "Key stored (primary) \u2013 replication in progress"
}
chord> Exiting Chord CLI.
Chord DHT CLI - Type 'help' for commands.
chord> Response: {
  "status": "success",
  "node": 7875819371350328689965791664143894393178181712,
  "message": "Key stored (primary) \u2013 replication in progress"
}
chord> Exiting Chord CLI.
Chord DHT CLI - Type 'help' for commands.
chord> Response: {
  "status": "success",
  "node": 969432207210325526737328719144474474846745595825,
  "message": "Key stored (primary) \u2013 replication in progress"
}
chord> Exiting Chord CLI.
Chord DHT CLI - Type 'help' for commands.
chord> Response: {
  "status": "success",
  "node": 1247804169467685645483778208575616102014578470961,
  "message": "Key stored (primary) \u2013 replication in progress"
}
chord> Exiting Chord CLI.
Chord DHT CLI - Type 'help' for commands.
chord> Response: {
  "status": "success",
  "node": 7875819371350328689965791664143894393178181712,
  "message": "Key stored (primary) \u2013 replication in progress"
}
chord> Exiting Chord CLI.
Chord DHT CLI - Type 'help' for commands.
chord> Response: {
  "status": "error",
  "message": "Unterminated string starting at: line 1 column 4075 (char 4074)"
}
chord> Exiting Chord CLI.
Chord DHT CLI - Type 'help' for commands.
chord> Response: {
  "status": "error",
  "message": "Unterminated string starting at: line 1 column 4075 (char 4074)"
}
chord> Exiting Chord CLI.
Chord DHT CLI - Type 'help' for commands.
chord> Response: {
  "status": "success",
  "node": 1247804169467685645483778208575616102014578470961,
  "message": "Key stored (primary) \u2013 replication in progress"
}
chord> Exiting Chord CLI.
Chord DHT CLI - Type 'help' for commands.
chord> Response: {
  "status": "error",
  "message": "Unterminated string starting at: line 1 column 4090 (char 4089)"
}
chord> Exiting Chord CLI.
Chord DHT CLI - Type 'help' for commands.
chord> Response: {
  "status": "success",
  "node": 969432207210325526737328719144474474846745595825,
  "message": "Key stored (primary) \u2013 replication in progress"
}
chord> Exiting Chord CLI.
Chord DHT CLI - Type 'help' for commands.
chord> Response: {
  "status": "success",
  "node": 969432207210325526737328719144474474846745595825,
  "message": "Key stored (primary) \u2013 replication in progress"
}
chord> Exiting Chord CLI.
Chord DHT CLI - Type 'help' for commands.
chord> Response: {
  "status": "error",
  "message": "Unterminated string starting at: line 1 column 4075 (char 4074)"
}
chord> Exiting Chord CLI.
Chord DHT CLI - Type 'help' for commands.
chord> Response: {
  "status": "success",
  "node": 7875819371350328689965791664143894393178181712,
  "message": "Key stored (primary) \u2013 replication in progress"
}
chord> Exiting Chord CLI.
