[QUERY] Sending query: query "Respect" 10.0.36.80 5008
Chord DHT CLI - Type 'help' for commands.
chord> Response: {
  "status": "success",
  "value": [
    "E",
    " 553"
  ]
}
chord> Exiting Chord CLI.
[QUERY] Sending query: query "What's Going On" 10.0.36.80 5008
Chord DHT CLI - Type 'help' for commands.
chord> Response: {
  "status": "success",
  "value": [
    "D",
    " 510"
  ]
}
chord> Exiting Chord CLI.
[QUERY] Sending query: query "Hey Jude" 10.0.36.80 5008
Chord DHT CLI - Type 'help' for commands.
chord> Response: {
  "status": "success",
  "value": [
    "H",
    " 524"
  ]
}
chord> Exiting Chord CLI.
[QUERY] Sending query: query "Respect" 10.0.36.80 5008
Chord DHT CLI - Type 'help' for commands.
chord> Response: {
  "status": "success",
  "value": [
    "E",
    " 553",
    " 528"
  ]
}
chord> Exiting Chord CLI.
[QUERY] Sending query: query "Respect" 10.0.36.80 5008
Chord DHT CLI - Type 'help' for commands.
chord> Response: {
  "status": "success",
  "value": [
    "E",
    " 553",
    " 528"
  ]
}
chord> Exiting Chord CLI.
[INSERT] Executing command: insert "Hey Jude" 10.0.36.80 5008 " 561"
Chord DHT CLI - Type 'help' for commands.
chord> Response: {
  "status": "success",
  "message": "Write committed at tail",
  "node": 7875819371350328689965791664143894393178181712
}
chord> Exiting Chord CLI.
[QUERY] Sending query: query "Respect" 10.0.36.80 5008
Chord DHT CLI - Type 'help' for commands.
chord> Response: {
  "status": "success",
  "value": [
    "E",
    " 553",
    " 528",
    " 522"
  ]
}
chord> Exiting Chord CLI.
[INSERT] Executing command: insert "Respect" 10.0.36.80 5008 " 554"
Chord DHT CLI - Type 'help' for commands.
chord> Response: {
  "status": "success",
  "message": "Write committed at tail",
  "node": 969432207210325526737328719144474474846745595825
}
chord> Exiting Chord CLI.
[INSERT] Executing command: insert "Hey Jude" 10.0.36.80 5008 " 558"
Chord DHT CLI - Type 'help' for commands.
chord> Response: {
  "status": "success",
  "message": "Write committed at tail",
  "node": 7875819371350328689965791664143894393178181712
}
chord> Exiting Chord CLI.
[QUERY] Sending query: query "Hey Jude" 10.0.36.80 5008
Chord DHT CLI - Type 'help' for commands.
chord> Response: {
  "status": "success",
  "value": [
    "H",
    " 524",
    " 561",
    " 542",
    " 539",
    " 558",
    " 523"
  ]
}
chord> Exiting Chord CLI.
[QUERY] Sending query: query "Like a Rolling Stone" 10.0.36.80 5008
Chord DHT CLI - Type 'help' for commands.
chord> Response: {
  "status": "success",
  "value": [
    "A",
    " 583",
    " 575"
  ]
}
chord> Exiting Chord CLI.
[QUERY] Sending query: query "What's Going On" 10.0.36.80 5008
Chord DHT CLI - Type 'help' for commands.
chord> Response: {
  "status": "success",
  "value": [
    "D",
    " 510",
    " 590"
  ]
}
chord> Exiting Chord CLI.
[INSERT] Executing command: insert "Hey Jude" 10.0.36.80 5008 " 570"
Chord DHT CLI - Type 'help' for commands.
chord> Response: {
  "status": "success",
  "message": "Write committed at tail",
  "node": 7875819371350328689965791664143894393178181712
}
chord> Exiting Chord CLI.
[QUERY] Sending query: query "What's Going On" 10.0.36.80 5008
Chord DHT CLI - Type 'help' for commands.
chord> Response: {
  "status": "success",
  "value": [
    "D",
    " 510",
    " 590"
  ]
}
chord> Exiting Chord CLI.
[QUERY] Sending query: query "Hey Jude" 10.0.36.80 5008
Chord DHT CLI - Type 'help' for commands.
chord> Response: {
  "status": "success",
  "value": [
    "H",
    " 524",
    " 561",
    " 542",
    " 539",
    " 558",
    " 523",
    " 513",
    " 570",
    " 525"
  ]
}
chord> Exiting Chord CLI.
[INSERT] Executing command: insert "Respect" 10.0.36.80 5008 " 550"
Chord DHT CLI - Type 'help' for commands.
chord> Response: {
  "status": "success",
  "message": "Write committed at tail",
  "node": 969432207210325526737328719144474474846745595825
}
chord> Exiting Chord CLI.
[QUERY] Sending query: query "Hey Jude" 10.0.36.80 5008
Chord DHT CLI - Type 'help' for commands.
chord> Response: {
  "status": "success",
  "value": [
    "H",
    " 524",
    " 561",
    " 542",
    " 539",
    " 558",
    " 523",
    " 513",
    " 570",
    " 525"
  ]
}
chord> Exiting Chord CLI.
[QUERY] Sending query: query "What's Going On" 10.0.36.80 5008
Chord DHT CLI - Type 'help' for commands.
chord> Response: {
  "status": "success",
  "value": [
    "D",
    " 510",
    " 590",
    " 521",
    " 531"
  ]
}
chord> Exiting Chord CLI.
[QUERY] Sending query: query "Respect" 10.0.36.80 5008
Chord DHT CLI - Type 'help' for commands.
chord> Response: {
  "status": "success",
  "value": [
    "E",
    " 553",
    " 528",
    " 522",
    " 516",
    " 554",
    " 550",
    " 503",
    " 584"
  ]
}
chord> Exiting Chord CLI.
[INSERT] Executing command: insert "Like a Rolling Stone" 10.0.36.80 5008 " 551"
Chord DHT CLI - Type 'help' for commands.
chord> Response: {
  "status": "success",
  "message": "Write committed at tail",
  "node": 594503878842345689106620227059135264641894666375
}
chord> Exiting Chord CLI.
[QUERY] Sending query: query "Like a Rolling Stone" 10.0.36.80 5008
Chord DHT CLI - Type 'help' for commands.
chord> Response: {
  "status": "success",
  "value": [
    "A",
    " 583",
    " 575",
    " 585",
    " 582",
    " 504",
    " 536",
    " 520",
    " 551"
  ]
}
chord> Exiting Chord CLI.
[QUERY] Sending query: query "Respect" 10.0.36.80 5008
Chord DHT CLI - Type 'help' for commands.
chord> Response: {
  "status": "success",
  "value": [
    "E",
    " 553",
    " 528",
    " 522",
    " 516",
    " 554",
    " 550",
    " 503",
    " 584",
    " 512"
  ]
}
chord> Exiting Chord CLI.
[INSERT] Executing command: insert "Hey Jude" 10.0.36.80 5008 " 588"
Chord DHT CLI - Type 'help' for commands.
chord> Response: {
  "status": "success",
  "message": "Write committed at tail",
  "node": 7875819371350328689965791664143894393178181712
}
chord> Exiting Chord CLI.
[QUERY] Sending query: query "Hey Jude" 10.0.36.80 5008
Chord DHT CLI - Type 'help' for commands.
chord> Response: {
  "status": "success",
  "value": [
    "H",
    " 524",
    " 561",
    " 542",
    " 539",
    " 558",
    " 523",
    " 513",
    " 570",
    " 525",
    " 505",
    " 572",
    " 588",
    " 526"
  ]
}
chord> Exiting Chord CLI.
[INSERT] Executing command: insert "Respect" 10.0.36.80 5008 " 541"
Chord DHT CLI - Type 'help' for commands.
chord> Response: {
  "status": "success",
  "message": "Write committed at tail",
  "node": 969432207210325526737328719144474474846745595825
}
chord> Exiting Chord CLI.
[QUERY] Sending query: query "What's Going On" 10.0.36.80 5008
Chord DHT CLI - Type 'help' for commands.
chord> Response: {
  "status": "success",
  "value": [
    "D",
    " 510",
    " 590",
    " 521",
    " 531",
    " 517",
    " 515"
  ]
}
chord> Exiting Chord CLI.
[INSERT] Executing command: insert "Hey Jude" 10.0.36.80 5008 " 556"
Chord DHT CLI - Type 'help' for commands.
chord> Response: {
  "status": "success",
  "message": "Write committed at tail",
  "node": 7875819371350328689965791664143894393178181712
}
chord> Exiting Chord CLI.
[QUERY] Sending query: query "Hey Jude" 10.0.36.80 5008
Chord DHT CLI - Type 'help' for commands.
chord> Response: {
  "status": "success",
  "value": [
    "H",
    " 524",
    " 561",
    " 542",
    " 539",
    " 558",
    " 523",
    " 513",
    " 570",
    " 525",
    " 505",
    " 572",
    " 588",
    " 526",
    " 597",
    " 511",
    " 556"
  ]
}
chord> Exiting Chord CLI.
[QUERY] Sending query: query "Respect" 10.0.36.80 5008
Chord DHT CLI - Type 'help' for commands.
chord> Response: {
  "status": "success",
  "value": [
    "E",
    " 553",
    " 528",
    " 522",
    " 516",
    " 554",
    " 550",
    " 503",
    " 584",
    " 512",
    " 541",
    " 589"
  ]
}
chord> Exiting Chord CLI.
[QUERY] Sending query: query "Hey Jude" 10.0.36.80 5008
Chord DHT CLI - Type 'help' for commands.
chord> Response: {
  "status": "success",
  "value": [
    "H",
    " 524",
    " 561",
    " 542",
    " 539",
    " 558",
    " 523",
    " 513",
    " 570",
    " 525",
    " 505",
    " 572",
    " 588",
    " 526",
    " 597",
    " 511",
    " 556",
    " 579",
    " 555",
    " 580",
    " 557",
    " 586",
    " 596"
  ]
}
chord> Exiting Chord CLI.
[QUERY] Sending query: query "What's Going On" 10.0.36.80 5008
Chord DHT CLI - Type 'help' for commands.
chord> Response: {
  "status": "success",
  "value": [
    "D",
    " 510",
    " 590",
    " 521",
    " 531",
    " 517",
    " 515"
  ]
}
chord> Exiting Chord CLI.
[QUERY] Sending query: query "Like a Rolling Stone" 10.0.36.80 5008
Chord DHT CLI - Type 'help' for commands.
chord> Response: {
  "status": "success",
  "value": [
    "A",
    " 583",
    " 575",
    " 585",
    " 582",
    " 504",
    " 536",
    " 520",
    " 551",
    " 599",
    " 514",
    " 600",
    " 578",
    " 571"
  ]
}
chord> Exiting Chord CLI.
[QUERY] Sending query: query "Respect" 10.0.36.80 5008
Chord DHT CLI - Type 'help' for commands.
chord> Response: {
  "status": "success",
  "value": [
    "E",
    " 553",
    " 528",
    " 522",
    " 516",
    " 554",
    " 550",
    " 503",
    " 584",
    " 512",
    " 541",
    " 589",
    " 560",
    " 587",
    " 548"
  ]
}
chord> Exiting Chord CLI.
[QUERY] Sending query: query "What's Going On" 10.0.36.80 5008
Chord DHT CLI - Type 'help' for commands.
chord> Response: {
  "status": "success",
  "value": [
    "D",
    " 510",
    " 590",
    " 521",
    " 531",
    " 517",
    " 515",
    " 562"
  ]
}
chord> Exiting Chord CLI.
[QUERY] Sending query: query "Respect" 10.0.36.80 5008
Chord DHT CLI - Type 'help' for commands.
chord> Response: {
  "status": "success",
  "value": [
    "E",
    " 553",
    " 528",
    " 522",
    " 516",
    " 554",
    " 550",
    " 503",
    " 584",
    " 512",
    " 541",
    " 589",
    " 560",
    " 587",
    " 548"
  ]
}
chord> Exiting Chord CLI.
[QUERY] Sending query: query "Hey Jude" 10.0.36.80 5008
Chord DHT CLI - Type 'help' for commands.
chord> Response: {
  "status": "success",
  "value": [
    "H",
    " 524",
    " 561",
    " 542",
    " 539",
    " 558",
    " 523",
    " 513",
    " 570",
    " 525",
    " 505",
    " 572",
    " 588",
    " 526",
    " 597",
    " 511",
    " 556",
    " 579",
    " 555",
    " 580",
    " 557",
    " 586",
    " 596",
    " 518",
    " 534",
    " 576",
    " 501",
    " 540",
    " 530",
    " 568",
    " 552",
    " 507"
  ]
}
chord> Exiting Chord CLI.
[QUERY] Sending query: query "Respect" 10.0.36.80 5008
Chord DHT CLI - Type 'help' for commands.
chord> Response: {
  "status": "success",
  "value": [
    "E",
    " 553",
    " 528",
    " 522",
    " 516",
    " 554",
    " 550",
    " 503",
    " 584",
    " 512",
    " 541",
    " 589",
    " 560",
    " 587",
    " 548"
  ]
}
chord> Exiting Chord CLI.
[QUERY] Sending query: query "Respect" 10.0.36.80 5008
Chord DHT CLI - Type 'help' for commands.
chord> Response: {
  "status": "success",
  "value": [
    "E",
    " 553",
    " 528",
    " 522",
    " 516",
    " 554",
    " 550",
    " 503",
    " 584",
    " 512",
    " 541",
    " 589",
    " 560",
    " 587",
    " 548",
    " 559"
  ]
}
chord> Exiting Chord CLI.
[QUERY] Sending query: query "Respect" 10.0.36.80 5008
Chord DHT CLI - Type 'help' for commands.
chord> Response: {
  "status": "success",
  "value": [
    "E",
    " 553",
    " 528",
    " 522",
    " 516",
    " 554",
    " 550",
    " 503",
    " 584",
    " 512",
    " 541",
    " 589",
    " 560",
    " 587",
    " 548",
    " 559"
  ]
}
chord> Exiting Chord CLI.
[INSERT] Executing command: insert "Like a Rolling Stone" 10.0.36.80 5008 " 577"
Chord DHT CLI - Type 'help' for commands.
chord> Response: {
  "status": "success",
  "message": "Write committed at tail",
  "node": 594503878842345689106620227059135264641894666375
}
chord> Exiting Chord CLI.
[QUERY] Sending query: query "Like a Rolling Stone" 10.0.36.80 5008
Chord DHT CLI - Type 'help' for commands.
chord> Response: {
  "status": "success",
  "value": [
    "A",
    " 583",
    " 575",
    " 585",
    " 582",
    " 504",
    " 536",
    " 520",
    " 551",
    " 599",
    " 514",
    " 600",
    " 578",
    " 571",
    " 509",
    " 527",
    " 577"
  ]
}
chord> Exiting Chord CLI.
[QUERY] Sending query: query "What's Going On" 10.0.36.80 5008
Chord DHT CLI - Type 'help' for commands.
chord> Response: {
  "status": "success",
  "value": [
    "D",
    " 510",
    " 590",
    " 521",
    " 531",
    " 517",
    " 515",
    " 562",
    " 569",
    " 537",
    " 546",
    " 533",
    " 563"
  ]
}
chord> Exiting Chord CLI.
[QUERY] Sending query: query "Hey Jude" 10.0.36.80 5008
Chord DHT CLI - Type 'help' for commands.
chord> Response: {
  "status": "success",
  "value": [
    "H",
    " 524",
    " 561",
    " 542",
    " 539",
    " 558",
    " 523",
    " 513",
    " 570",
    " 525",
    " 505",
    " 572",
    " 588",
    " 526",
    " 597",
    " 511",
    " 556",
    " 579",
    " 555",
    " 580",
    " 557",
    " 586",
    " 596",
    " 518",
    " 534",
    " 576",
    " 501",
    " 540",
    " 530",
    " 568",
    " 552",
    " 507",
    " 549",
    " 594",
    " 565",
    " 573"
  ]
}
chord> Exiting Chord CLI.
[QUERY] Sending query: query "Hey Jude" 10.0.36.80 5008
Chord DHT CLI - Type 'help' for commands.
chord> Response: {
  "status": "success",
  "value": [
    "H",
    " 524",
    " 561",
    " 542",
    " 539",
    " 558",
    " 523",
    " 513",
    " 570",
    " 525",
    " 505",
    " 572",
    " 588",
    " 526",
    " 597",
    " 511",
    " 556",
    " 579",
    " 555",
    " 580",
    " 557",
    " 586",
    " 596",
    " 518",
    " 534",
    " 576",
    " 501",
    " 540",
    " 530",
    " 568",
    " 552",
    " 507",
    " 549",
    " 594",
    " 565",
    " 573"
  ]
}
chord> Exiting Chord CLI.
[QUERY] Sending query: query "Hey Jude" 10.0.36.80 5008
Chord DHT CLI - Type 'help' for commands.
chord> Response: {
  "status": "success",
  "value": [
    "H",
    " 524",
    " 561",
    " 542",
    " 539",
    " 558",
    " 523",
    " 513",
    " 570",
    " 525",
    " 505",
    " 572",
    " 588",
    " 526",
    " 597",
    " 511",
    " 556",
    " 579",
    " 555",
    " 580",
    " 557",
    " 586",
    " 596",
    " 518",
    " 534",
    " 576",
    " 501",
    " 540",
    " 530",
    " 568",
    " 552",
    " 507",
    " 549",
    " 594",
    " 565",
    " 573",
    " 544"
  ]
}
chord> Exiting Chord CLI.
[INSERT] Executing command: insert "What's Going On" 10.0.36.80 5008 " 574"
Chord DHT CLI - Type 'help' for commands.
chord> Response: {
  "status": "success",
  "message": "Write committed at tail",
  "node": 1040499584230502937230252314689039828066315699231
}
chord> Exiting Chord CLI.
[INSERT] Executing command: insert "Hey Jude" 10.0.36.80 5008 " 581"
Chord DHT CLI - Type 'help' for commands.
chord> Response: {
  "status": "success",
  "message": "Write committed at tail",
  "node": 7875819371350328689965791664143894393178181712
}
chord> Exiting Chord CLI.
[QUERY] Sending query: query "Hey Jude" 10.0.36.80 5008
Chord DHT CLI - Type 'help' for commands.
chord> Response: {
  "status": "success",
  "value": [
    "H",
    " 524",
    " 561",
    " 542",
    " 539",
    " 558",
    " 523",
    " 513",
    " 570",
    " 525",
    " 505",
    " 572",
    " 588",
    " 526",
    " 597",
    " 511",
    " 556",
    " 579",
    " 555",
    " 580",
    " 557",
    " 586",
    " 596",
    " 518",
    " 534",
    " 576",
    " 501",
    " 540",
    " 530",
    " 568",
    " 552",
    " 507",
    " 549",
    " 594",
    " 565",
    " 573",
    " 544",
    " 519",
    " 506",
    " 581",
    " 543"
  ]
}
chord> Exiting Chord CLI.
[INSERT] Executing command: insert "Hey Jude" 10.0.36.80 5008 " 532"
Chord DHT CLI - Type 'help' for commands.
chord> Response: {
  "status": "success",
  "message": "Write committed at tail",
  "node": 7875819371350328689965791664143894393178181712
}
chord> Exiting Chord CLI.
[INSERT] Executing command: insert "What's Going On" 10.0.36.80 5008 " 538"
Chord DHT CLI - Type 'help' for commands.
chord> Response: {
  "status": "success",
  "message": "Write committed at tail",
  "node": 1040499584230502937230252314689039828066315699231
}
chord> Exiting Chord CLI.
