python3: can't open file '/home/ubuntu/distributed_systems/server/client_with_ports.py': [Errno 2] No such file or directory
python3: can't open file '/home/ubuntu/distributed_systems/server/client_with_ports.py': [Errno 2] No such file or directory
python3: can't open file '/home/ubuntu/distributed_systems/server/client_with_ports.py': [Errno 2] No such file or directory
python3: can't open file '/home/ubuntu/distributed_systems/server/client_with_ports.py': [Errno 2] No such file or directory
python3: can't open file '/home/ubuntu/distributed_systems/server/client_with_ports.py': [Errno 2] No such file or directory
python3: can't open file '/home/ubuntu/distributed_systems/server/client_with_ports.py': [Errno 2] No such file or directory
python3: can't open file '/home/ubuntu/distributed_systems/server/client_with_ports.py': [Errno 2] No such file or directory
python3: can't open file '/home/ubuntu/distributed_systems/server/client_with_ports.py': [Errno 2] No such file or directory
python3: can't open file '/home/ubuntu/distributed_systems/server/client_with_ports.py': [Errno 2] No such file or directory
python3: can't open file '/home/ubuntu/distributed_systems/server/client_with_ports.py': [Errno 2] No such file or directory
python3: can't open file '/home/ubuntu/distributed_systems/server/client_with_ports.py': [Errno 2] No such file or directory
python3: can't open file '/home/ubuntu/distributed_systems/server/client_with_ports.py': [Errno 2] No such file or directory
python3: can't open file '/home/ubuntu/distributed_systems/server/client_with_ports.py': [Errno 2] No such file or directory
python3: can't open file '/home/ubuntu/distributed_systems/server/client_with_ports.py': [Errno 2] No such file or directory
python3: can't open file '/home/ubuntu/distributed_systems/server/client_with_ports.py': [Errno 2] No such file or directory
python3: can't open file '/home/ubuntu/distributed_systems/server/client_with_ports.py': [Errno 2] No such file or directory
python3: can't open file '/home/ubuntu/distributed_systems/server/client_with_ports.py': [Errno 2] No such file or directory
python3: can't open file '/home/ubuntu/distributed_systems/server/client_with_ports.py': [Errno 2] No such file or directory
python3: can't open file '/home/ubuntu/distributed_systems/server/client_with_ports.py': [Errno 2] No such file or directory
python3: can't open file '/home/ubuntu/distributed_systems/server/client_with_ports.py': [Errno 2] No such file or directory
python3: can't open file '/home/ubuntu/distributed_systems/server/client_with_ports.py': [Errno 2] No such file or directory
python3: can't open file '/home/ubuntu/distributed_systems/server/client_with_ports.py': [Errno 2] No such file or directory
python3: can't open file '/home/ubuntu/distributed_systems/server/client_with_ports.py': [Errno 2] No such file or directory
python3: can't open file '/home/ubuntu/distributed_systems/server/client_with_ports.py': [Errno 2] No such file or directory
python3: can't open file '/home/ubuntu/distributed_systems/server/client_with_ports.py': [Errno 2] No such file or directory
python3: can't open file '/home/ubuntu/distributed_systems/server/client_with_ports.py': [Errno 2] No such file or directory
python3: can't open file '/home/ubuntu/distributed_systems/server/client_with_ports.py': [Errno 2] No such file or directory
python3: can't open file '/home/ubuntu/distributed_systems/server/client_with_ports.py': [Errno 2] No such file or directory
python3: can't open file '/home/ubuntu/distributed_systems/server/client_with_ports.py': [Errno 2] No such file or directory
python3: can't open file '/home/ubuntu/distributed_systems/server/client_with_ports.py': [Errno 2] No such file or directory
python3: can't open file '/home/ubuntu/distributed_systems/server/client_with_ports.py': [Errno 2] No such file or directory
python3: can't open file '/home/ubuntu/distributed_systems/server/client_with_ports.py': [Errno 2] No such file or directory
python3: can't open file '/home/ubuntu/distributed_systems/server/client_with_ports.py': [Errno 2] No such file or directory
python3: can't open file '/home/ubuntu/distributed_systems/server/client_with_ports.py': [Errno 2] No such file or directory
python3: can't open file '/home/ubuntu/distributed_systems/server/client_with_ports.py': [Errno 2] No such file or directory
python3: can't open file '/home/ubuntu/distributed_systems/server/client_with_ports.py': [Errno 2] No such file or directory
python3: can't open file '/home/ubuntu/distributed_systems/server/client_with_ports.py': [Errno 2] No such file or directory
python3: can't open file '/home/ubuntu/distributed_systems/server/client_with_ports.py': [Errno 2] No such file or directory
python3: can't open file '/home/ubuntu/distributed_systems/server/client_with_ports.py': [Errno 2] No such file or directory
python3: can't open file '/home/ubuntu/distributed_systems/server/client_with_ports.py': [Errno 2] No such file or directory
python3: can't open file '/home/ubuntu/distributed_systems/server/client_with_ports.py': [Errno 2] No such file or directory
python3: can't open file '/home/ubuntu/distributed_systems/server/client_with_ports.py': [Errno 2] No such file or directory
python3: can't open file '/home/ubuntu/distributed_systems/server/client_with_ports.py': [Errno 2] No such file or directory
python3: can't open file '/home/ubuntu/distributed_systems/server/client_with_ports.py': [Errno 2] No such file or directory
python3: can't open file '/home/ubuntu/distributed_systems/server/client_with_ports.py': [Errno 2] No such file or directory
python3: can't open file '/home/ubuntu/distributed_systems/server/client_with_ports.py': [Errno 2] No such file or directory
python3: can't open file '/home/ubuntu/distributed_systems/server/client_with_ports.py': [Errno 2] No such file or directory
python3: can't open file '/home/ubuntu/distributed_systems/server/client_with_ports.py': [Errno 2] No such file or directory
python3: can't open file '/home/ubuntu/distributed_systems/server/client_with_ports.py': [Errno 2] No such file or directory
Chord DHT CLI - Type 'help' for commands.
chord> Response: {
  "status": "error",
  "message": "[Errno 111] Connection refused"
}
chord> Exiting Chord CLI.
Chord DHT CLI - Type 'help' for commands.
chord> Response: {
  "status": "error",
  "message": "[Errno 111] Connection refused"
}
chord> Exiting Chord CLI.
Chord DHT CLI - Type 'help' for commands.
chord> Response: {
  "status": "error",
  "message": "[Errno 111] Connection refused"
}
chord> Exiting Chord CLI.
Chord DHT CLI - Type 'help' for commands.
chord> Response: {
  "status": "error",
  "message": "[Errno 111] Connection refused"
}
chord> Exiting Chord CLI.
Chord DHT CLI - Type 'help' for commands.
chord> Response: {
  "status": "error",
  "message": "[Errno 111] Connection refused"
}
chord> Exiting Chord CLI.
Chord DHT CLI - Type 'help' for commands.
chord> Response: {
  "status": "error",
  "message": "[Errno 111] Connection refused"
}
chord> Exiting Chord CLI.
Chord DHT CLI - Type 'help' for commands.
chord> Response: {
  "status": "error",
  "message": "[Errno 111] Connection refused"
}
chord> Exiting Chord CLI.
Chord DHT CLI - Type 'help' for commands.
chord> Response: {
  "status": "error",
  "message": "[Errno 111] Connection refused"
}
chord> Exiting Chord CLI.
Chord DHT CLI - Type 'help' for commands.
chord> Response: {
  "status": "error",
  "message": "[Errno 111] Connection refused"
}
chord> Exiting Chord CLI.
Chord DHT CLI - Type 'help' for commands.
chord> Response: {
  "status": "error",
  "message": "[Errno 111] Connection refused"
}
chord> Exiting Chord CLI.
Chord DHT CLI - Type 'help' for commands.
chord> Response: {
  "status": "error",
  "message": "[Errno 111] Connection refused"
}
chord> Exiting Chord CLI.
Traceback (most recent call last):
  File "/home/ubuntu/distributed_systems/server/client_with_ports_insert.py", line 1, in <module>
    import socket
  File "/usr/lib/python3.12/socket.py", line 55, in <module>
    import os, sys, io, selectors
  File "/usr/lib/python3.12/selectors.py", line 10, in <module>
    from collections.abc import Mapping
  File "<frozen importlib._bootstrap>", line 1360, in _find_and_load
  File "<frozen importlib._bootstrap>", line 1331, in _find_and_load_unlocked
  File "<frozen importlib._bootstrap>", line 935, in _load_unlocked
  File "<frozen importlib._bootstrap_external>", line 991, in exec_module
  File "<frozen importlib._bootstrap_external>", line 1087, in get_code
  File "<frozen importlib._bootstrap_external>", line 1186, in get_data
KeyboardInterrupt
Chord DHT CLI - Type 'help' for commands.
chord> Response: {
  "status": "error",
  "message": "[Errno 111] Connection refused"
}
chord> Exiting Chord CLI.
Chord DHT CLI - Type 'help' for commands.
chord> Response: {
  "status": "error",
  "message": "[Errno 111] Connection refused"
}
chord> Exiting Chord CLI.
Chord DHT CLI - Type 'help' for commands.
chord> Response: {
  "status": "error",
  "message": "[Errno 111] Connection refused"
}
chord> Exiting Chord CLI.
Chord DHT CLI - Type 'help' for commands.
chord> Response: {
  "status": "error",
  "message": "[Errno 111] Connection refused"
}
chord> Exiting Chord CLI.
Chord DHT CLI - Type 'help' for commands.
chord> Response: {
  "status": "error",
  "message": "[Errno 111] Connection refused"
}
chord> Exiting Chord CLI.
Chord DHT CLI - Type 'help' for commands.
chord> Response: {
  "status": "error",
  "message": "[Errno 111] Connection refused"
}
chord> Exiting Chord CLI.
Chord DHT CLI - Type 'help' for commands.
chord> Response: {
  "status": "error",
  "message": "[Errno 111] Connection refused"
}
chord> Exiting Chord CLI.
Chord DHT CLI - Type 'help' for commands.
chord> Response: {
  "status": "error",
  "message": "[Errno 111] Connection refused"
}
chord> Exiting Chord CLI.
Chord DHT CLI - Type 'help' for commands.
chord> Response: {
  "status": "error",
  "message": "[Errno 111] Connection refused"
}
chord> Exiting Chord CLI.
Chord DHT CLI - Type 'help' for commands.
chord> Response: {
  "status": "error",
  "message": "[Errno 111] Connection refused"
}
chord> Exiting Chord CLI.
Chord DHT CLI - Type 'help' for commands.
chord> Response: {
  "status": "error",
  "message": "[Errno 111] Connection refused"
}
chord> Exiting Chord CLI.
Chord DHT CLI - Type 'help' for commands.
chord> Response: {
  "status": "error",
  "message": "[Errno 111] Connection refused"
}
chord> Exiting Chord CLI.
Chord DHT CLI - Type 'help' for commands.
chord> Response: {
  "status": "error",
  "message": "[Errno 111] Connection refused"
}
chord> Exiting Chord CLI.
Chord DHT CLI - Type 'help' for commands.
chord> Response: {
  "status": "error",
  "message": "[Errno 111] Connection refused"
}
chord> Exiting Chord CLI.
Chord DHT CLI - Type 'help' for commands.
chord> Response: {
  "status": "error",
  "message": "[Errno 111] Connection refused"
}
chord> Exiting Chord CLI.
Chord DHT CLI - Type 'help' for commands.
chord> Response: {
  "status": "error",
  "message": "[Errno 111] Connection refused"
}
chord> Exiting Chord CLI.
Chord DHT CLI - Type 'help' for commands.
chord> Response: {
  "status": "error",
  "message": "[Errno 111] Connection refused"
}
chord> Exiting Chord CLI.
Chord DHT CLI - Type 'help' for commands.
chord> Response: {
  "status": "error",
  "message": "[Errno 111] Connection refused"
}
chord> Exiting Chord CLI.
Chord DHT CLI - Type 'help' for commands.
chord> Response: {
  "status": "error",
  "message": "[Errno 111] Connection refused"
}
chord> Exiting Chord CLI.
Chord DHT CLI - Type 'help' for commands.
chord> Response: {
  "status": "error",
  "message": "[Errno 111] Connection refused"
}
chord> Exiting Chord CLI.
Chord DHT CLI - Type 'help' for commands.
chord> Response: {
  "status": "error",
  "message": "[Errno 111] Connection refused"
}
chord> Exiting Chord CLI.
Chord DHT CLI - Type 'help' for commands.
chord> Response: {
  "status": "error",
  "message": "[Errno 111] Connection refused"
}
chord> Exiting Chord CLI.
Chord DHT CLI - Type 'help' for commands.
chord> Response: {
  "status": "error",
  "message": "[Errno 111] Connection refused"
}
chord> Exiting Chord CLI.
Chord DHT CLI - Type 'help' for commands.
chord> Response: {
  "status": "error",
  "message": "[Errno 111] Connection refused"
}
chord> Exiting Chord CLI.
Chord DHT CLI - Type 'help' for commands.
chord> Response: {
  "status": "error",
  "message": "[Errno 111] Connection refused"
}
chord> Exiting Chord CLI.
Chord DHT CLI - Type 'help' for commands.
chord> Response: {
  "status": "error",
  "message": "[Errno 111] Connection refused"
}
chord> Exiting Chord CLI.
Chord DHT CLI - Type 'help' for commands.
chord> Response: {
  "status": "error",
  "message": "[Errno 111] Connection refused"
}
chord> Exiting Chord CLI.
Chord DHT CLI - Type 'help' for commands.
chord> Response: {
  "status": "error",
  "message": "[Errno 111] Connection refused"
}
chord> Exiting Chord CLI.
Chord DHT CLI - Type 'help' for commands.
chord> Response: {
  "status": "error",
  "message": "[Errno 111] Connection refused"
}
chord> Exiting Chord CLI.
Chord DHT CLI - Type 'help' for commands.
chord> Response: {
  "status": "error",
  "message": "[Errno 111] Connection refused"
}
chord> Exiting Chord CLI.
Chord DHT CLI - Type 'help' for commands.
chord> Response: {
  "status": "error",
  "message": "[Errno 111] Connection refused"
}
chord> Exiting Chord CLI.
Chord DHT CLI - Type 'help' for commands.
chord> Response: {
  "status": "error",
  "message": "[Errno 111] Connection refused"
}
chord> Exiting Chord CLI.
Chord DHT CLI - Type 'help' for commands.
chord> Response: {
  "status": "error",
  "message": "[Errno 111] Connection refused"
}
chord> Exiting Chord CLI.
Chord DHT CLI - Type 'help' for commands.
chord> Response: {
  "status": "error",
  "message": "[Errno 111] Connection refused"
}
chord> Exiting Chord CLI.
Chord DHT CLI - Type 'help' for commands.
chord> Response: {
  "status": "error",
  "message": "[Errno 111] Connection refused"
}
chord> Exiting Chord CLI.
Chord DHT CLI - Type 'help' for commands.
chord> Response: {
  "status": "error",
  "message": "[Errno 111] Connection refused"
}
chord> Exiting Chord CLI.
Chord DHT CLI - Type 'help' for commands.
chord> Response: {
  "status": "error",
  "message": "[Errno 111] Connection refused"
}
chord> Exiting Chord CLI.
Chord DHT CLI - Type 'help' for commands.
chord> Response: {
  "status": "error",
  "message": "[Errno 111] Connection refused"
}
chord> Exiting Chord CLI.
