python3: can't open file '/home/ubuntu/distributed_systems/server/client_with_ports.py': [Errno 2] No such file or directory
python3: can't open file '/home/ubuntu/distributed_systems/server/client_with_ports.py': [Errno 2] No such file or directory
python3: can't open file '/home/ubuntu/distributed_systems/server/client_with_ports.py': [Errno 2] No such file or directory
python3: can't open file '/home/ubuntu/distributed_systems/server/client_with_ports.py': [Errno 2] No such file or directory
python3: can't open file '/home/ubuntu/distributed_systems/server/client_with_ports.py': [Errno 2] No such file or directory
python3: can't open file '/home/ubuntu/distributed_systems/server/client_with_ports.py': [Errno 2] No such file or directory
python3: can't open file '/home/ubuntu/distributed_systems/server/client_with_ports.py': [Errno 2] No such file or directory
python3: can't open file '/home/ubuntu/distributed_systems/server/client_with_ports.py': [Errno 2] No such file or directory
python3: can't open file '/home/ubuntu/distributed_systems/server/client_with_ports.py': [Errno 2] No such file or directory
python3: can't open file '/home/ubuntu/distributed_systems/server/client_with_ports.py': [Errno 2] No such file or directory
python3: can't open file '/home/ubuntu/distributed_systems/server/client_with_ports.py': [Errno 2] No such file or directory
python3: can't open file '/home/ubuntu/distributed_systems/server/client_with_ports.py': [Errno 2] No such file or directory
python3: can't open file '/home/ubuntu/distributed_systems/server/client_with_ports.py': [Errno 2] No such file or directory
python3: can't open file '/home/ubuntu/distributed_systems/server/client_with_ports.py': [Errno 2] No such file or directory
python3: can't open file '/home/ubuntu/distributed_systems/server/client_with_ports.py': [Errno 2] No such file or directory
python3: can't open file '/home/ubuntu/distributed_systems/server/client_with_ports.py': [Errno 2] No such file or directory
python3: can't open file '/home/ubuntu/distributed_systems/server/client_with_ports.py': [Errno 2] No such file or directory
python3: can't open file '/home/ubuntu/distributed_systems/server/client_with_ports.py': [Errno 2] No such file or directory
python3: can't open file '/home/ubuntu/distributed_systems/server/client_with_ports.py': [Errno 2] No such file or directory
python3: can't open file '/home/ubuntu/distributed_systems/server/client_with_ports.py': [Errno 2] No such file or directory
python3: can't open file '/home/ubuntu/distributed_systems/server/client_with_ports.py': [Errno 2] No such file or directory
python3: can't open file '/home/ubuntu/distributed_systems/server/client_with_ports.py': [Errno 2] No such file or directory
python3: can't open file '/home/ubuntu/distributed_systems/server/client_with_ports.py': [Errno 2] No such file or directory
python3: can't open file '/home/ubuntu/distributed_systems/server/client_with_ports.py': [Errno 2] No such file or directory
python3: can't open file '/home/ubuntu/distributed_systems/server/client_with_ports.py': [Errno 2] No such file or directory
python3: can't open file '/home/ubuntu/distributed_systems/server/client_with_ports.py': [Errno 2] No such file or directory
python3: can't open file '/home/ubuntu/distributed_systems/server/client_with_ports.py': [Errno 2] No such file or directory
python3: can't open file '/home/ubuntu/distributed_systems/server/client_with_ports.py': [Errno 2] No such file or directory
python3: can't open file '/home/ubuntu/distributed_systems/server/client_with_ports.py': [Errno 2] No such file or directory
python3: can't open file '/home/ubuntu/distributed_systems/server/client_with_ports.py': [Errno 2] No such file or directory
python3: can't open file '/home/ubuntu/distributed_systems/server/client_with_ports.py': [Errno 2] No such file or directory
python3: can't open file '/home/ubuntu/distributed_systems/server/client_with_ports.py': [Errno 2] No such file or directory
python3: can't open file '/home/ubuntu/distributed_systems/server/client_with_ports.py': [Errno 2] No such file or directory
python3: can't open file '/home/ubuntu/distributed_systems/server/client_with_ports.py': [Errno 2] No such file or directory
python3: can't open file '/home/ubuntu/distributed_systems/server/client_with_ports.py': [Errno 2] No such file or directory
python3: can't open file '/home/ubuntu/distributed_systems/server/client_with_ports.py': [Errno 2] No such file or directory
python3: can't open file '/home/ubuntu/distributed_systems/server/client_with_ports.py': [Errno 2] No such file or directory
python3: can't open file '/home/ubuntu/distributed_systems/server/client_with_ports.py': [Errno 2] No such file or directory
python3: can't open file '/home/ubuntu/distributed_systems/server/client_with_ports.py': [Errno 2] No such file or directory
python3: can't open file '/home/ubuntu/distributed_systems/server/client_with_ports.py': [Errno 2] No such file or directory
python3: can't open file '/home/ubuntu/distributed_systems/server/client_with_ports.py': [Errno 2] No such file or directory
python3: can't open file '/home/ubuntu/distributed_systems/server/client_with_ports.py': [Errno 2] No such file or directory
python3: can't open file '/home/ubuntu/distributed_systems/server/client_with_ports.py': [Errno 2] No such file or directory
python3: can't open file '/home/ubuntu/distributed_systems/server/client_with_ports.py': [Errno 2] No such file or directory
python3: can't open file '/home/ubuntu/distributed_systems/server/client_with_ports.py': [Errno 2] No such file or directory
python3: can't open file '/home/ubuntu/distributed_systems/server/client_with_ports.py': [Errno 2] No such file or directory
python3: can't open file '/home/ubuntu/distributed_systems/server/client_with_ports.py': [Errno 2] No such file or directory
python3: can't open file '/home/ubuntu/distributed_systems/server/client_with_ports.py': [Errno 2] No such file or directory
python3: can't open file '/home/ubuntu/distributed_systems/server/client_with_ports.py': [Errno 2] No such file or directory
Chord DHT CLI - Type 'help' for commands.
chord> Response: {
  "status": "success",
  "value": "C"
}
chord> Exiting Chord CLI.
Chord DHT CLI - Type 'help' for commands.
chord> Response: {
  "status": "success",
  "value": "H"
}
chord> Exiting Chord CLI.
Chord DHT CLI - Type 'help' for commands.
chord> Response: {
  "status": "success",
  "value": "I"
}
chord> Exiting Chord CLI.
Chord DHT CLI - Type 'help' for commands.
chord> Response: {
  "status": "success",
  "value": "F"
}
chord> Exiting Chord CLI.
Chord DHT CLI - Type 'help' for commands.
chord> Response: {
  "status": "success",
  "value": "C"
}
chord> Exiting Chord CLI.
Chord DHT CLI - Type 'help' for commands.
chord> Response: {
  "status": "success",
  "value": "B"
}
chord> Exiting Chord CLI.
Chord DHT CLI - Type 'help' for commands.
chord> Response: {
  "status": "success",
  "value": "H"
}
chord> Exiting Chord CLI.
Chord DHT CLI - Type 'help' for commands.
chord> Response: {
  "status": "success",
  "value": "D"
}
chord> Exiting Chord CLI.
Chord DHT CLI - Type 'help' for commands.
chord> Response: {
  "status": "success",
  "value": "I"
}
chord> Exiting Chord CLI.
Traceback (most recent call last):
  File "/home/ubuntu/distributed_systems/server/client_with_ports_insert.py", line 2, in <module>
    import json
  File "/usr/lib/python3.12/json/__init__.py", line 106, in <module>
    from .decoder import JSONDecoder, JSONDecodeError
  File "/usr/lib/python3.12/json/decoder.py", line 3, in <module>
    import re
  File "/usr/lib/python3.12/re/__init__.py", line 125, in <module>
    from . import _compiler, _parser
  File "<frozen importlib._bootstrap>", line 471, in _lock_unlock_module
  File "<frozen importlib._bootstrap>", line 311, in acquire
  File "<frozen importlib._bootstrap>", line 170, in __enter__
  File "<frozen importlib._bootstrap>", line 128, in setdefault
KeyboardInterrupt
Chord DHT CLI - Type 'help' for commands.
chord> Response: {
  "status": "success",
  "value": "G"
}
chord> Exiting Chord CLI.
Chord DHT CLI - Type 'help' for commands.
chord> Response: {
  "status": "success",
  "value": "C"
}
chord> Exiting Chord CLI.
Chord DHT CLI - Type 'help' for commands.
chord> Response: {
  "status": "success",
  "value": "J"
}
chord> Exiting Chord CLI.
Chord DHT CLI - Type 'help' for commands.
chord> Response: {
  "status": "success",
  "value": "J"
}
chord> Exiting Chord CLI.
Chord DHT CLI - Type 'help' for commands.
chord> Response: {
  "status": "success",
  "value": "G"
}
chord> Exiting Chord CLI.
Chord DHT CLI - Type 'help' for commands.
chord> Response: {
  "status": "success",
  "value": "C"
}
chord> Exiting Chord CLI.
Chord DHT CLI - Type 'help' for commands.
chord> Response: {
  "status": "success",
  "value": "E"
}
chord> Exiting Chord CLI.
Chord DHT CLI - Type 'help' for commands.
chord> Response: {
  "status": "success",
  "value": "C"
}
chord> Exiting Chord CLI.
Chord DHT CLI - Type 'help' for commands.
chord> Response: {
  "status": "success",
  "value": "I"
}
chord> Exiting Chord CLI.
Chord DHT CLI - Type 'help' for commands.
chord> Response: {
  "status": "success",
  "value": "F"
}
chord> Exiting Chord CLI.
Chord DHT CLI - Type 'help' for commands.
chord> Response: {
  "status": "success",
  "value": "C"
}
chord> Exiting Chord CLI.
Chord DHT CLI - Type 'help' for commands.
chord> Response: {
  "status": "success",
  "value": "H"
}
chord> Exiting Chord CLI.
Chord DHT CLI - Type 'help' for commands.
chord> Response: {
  "status": "success",
  "value": "A"
}
chord> Exiting Chord CLI.
Chord DHT CLI - Type 'help' for commands.
chord> Response: {
  "status": "success",
  "value": "I"
}
chord> Exiting Chord CLI.
Chord DHT CLI - Type 'help' for commands.
chord> Response: {
  "status": "success",
  "value": "B"
}
chord> Exiting Chord CLI.
Chord DHT CLI - Type 'help' for commands.
chord> Response: {
  "status": "success",
  "value": "A"
}
chord> Exiting Chord CLI.
Chord DHT CLI - Type 'help' for commands.
chord> Response: {
  "status": "success",
  "value": "F"
}
chord> Exiting Chord CLI.
Chord DHT CLI - Type 'help' for commands.
chord> Response: {
  "status": "success",
  "value": "E"
}
chord> Exiting Chord CLI.
Chord DHT CLI - Type 'help' for commands.
chord> Response: {
  "status": "success",
  "value": "I"
}
chord> Exiting Chord CLI.
Chord DHT CLI - Type 'help' for commands.
chord> Response: {
  "status": "success",
  "value": "J"
}
chord> Exiting Chord CLI.
Chord DHT CLI - Type 'help' for commands.
chord> Response: {
  "status": "success",
  "value": "F"
}
chord> Exiting Chord CLI.
Chord DHT CLI - Type 'help' for commands.
chord> Response: {
  "status": "success",
  "value": "D"
}
chord> Exiting Chord CLI.
Chord DHT CLI - Type 'help' for commands.
chord> Response: {
  "status": "success",
  "value": "E"
}
chord> Exiting Chord CLI.
Chord DHT CLI - Type 'help' for commands.
chord> Response: {
  "status": "success",
  "value": "E"
}
chord> Exiting Chord CLI.
Chord DHT CLI - Type 'help' for commands.
chord> Response: {
  "status": "success",
  "value": "F"
}
chord> Exiting Chord CLI.
Chord DHT CLI - Type 'help' for commands.
chord> Response: {
  "status": "success",
  "value": "D"
}
chord> Exiting Chord CLI.
Chord DHT CLI - Type 'help' for commands.
chord> Response: {
  "status": "success",
  "value": "B"
}
chord> Exiting Chord CLI.
Chord DHT CLI - Type 'help' for commands.
chord> Response: {
  "status": "success",
  "value": "H"
}
chord> Exiting Chord CLI.
Chord DHT CLI - Type 'help' for commands.
chord> Response: {
  "status": "success",
  "value": "F"
}
chord> Exiting Chord CLI.
Chord DHT CLI - Type 'help' for commands.
chord> Response: {
  "status": "success",
  "value": "C"
}
chord> Exiting Chord CLI.
Chord DHT CLI - Type 'help' for commands.
chord> Response: {
  "status": "success",
  "value": "I"
}
chord> Exiting Chord CLI.
Chord DHT CLI - Type 'help' for commands.
chord> Response: {
  "status": "success",
  "value": "A"
}
chord> Exiting Chord CLI.
Chord DHT CLI - Type 'help' for commands.
chord> Response: {
  "status": "success",
  "value": "C"
}
chord> Exiting Chord CLI.
Chord DHT CLI - Type 'help' for commands.
chord> Response: {
  "status": "success",
  "value": "H"
}
chord> Exiting Chord CLI.
Chord DHT CLI - Type 'help' for commands.
chord> Response: {
  "status": "success",
  "value": "B"
}
chord> Exiting Chord CLI.
Chord DHT CLI - Type 'help' for commands.
chord> Response: {
  "status": "success",
  "value": "D"
}
chord> Exiting Chord CLI.
Chord DHT CLI - Type 'help' for commands.
chord> Response: {
  "status": "success",
  "value": "B"
}
chord> Exiting Chord CLI.
Chord DHT CLI - Type 'help' for commands.
chord> Response: {
  "status": "success",
  "value": "E"
}
chord> Exiting Chord CLI.
Chord DHT CLI - Type 'help' for commands.
chord> Response: {
  "status": "success",
  "value": "H"
}
chord> Exiting Chord CLI.
Chord DHT CLI - Type 'help' for commands.
chord> Response: {
  "status": "success",
  "value": "H"
}
chord> Exiting Chord CLI.
