python3: can't open file '/home/ubuntu/distributed_systems/server/client_with_ports.py': [Errno 2] No such file or directory
python3: can't open file '/home/ubuntu/distributed_systems/server/client_with_ports.py': [Errno 2] No such file or directory
python3: can't open file '/home/ubuntu/distributed_systems/server/client_with_ports.py': [Errno 2] No such file or directory
python3: can't open file '/home/ubuntu/distributed_systems/server/client_with_ports.py': [Errno 2] No such file or directory
python3: can't open file '/home/ubuntu/distributed_systems/server/client_with_ports.py': [Errno 2] No such file or directory
python3: can't open file '/home/ubuntu/distributed_systems/server/client_with_ports.py': [Errno 2] No such file or directory
python3: can't open file '/home/ubuntu/distributed_systems/server/client_with_ports.py': [Errno 2] No such file or directory
python3: can't open file '/home/ubuntu/distributed_systems/server/client_with_ports.py': [Errno 2] No such file or directory
python3: can't open file '/home/ubuntu/distributed_systems/server/client_with_ports.py': [Errno 2] No such file or directory
python3: can't open file '/home/ubuntu/distributed_systems/server/client_with_ports.py': [Errno 2] No such file or directory
python3: can't open file '/home/ubuntu/distributed_systems/server/client_with_ports.py': [Errno 2] No such file or directory
python3: can't open file '/home/ubuntu/distributed_systems/server/client_with_ports.py': [Errno 2] No such file or directory
python3: can't open file '/home/ubuntu/distributed_systems/server/client_with_ports.py': [Errno 2] No such file or directory
python3: can't open file '/home/ubuntu/distributed_systems/server/client_with_ports.py': [Errno 2] No such file or directory
python3: can't open file '/home/ubuntu/distributed_systems/server/client_with_ports.py': [Errno 2] No such file or directory
python3: can't open file '/home/ubuntu/distributed_systems/server/client_with_ports.py': [Errno 2] No such file or directory
python3: can't open file '/home/ubuntu/distributed_systems/server/client_with_ports.py': [Errno 2] No such file or directory
python3: can't open file '/home/ubuntu/distributed_systems/server/client_with_ports.py': [Errno 2] No such file or directory
python3: can't open file '/home/ubuntu/distributed_systems/server/client_with_ports.py': [Errno 2] No such file or directory
python3: can't open file '/home/ubuntu/distributed_systems/server/client_with_ports.py': [Errno 2] No such file or directory
python3: can't open file '/home/ubuntu/distributed_systems/server/client_with_ports.py': [Errno 2] No such file or directory
python3: can't open file '/home/ubuntu/distributed_systems/server/client_with_ports.py': [Errno 2] No such file or directory
python3: can't open file '/home/ubuntu/distributed_systems/server/client_with_ports.py': [Errno 2] No such file or directory
python3: can't open file '/home/ubuntu/distributed_systems/server/client_with_ports.py': [Errno 2] No such file or directory
python3: can't open file '/home/ubuntu/distributed_systems/server/client_with_ports.py': [Errno 2] No such file or directory
python3: can't open file '/home/ubuntu/distributed_systems/server/client_with_ports.py': [Errno 2] No such file or directory
python3: can't open file '/home/ubuntu/distributed_systems/server/client_with_ports.py': [Errno 2] No such file or directory
python3: can't open file '/home/ubuntu/distributed_systems/server/client_with_ports.py': [Errno 2] No such file or directory
python3: can't open file '/home/ubuntu/distributed_systems/server/client_with_ports.py': [Errno 2] No such file or directory
python3: can't open file '/home/ubuntu/distributed_systems/server/client_with_ports.py': [Errno 2] No such file or directory
python3: can't open file '/home/ubuntu/distributed_systems/server/client_with_ports.py': [Errno 2] No such file or directory
python3: can't open file '/home/ubuntu/distributed_systems/server/client_with_ports.py': [Errno 2] No such file or directory
python3: can't open file '/home/ubuntu/distributed_systems/server/client_with_ports.py': [Errno 2] No such file or directory
python3: can't open file '/home/ubuntu/distributed_systems/server/client_with_ports.py': [Errno 2] No such file or directory
python3: can't open file '/home/ubuntu/distributed_systems/server/client_with_ports.py': [Errno 2] No such file or directory
python3: can't open file '/home/ubuntu/distributed_systems/server/client_with_ports.py': [Errno 2] No such file or directory
python3: can't open file '/home/ubuntu/distributed_systems/server/client_with_ports.py': [Errno 2] No such file or directory
python3: can't open file '/home/ubuntu/distributed_systems/server/client_with_ports.py': [Errno 2] No such file or directory
python3: can't open file '/home/ubuntu/distributed_systems/server/client_with_ports.py': [Errno 2] No such file or directory
python3: can't open file '/home/ubuntu/distributed_systems/server/client_with_ports.py': [Errno 2] No such file or directory
python3: can't open file '/home/ubuntu/distributed_systems/server/client_with_ports.py': [Errno 2] No such file or directory
python3: can't open file '/home/ubuntu/distributed_systems/server/client_with_ports.py': [Errno 2] No such file or directory
python3: can't open file '/home/ubuntu/distributed_systems/server/client_with_ports.py': [Errno 2] No such file or directory
python3: can't open file '/home/ubuntu/distributed_systems/server/client_with_ports.py': [Errno 2] No such file or directory
python3: can't open file '/home/ubuntu/distributed_systems/server/client_with_ports.py': [Errno 2] No such file or directory
python3: can't open file '/home/ubuntu/distributed_systems/server/client_with_ports.py': [Errno 2] No such file or directory
python3: can't open file '/home/ubuntu/distributed_systems/server/client_with_ports.py': [Errno 2] No such file or directory
python3: can't open file '/home/ubuntu/distributed_systems/server/client_with_ports.py': [Errno 2] No such file or directory
python3: can't open file '/home/ubuntu/distributed_systems/server/client_with_ports.py': [Errno 2] No such file or directory
Chord DHT CLI - Type 'help' for commands.
chord> Response: {
  "status": "error",
  "message": "[Errno 111] Connection refused"
}
chord> Exiting Chord CLI.
Chord DHT CLI - Type 'help' for commands.
chord> Response: {
  "status": "error",
  "message": "[Errno 111] Connection refused"
}
chord> Exiting Chord CLI.
Chord DHT CLI - Type 'help' for commands.
chord> Response: {
  "status": "error",
  "message": "[Errno 111] Connection refused"
}
chord> Exiting Chord CLI.
Chord DHT CLI - Type 'help' for commands.
chord> Response: {
  "status": "error",
  "message": "[Errno 111] Connection refused"
}
chord> Exiting Chord CLI.
Chord DHT CLI - Type 'help' for commands.
chord> Response: {
  "status": "error",
  "message": "[Errno 111] Connection refused"
}
chord> Exiting Chord CLI.
Chord DHT CLI - Type 'help' for commands.
chord> Response: {
  "status": "error",
  "message": "[Errno 111] Connection refused"
}
chord> Exiting Chord CLI.
Chord DHT CLI - Type 'help' for commands.
chord> Response: {
  "status": "error",
  "message": "[Errno 111] Connection refused"
}
chord> Exiting Chord CLI.
Chord DHT CLI - Type 'help' for commands.
chord> Response: {
  "status": "error",
  "message": "[Errno 111] Connection refused"
}
chord> Exiting Chord CLI.
Chord DHT CLI - Type 'help' for commands.
chord> Response: {
  "status": "error",
  "message": "[Errno 111] Connection refused"
}
chord> Exiting Chord CLI.
Chord DHT CLI - Type 'help' for commands.
chord> Response: {
  "status": "error",
  "message": "[Errno 111] Connection refused"
}
chord> Exiting Chord CLI.
Traceback (most recent call last):
  File "/home/ubuntu/distributed_systems/server/client_with_ports_insert.py", line 2, in <module>
    import json
  File "/usr/lib/python3.12/json/__init__.py", line 106, in <module>
    from .decoder import JSONDecoder, JSONDecodeError
  File "/usr/lib/python3.12/json/decoder.py", line 3, in <module>
    import re
  File "/usr/lib/python3.12/re/__init__.py", line 125, in <module>
    from . import _compiler, _parser
  File "/usr/lib/python3.12/re/_compiler.py", line 14, in <module>
    from . import _parser
  File "<frozen importlib._bootstrap>", line 1360, in _find_and_load
  File "<frozen importlib._bootstrap>", line 1331, in _find_and_load_unlocked
  File "<frozen importlib._bootstrap>", line 935, in _load_unlocked
  File "<frozen importlib._bootstrap_external>", line 991, in exec_module
  File "<frozen importlib._bootstrap_external>", line 1124, in get_code
  File "<frozen importlib._bootstrap_external>", line 753, in _compile_bytecode
KeyboardInterrupt
Chord DHT CLI - Type 'help' for commands.
chord> Response: {
  "status": "error",
  "message": "[Errno 111] Connection refused"
}
chord> Exiting Chord CLI.
Chord DHT CLI - Type 'help' for commands.
chord> Response: {
  "status": "error",
  "message": "[Errno 111] Connection refused"
}
chord> Exiting Chord CLI.
Chord DHT CLI - Type 'help' for commands.
chord> Response: {
  "status": "error",
  "message": "[Errno 111] Connection refused"
}
chord> Exiting Chord CLI.
Chord DHT CLI - Type 'help' for commands.
chord> Response: {
  "status": "error",
  "message": "[Errno 111] Connection refused"
}
chord> Exiting Chord CLI.
Chord DHT CLI - Type 'help' for commands.
chord> Response: {
  "status": "error",
  "message": "[Errno 111] Connection refused"
}
chord> Exiting Chord CLI.
Chord DHT CLI - Type 'help' for commands.
chord> Response: {
  "status": "error",
  "message": "[Errno 111] Connection refused"
}
chord> Exiting Chord CLI.
Chord DHT CLI - Type 'help' for commands.
chord> Response: {
  "status": "error",
  "message": "[Errno 111] Connection refused"
}
chord> Exiting Chord CLI.
Chord DHT CLI - Type 'help' for commands.
chord> Response: {
  "status": "error",
  "message": "[Errno 111] Connection refused"
}
chord> Exiting Chord CLI.
Chord DHT CLI - Type 'help' for commands.
chord> Response: {
  "status": "error",
  "message": "[Errno 111] Connection refused"
}
chord> Exiting Chord CLI.
Chord DHT CLI - Type 'help' for commands.
chord> Response: {
  "status": "error",
  "message": "[Errno 111] Connection refused"
}
chord> Exiting Chord CLI.
Chord DHT CLI - Type 'help' for commands.
chord> Response: {
  "status": "error",
  "message": "[Errno 111] Connection refused"
}
chord> Exiting Chord CLI.
Chord DHT CLI - Type 'help' for commands.
chord> Response: {
  "status": "error",
  "message": "[Errno 111] Connection refused"
}
chord> Exiting Chord CLI.
Chord DHT CLI - Type 'help' for commands.
chord> Response: {
  "status": "error",
  "message": "[Errno 111] Connection refused"
}
chord> Exiting Chord CLI.
Chord DHT CLI - Type 'help' for commands.
chord> Response: {
  "status": "error",
  "message": "[Errno 111] Connection refused"
}
chord> Exiting Chord CLI.
Chord DHT CLI - Type 'help' for commands.
chord> Response: {
  "status": "error",
  "message": "[Errno 111] Connection refused"
}
chord> Exiting Chord CLI.
Chord DHT CLI - Type 'help' for commands.
chord> Response: {
  "status": "error",
  "message": "[Errno 111] Connection refused"
}
chord> Exiting Chord CLI.
Chord DHT CLI - Type 'help' for commands.
chord> Response: {
  "status": "error",
  "message": "[Errno 111] Connection refused"
}
chord> Exiting Chord CLI.
Chord DHT CLI - Type 'help' for commands.
chord> Response: {
  "status": "error",
  "message": "[Errno 111] Connection refused"
}
chord> Exiting Chord CLI.
Chord DHT CLI - Type 'help' for commands.
chord> Response: {
  "status": "error",
  "message": "[Errno 111] Connection refused"
}
chord> Exiting Chord CLI.
Chord DHT CLI - Type 'help' for commands.
chord> Response: {
  "status": "error",
  "message": "[Errno 111] Connection refused"
}
chord> Exiting Chord CLI.
Chord DHT CLI - Type 'help' for commands.
chord> Response: {
  "status": "error",
  "message": "[Errno 111] Connection refused"
}
chord> Exiting Chord CLI.
Chord DHT CLI - Type 'help' for commands.
chord> Response: {
  "status": "error",
  "message": "[Errno 111] Connection refused"
}
chord> Exiting Chord CLI.
Chord DHT CLI - Type 'help' for commands.
chord> Response: {
  "status": "error",
  "message": "[Errno 111] Connection refused"
}
chord> Exiting Chord CLI.
Chord DHT CLI - Type 'help' for commands.
chord> Response: {
  "status": "error",
  "message": "[Errno 111] Connection refused"
}
chord> Exiting Chord CLI.
Chord DHT CLI - Type 'help' for commands.
chord> Response: {
  "status": "error",
  "message": "[Errno 111] Connection refused"
}
chord> Exiting Chord CLI.
Chord DHT CLI - Type 'help' for commands.
chord> Response: {
  "status": "error",
  "message": "[Errno 111] Connection refused"
}
chord> Exiting Chord CLI.
Chord DHT CLI - Type 'help' for commands.
chord> Response: {
  "status": "error",
  "message": "[Errno 111] Connection refused"
}
chord> Exiting Chord CLI.
Chord DHT CLI - Type 'help' for commands.
chord> Response: {
  "status": "error",
  "message": "[Errno 111] Connection refused"
}
chord> Exiting Chord CLI.
Chord DHT CLI - Type 'help' for commands.
chord> Response: {
  "status": "error",
  "message": "[Errno 111] Connection refused"
}
chord> Exiting Chord CLI.
Chord DHT CLI - Type 'help' for commands.
chord> Response: {
  "status": "error",
  "message": "[Errno 111] Connection refused"
}
chord> Exiting Chord CLI.
Chord DHT CLI - Type 'help' for commands.
chord> Response: {
  "status": "error",
  "message": "[Errno 111] Connection refused"
}
chord> Exiting Chord CLI.
Chord DHT CLI - Type 'help' for commands.
chord> Response: {
  "status": "error",
  "message": "[Errno 111] Connection refused"
}
chord> Exiting Chord CLI.
Chord DHT CLI - Type 'help' for commands.
chord> Response: {
  "status": "error",
  "message": "[Errno 111] Connection refused"
}
chord> Exiting Chord CLI.
Chord DHT CLI - Type 'help' for commands.
chord> Response: {
  "status": "error",
  "message": "[Errno 111] Connection refused"
}
chord> Exiting Chord CLI.
Chord DHT CLI - Type 'help' for commands.
chord> Response: {
  "status": "error",
  "message": "[Errno 111] Connection refused"
}
chord> Exiting Chord CLI.
Chord DHT CLI - Type 'help' for commands.
chord> Response: {
  "status": "error",
  "message": "[Errno 111] Connection refused"
}
chord> Exiting Chord CLI.
Chord DHT CLI - Type 'help' for commands.
chord> Response: {
  "status": "error",
  "message": "[Errno 111] Connection refused"
}
chord> Exiting Chord CLI.
Chord DHT CLI - Type 'help' for commands.
chord> Response: {
  "status": "error",
  "message": "[Errno 111] Connection refused"
}
chord> Exiting Chord CLI.
Chord DHT CLI - Type 'help' for commands.
chord> Response: {
  "status": "error",
  "message": "[Errno 111] Connection refused"
}
chord> Exiting Chord CLI.
