python3: can't open file '/home/ubuntu/distributed_systems/server/client_with_ports.py': [Errno 2] No such file or directory
python3: can't open file '/home/ubuntu/distributed_systems/server/client_with_ports.py': [Errno 2] No such file or directory
python3: can't open file '/home/ubuntu/distributed_systems/server/client_with_ports.py': [Errno 2] No such file or directory
python3: can't open file '/home/ubuntu/distributed_systems/server/client_with_ports.py': [Errno 2] No such file or directory
python3: can't open file '/home/ubuntu/distributed_systems/server/client_with_ports.py': [Errno 2] No such file or directory
python3: can't open file '/home/ubuntu/distributed_systems/server/client_with_ports.py': [Errno 2] No such file or directory
python3: can't open file '/home/ubuntu/distributed_systems/server/client_with_ports.py': [Errno 2] No such file or directory
python3: can't open file '/home/ubuntu/distributed_systems/server/client_with_ports.py': [Errno 2] No such file or directory
python3: can't open file '/home/ubuntu/distributed_systems/server/client_with_ports.py': [Errno 2] No such file or directory
python3: can't open file '/home/ubuntu/distributed_systems/server/client_with_ports.py': [Errno 2] No such file or directory
python3: can't open file '/home/ubuntu/distributed_systems/server/client_with_ports.py': [Errno 2] No such file or directory
python3: can't open file '/home/ubuntu/distributed_systems/server/client_with_ports.py': [Errno 2] No such file or directory
python3: can't open file '/home/ubuntu/distributed_systems/server/client_with_ports.py': [Errno 2] No such file or directory
python3: can't open file '/home/ubuntu/distributed_systems/server/client_with_ports.py': [Errno 2] No such file or directory
python3: can't open file '/home/ubuntu/distributed_systems/server/client_with_ports.py': [Errno 2] No such file or directory
python3: can't open file '/home/ubuntu/distributed_systems/server/client_with_ports.py': [Errno 2] No such file or directory
python3: can't open file '/home/ubuntu/distributed_systems/server/client_with_ports.py': [Errno 2] No such file or directory
python3: can't open file '/home/ubuntu/distributed_systems/server/client_with_ports.py': [Errno 2] No such file or directory
python3: can't open file '/home/ubuntu/distributed_systems/server/client_with_ports.py': [Errno 2] No such file or directory
python3: can't open file '/home/ubuntu/distributed_systems/server/client_with_ports.py': [Errno 2] No such file or directory
python3: can't open file '/home/ubuntu/distributed_systems/server/client_with_ports.py': [Errno 2] No such file or directory
python3: can't open file '/home/ubuntu/distributed_systems/server/client_with_ports.py': [Errno 2] No such file or directory
python3: can't open file '/home/ubuntu/distributed_systems/server/client_with_ports.py': [Errno 2] No such file or directory
python3: can't open file '/home/ubuntu/distributed_systems/server/client_with_ports.py': [Errno 2] No such file or directory
python3: can't open file '/home/ubuntu/distributed_systems/server/client_with_ports.py': [Errno 2] No such file or directory
python3: can't open file '/home/ubuntu/distributed_systems/server/client_with_ports.py': [Errno 2] No such file or directory
python3: can't open file '/home/ubuntu/distributed_systems/server/client_with_ports.py': [Errno 2] No such file or directory
python3: can't open file '/home/ubuntu/distributed_systems/server/client_with_ports.py': [Errno 2] No such file or directory
python3: can't open file '/home/ubuntu/distributed_systems/server/client_with_ports.py': [Errno 2] No such file or directory
python3: can't open file '/home/ubuntu/distributed_systems/server/client_with_ports.py': [Errno 2] No such file or directory
python3: can't open file '/home/ubuntu/distributed_systems/server/client_with_ports.py': [Errno 2] No such file or directory
python3: can't open file '/home/ubuntu/distributed_systems/server/client_with_ports.py': [Errno 2] No such file or directory
python3: can't open file '/home/ubuntu/distributed_systems/server/client_with_ports.py': [Errno 2] No such file or directory
python3: can't open file '/home/ubuntu/distributed_systems/server/client_with_ports.py': [Errno 2] No such file or directory
python3: can't open file '/home/ubuntu/distributed_systems/server/client_with_ports.py': [Errno 2] No such file or directory
python3: can't open file '/home/ubuntu/distributed_systems/server/client_with_ports.py': [Errno 2] No such file or directory
python3: can't open file '/home/ubuntu/distributed_systems/server/client_with_ports.py': [Errno 2] No such file or directory
python3: can't open file '/home/ubuntu/distributed_systems/server/client_with_ports.py': [Errno 2] No such file or directory
python3: can't open file '/home/ubuntu/distributed_systems/server/client_with_ports.py': [Errno 2] No such file or directory
python3: can't open file '/home/ubuntu/distributed_systems/server/client_with_ports.py': [Errno 2] No such file or directory
python3: can't open file '/home/ubuntu/distributed_systems/server/client_with_ports.py': [Errno 2] No such file or directory
python3: can't open file '/home/ubuntu/distributed_systems/server/client_with_ports.py': [Errno 2] No such file or directory
python3: can't open file '/home/ubuntu/distributed_systems/server/client_with_ports.py': [Errno 2] No such file or directory
python3: can't open file '/home/ubuntu/distributed_systems/server/client_with_ports.py': [Errno 2] No such file or directory
python3: can't open file '/home/ubuntu/distributed_systems/server/client_with_ports.py': [Errno 2] No such file or directory
python3: can't open file '/home/ubuntu/distributed_systems/server/client_with_ports.py': [Errno 2] No such file or directory
python3: can't open file '/home/ubuntu/distributed_systems/server/client_with_ports.py': [Errno 2] No such file or directory
python3: can't open file '/home/ubuntu/distributed_systems/server/client_with_ports.py': [Errno 2] No such file or directory
python3: can't open file '/home/ubuntu/distributed_systems/server/client_with_ports.py': [Errno 2] No such file or directory
Chord DHT CLI - Type 'help' for commands.
chord> Response: {
  "status": "error",
  "message": "[Errno 111] Connection refused"
}
chord> Exiting Chord CLI.
Chord DHT CLI - Type 'help' for commands.
chord> Response: {
  "status": "error",
  "message": "[Errno 111] Connection refused"
}
chord> Exiting Chord CLI.
Chord DHT CLI - Type 'help' for commands.
chord> Response: {
  "status": "error",
  "message": "[Errno 111] Connection refused"
}
chord> Exiting Chord CLI.
Chord DHT CLI - Type 'help' for commands.
chord> Response: {
  "status": "error",
  "message": "[Errno 111] Connection refused"
}
chord> Exiting Chord CLI.
Chord DHT CLI - Type 'help' for commands.
chord> Response: {
  "status": "error",
  "message": "[Errno 111] Connection refused"
}
chord> Exiting Chord CLI.
Chord DHT CLI - Type 'help' for commands.
chord> Response: {
  "status": "error",
  "message": "[Errno 111] Connection refused"
}
chord> Exiting Chord CLI.
Chord DHT CLI - Type 'help' for commands.
chord> Response: {
  "status": "error",
  "message": "[Errno 111] Connection refused"
}
chord> Exiting Chord CLI.
Chord DHT CLI - Type 'help' for commands.
chord> Response: {
  "status": "error",
  "message": "[Errno 111] Connection refused"
}
chord> Exiting Chord CLI.
Chord DHT CLI - Type 'help' for commands.
chord> Response: {
  "status": "error",
  "message": "[Errno 111] Connection refused"
}
chord> Exiting Chord CLI.
Chord DHT CLI - Type 'help' for commands.
chord> Response: {
  "status": "error",
  "message": "[Errno 111] Connection refused"
}
chord> Exiting Chord CLI.
Chord DHT CLI - Type 'help' for commands.
chord> Response: {
  "status": "error",
  "message": "[Errno 111] Connection refused"
}
chord> Exiting Chord CLI.
Chord DHT CLI - Type 'help' for commands.
chord> Response: {
  "status": "error",
  "message": "[Errno 111] Connection refused"
}
chord> Exiting Chord CLI.
Chord DHT CLI - Type 'help' for commands.
chord> Response: {
  "status": "error",
  "message": "[Errno 111] Connection refused"
}
chord> Exiting Chord CLI.
Chord DHT CLI - Type 'help' for commands.
chord> Response: {
  "status": "error",
  "message": "[Errno 111] Connection refused"
}
chord> Exiting Chord CLI.
Chord DHT CLI - Type 'help' for commands.
chord> Response: {
  "status": "error",
  "message": "[Errno 111] Connection refused"
}
chord> Exiting Chord CLI.
Chord DHT CLI - Type 'help' for commands.
chord> Response: {
  "status": "error",
  "message": "[Errno 111] Connection refused"
}
chord> Exiting Chord CLI.
Chord DHT CLI - Type 'help' for commands.
chord> Response: {
  "status": "error",
  "message": "[Errno 111] Connection refused"
}
chord> Exiting Chord CLI.
Chord DHT CLI - Type 'help' for commands.
chord> Response: {
  "status": "error",
  "message": "[Errno 111] Connection refused"
}
chord> Exiting Chord CLI.
Chord DHT CLI - Type 'help' for commands.
chord> Response: {
  "status": "error",
  "message": "[Errno 111] Connection refused"
}
chord> Exiting Chord CLI.
Chord DHT CLI - Type 'help' for commands.
chord> Response: {
  "status": "error",
  "message": "[Errno 111] Connection refused"
}
chord> Exiting Chord CLI.
Chord DHT CLI - Type 'help' for commands.
chord> Response: {
  "status": "error",
  "message": "[Errno 111] Connection refused"
}
chord> Exiting Chord CLI.
Chord DHT CLI - Type 'help' for commands.
chord> Response: {
  "status": "error",
  "message": "[Errno 111] Connection refused"
}
chord> Exiting Chord CLI.
Chord DHT CLI - Type 'help' for commands.
chord> Response: {
  "status": "error",
  "message": "[Errno 111] Connection refused"
}
chord> Exiting Chord CLI.
Chord DHT CLI - Type 'help' for commands.
chord> Response: {
  "status": "error",
  "message": "[Errno 111] Connection refused"
}
chord> Exiting Chord CLI.
Chord DHT CLI - Type 'help' for commands.
chord> Response: {
  "status": "error",
  "message": "[Errno 111] Connection refused"
}
chord> Exiting Chord CLI.
Chord DHT CLI - Type 'help' for commands.
chord> Response: {
  "status": "error",
  "message": "[Errno 111] Connection refused"
}
chord> Exiting Chord CLI.
Chord DHT CLI - Type 'help' for commands.
chord> Response: {
  "status": "error",
  "message": "[Errno 111] Connection refused"
}
chord> Exiting Chord CLI.
Chord DHT CLI - Type 'help' for commands.
chord> Response: {
  "status": "error",
  "message": "[Errno 111] Connection refused"
}
chord> Exiting Chord CLI.
Chord DHT CLI - Type 'help' for commands.
chord> Response: {
  "status": "error",
  "message": "[Errno 111] Connection refused"
}
chord> Exiting Chord CLI.
Chord DHT CLI - Type 'help' for commands.
chord> Response: {
  "status": "error",
  "message": "[Errno 111] Connection refused"
}
chord> Exiting Chord CLI.
Chord DHT CLI - Type 'help' for commands.
chord> Response: {
  "status": "error",
  "message": "[Errno 111] Connection refused"
}
chord> Exiting Chord CLI.
Chord DHT CLI - Type 'help' for commands.
chord> Response: {
  "status": "error",
  "message": "[Errno 111] Connection refused"
}
chord> Exiting Chord CLI.
Chord DHT CLI - Type 'help' for commands.
chord> Response: {
  "status": "error",
  "message": "[Errno 111] Connection refused"
}
chord> Exiting Chord CLI.
Chord DHT CLI - Type 'help' for commands.
chord> Response: {
  "status": "error",
  "message": "[Errno 111] Connection refused"
}
chord> Exiting Chord CLI.
Chord DHT CLI - Type 'help' for commands.
chord> Response: {
  "status": "error",
  "message": "[Errno 111] Connection refused"
}
chord> Exiting Chord CLI.
Chord DHT CLI - Type 'help' for commands.
chord> Response: {
  "status": "error",
  "message": "[Errno 111] Connection refused"
}
chord> Exiting Chord CLI.
Chord DHT CLI - Type 'help' for commands.
chord> Response: {
  "status": "error",
  "message": "[Errno 111] Connection refused"
}
chord> Exiting Chord CLI.
Chord DHT CLI - Type 'help' for commands.
chord> Response: {
  "status": "error",
  "message": "[Errno 111] Connection refused"
}
chord> Exiting Chord CLI.
Chord DHT CLI - Type 'help' for commands.
chord> Response: {
  "status": "error",
  "message": "[Errno 111] Connection refused"
}
chord> Exiting Chord CLI.
Chord DHT CLI - Type 'help' for commands.
chord> Response: {
  "status": "error",
  "message": "[Errno 111] Connection refused"
}
chord> Exiting Chord CLI.
Chord DHT CLI - Type 'help' for commands.
chord> Response: {
  "status": "error",
  "message": "[Errno 111] Connection refused"
}
chord> Exiting Chord CLI.
Chord DHT CLI - Type 'help' for commands.
chord> Response: {
  "status": "error",
  "message": "[Errno 111] Connection refused"
}
chord> Exiting Chord CLI.
Chord DHT CLI - Type 'help' for commands.
chord> Response: {
  "status": "error",
  "message": "[Errno 111] Connection refused"
}
chord> Exiting Chord CLI.
Chord DHT CLI - Type 'help' for commands.
chord> Response: {
  "status": "error",
  "message": "[Errno 111] Connection refused"
}
chord> Exiting Chord CLI.
Chord DHT CLI - Type 'help' for commands.
chord> Response: {
  "status": "error",
  "message": "[Errno 111] Connection refused"
}
chord> Exiting Chord CLI.
Chord DHT CLI - Type 'help' for commands.
chord> Response: {
  "status": "error",
  "message": "[Errno 111] Connection refused"
}
chord> Exiting Chord CLI.
Chord DHT CLI - Type 'help' for commands.
chord> Response: {
  "status": "error",
  "message": "[Errno 111] Connection refused"
}
chord> Exiting Chord CLI.
Chord DHT CLI - Type 'help' for commands.
chord> Response: {
  "status": "error",
  "message": "[Errno 111] Connection refused"
}
chord> Exiting Chord CLI.
Chord DHT CLI - Type 'help' for commands.
chord> Response: {
  "status": "error",
  "message": "[Errno 111] Connection refused"
}
chord> Exiting Chord CLI.
